<?xml version="1.0" encoding="UTF-8"?>
<!-- Generated by org.testng.reporters.JUnitReportReporter -->
<testsuite hostname="DSK-4052" failures="0" tests="6" name="orders.Orders_Asset_Funding_Required_Flow_FL_BCH_with_funder_with_maintenance_Test" time="149.216" errors="0" timestamp="2023-10-09T13:40:08 IST" skipped="0">
  <testcase classname="orders.Orders_Asset_Funding_Required_Flow_FL_BCH_with_funder_with_maintenance_Test" name="open_order_created_in_acquisition_test" time="72.183"/>
  <system-out>
    <![CDATA[<b>Searching for Order ID PE-93648</b> <br />]]>
  </system-out>
  <testcase classname="orders.Orders_Asset_Funding_Required_Flow_FL_BCH_with_funder_with_maintenance_Test" name="verify_default_status_required_flow_test" time="9.513"/>
  <system-out>
    <![CDATA[<b></b> <br />
<b>Started verifying Default Status for BCH required flow</b> <br />
<b>Default Status for BCH required flow Found OK i.e Quote Accepted because Funder is already added from acquisition quote</b> <br />]]>
  </system-out>
  <testcase classname="orders.Orders_Asset_Funding_Required_Flow_FL_BCH_with_funder_with_maintenance_Test" name="verify_default_funder_is_not_deleted_test" time="1.154"/>
  <system-out>
    <![CDATA[<b></b> <br />
<b>Trying to delete funder</b> <br />
<b>Default funder can not be deleted as Delete button for selected funder is not enabled</b> <br />]]>
  </system-out>
  <testcase classname="orders.Orders_Asset_Funding_Required_Flow_FL_BCH_with_funder_with_maintenance_Test" name="verify_selected_funder_can_not_be_edited_test" time="0.230"/>
  <system-out>
    <![CDATA[<b></b> <br />
<b>Trying to edit the selected funder</b> <br />
<b>Double Clicked on selected funder and we got warning message : A selected funder cannot be edited. Please remove funder selection before editing</b> <br />
<b>Selected funder can not be edited</b> <br />]]>
  </system-out>
  <testcase classname="orders.Orders_Asset_Funding_Required_Flow_FL_BCH_with_funder_with_maintenance_Test" name="verify_document_is_uploaded_in_funder_test" time="16.772"/>
  <system-out>
    <![CDATA[<b></b> <br />
<b>Trying to upload doc in funder</b> <br />
<b>Document in funder uploaded successfuly</b> <br />]]>
  </system-out>
  <testcase classname="orders.Orders_Asset_Funding_Required_Flow_FL_BCH_with_funder_with_maintenance_Test" name="verify_funders_are_deleted_on_changing_contract_type_test" time="49.364"/>
  <system-out>
    <![CDATA[<b></b> <br />
<b>Changing Contract type in Contract type tab</b> <br />
<b>Clicking on Broker</b> <br />
<b>Contract Type Changed Successfuly</b> <br />
<b>Changed Contract Type is : Broker</b> <br />
<b>Now Moving back to Asset Funding tab to check all funders are deleted or not</b> <br />]]>
  </system-out>
</testsuite> <!-- orders.Orders_Asset_Funding_Required_Flow_FL_BCH_with_funder_with_maintenance_Test -->
