<?xml version="1.0" encoding="UTF-8"?>
<!-- Generated by org.testng.reporters.JUnitReportReporter -->
<testsuite hostname="DSK-4052" failures="0" tests="19" name="opportunity.LOU_used_car_ownbook_business_purchase_funder_accept_with_changes_Test" time="1056.656" errors="0" timestamp="2024-01-19T13:42:11 IST" skipped="0">
  <testcase classname="opportunity.LOU_used_car_ownbook_business_purchase_funder_accept_with_changes_Test" name="L1_create_lead_convert_to_lead_for_ownbook_business_flow" time="229.439"/>
  <system-out>
    <![CDATA[<b>Clicked on Leads on Side Menu</b> <br />
<b>Clicked on add lead</b> <br />
<b>Lead is assigned</b> <br />
<b>Added data in General Notes</b> <br />
<b>Customer type - Business selected</b> <br />
<b>Clicked on Add new vehicle request</b> <br />
<b>Clicked on ownbook channel</b> <br />
<b>Vehicle request for broker has been saved</b> <br />
<b>Click on Map New Quote icon</b> <br />
<b>Click on acquisition contract type icon</b> <br />
<b>Click on customer contract type icon</b> <br />
<b>Click on search button</b> <br />
<b>Click on created date button 1st </b> <br />
<b>Click on created date button 2nd</b> <br />
<b>New Quote has been mapped with lead</b> <br />
<b>click ok button on Map  new quote </b> <br />
<b></b> <br />
<b>Started Verifying Table values</b> <br />
<b></b> <br />
<b>XFJ94833 = XFJ94833</b> <br />
<b>Quote no. compared and found ok</b> <br />
<b></b> <br />
<b>MERCEDES-BENZ A CLASS AMG HATCHBACK (2019 - Current) A35 4Matic Premium 5dr Auto = MERCEDES-BENZ A CLASS AMG HATCHBACK (2019 - Current) A35 4Matic Premium 5dr Auto</b> <br />
<b>Vehicle name compared and found ok</b> <br />
<b></b> <br />
<b>Hire Purchase Non-Regulated = Hire Purchase Non-Regulated</b> <br />
<b>Contract type compared and found ok</b> <br />
<b></b> <br />
<b>613.48 = 613.48</b> <br />
<b>Monthly finance rental compared and found ok</b> <br />
<b></b> <br />
<b>5000.0 = 5000.0</b> <br />
<b>Mileage compared and found ok</b> <br />
<b></b> <br />
<b>33.0 = 33.0</b> <br />
<b>Terms compared and found ok</b> <br />
<b></b> <br />
<b>05/12/2026 != 05/12/26</b> <br />
<b>Expiry date compared but found not ok</b> <br />
<b>Click on Lead save and Convert button</b> <br />
<b></b> <br />
<b>Started Verifying Table values</b> <br />
<b></b> <br />
<b>XFJ94833 = XFJ94833</b> <br />
<b>Quote no. compared and found ok</b> <br />
<b></b> <br />
<b>MERCEDES-BENZ A CLASS AMG HATCHBACK (2019 - Current) A35 4Matic Premium 5dr Auto = MERCEDES-BENZ A CLASS AMG HATCHBACK (2019 - Current) A35 4Matic Premium 5dr Auto</b> <br />
<b>Vehicle name compared and found ok</b> <br />
<b></b> <br />
<b>Hire Purchase Non-Regulated = Hire Purchase Non-Regulated</b> <br />
<b>Contract type compared and found ok</b> <br />
<b></b> <br />
<b>613.48 = 613.48</b> <br />
<b>Monthly finance rental compared and found ok</b> <br />
<b></b> <br />
<b>5000.0 = 5000.0</b> <br />
<b>Mileage compared and found ok</b> <br />
<b></b> <br />
<b>33.0 = 33.0</b> <br />
<b>Terms compared and found ok</b> <br />
<b></b> <br />
<b>05/12/2026 != 05/12/26</b> <br />
<b>Expiry date compared but found not ok</b> <br />
<b></b> <br />
<b>In Lead created Opportunity Id is =NZ-7835</b> <br />
<b></b> <br />]]>
  </system-out>
  <testcase classname="opportunity.LOU_used_car_ownbook_business_purchase_funder_accept_with_changes_Test" name="L2_ownbook_business_current_status_before_sending_to_proposal" time="43.687"/>
  <system-out>
    <![CDATA[<b>Clicked on Opportunity link from Menu </b> <br />
<b>listing_proposal_status is = Proposal Required</b> <br />
<b>Enter the Opportunity id in Search Text box</b> <br />
<b>Current Status of Opportunity Status value is = Open</b> <br />
<b>Current Status of Proposal value is = Proposal Required</b> <br />
<b>Current Status of Channel value is =  Draft</b> <br />
<b>Current Status of  Quote ref is = Draft</b> <br />
<b>Status Verified : Before sending the proposal</b> <br />]]>
  </system-out>
  <testcase classname="opportunity.LOU_used_car_ownbook_business_purchase_funder_accept_with_changes_Test" name="L3_verify_table_values_on_opportunity_page_before_sending_proposal" time="4.094"/>
  <system-out>
    <![CDATA[<b></b> <br />
<b>Started Verifying Table values</b> <br />
<b></b> <br />
<b>XFJ94833 = XFJ94833</b> <br />
<b>Quote no. compared and found ok</b> <br />
<b></b> <br />
<b>MERCEDES-BENZ A CLASS AMG HATCHBACK (2019 - Current) A35 4Matic Premium 5dr Auto = MERCEDES-BENZ A CLASS AMG HATCHBACK (2019 - Current) A35 4Matic Premium 5dr Auto</b> <br />
<b>Vehicle name compared and found ok</b> <br />
<b></b> <br />
<b>Hire Purchase Non-Regulated = Hire Purchase Non-Regulated</b> <br />
<b>Contract type compared and found ok</b> <br />
<b></b> <br />
<b>613.48 = 613.48</b> <br />
<b>Monthly finance rental compared and found ok</b> <br />
<b></b> <br />
<b>5000.0 = 5000.0</b> <br />
<b>Mileage compared and found ok</b> <br />
<b></b> <br />
<b>33.0 = 33.0</b> <br />
<b>Terms compared and found ok</b> <br />
<b></b> <br />
<b>05/12/2026 != 05/12/26</b> <br />
<b>Expiry date compared but found not ok</b> <br />
<b></b> <br />
<b>Table values verified Successfully</b> <br />]]>
  </system-out>
  <testcase classname="opportunity.LOU_used_car_ownbook_business_purchase_funder_accept_with_changes_Test" name="L4_fill_up_the_required_fields_for_sending_a_proposal" time="108.132"/>
  <system-out>
    <![CDATA[<b>click on Proposal icon</b> <br />
<b>click on Proposal icon</b> <br />
<b>Proposal page will display </b> <br />
<b>Send proposal to customer pop up  will open</b> <br />
<b>Click on Manual fill radio button - Yes</b> <br />
<b>Click on manually submit behalf of customer link</b> <br />]]>
  </system-out>
  <testcase classname="opportunity.LOU_used_car_ownbook_business_purchase_funder_accept_with_changes_Test" name="L5_ownbook_create_opportunity_business_currentstatus_after_sending_to_proposal" time="0.191"/>
  <system-out>
    <![CDATA[<b>Current Status of Opportunity Status value is = Open</b> <br />
<b>Current Status of Proposal value is = Proposal Received</b> <br />
<b>Current Status of Channel value is =  Draft</b> <br />
<b>Current Status of  Quote ref is = Draft</b> <br />
<b>Status Verified : After sending the proposal</b> <br />]]>
  </system-out>
  <testcase classname="opportunity.LOU_used_car_ownbook_business_purchase_funder_accept_with_changes_Test" name="L6_ownbook_sending_contract" time="41.065"/>
  <system-out>
    <![CDATA[<b>click on Send_Contract icon</b> <br />
<b>Contract Sent Successfully</b> <br />]]>
  </system-out>
  <testcase classname="opportunity.LOU_used_car_ownbook_business_purchase_funder_accept_with_changes_Test" name="L7_verify_current_status_on_opportunity_page_after_sending_contract_for_ownbook_business_flow" time="7.203"/>
  <system-out>
    <![CDATA[<b>Current Status of Proposal value is = Proposal Received</b> <br />
<b>Current Status of Channel value is =  Sent to customer</b> <br />
<b>Current Status of  Quote ref is = Sent to customer</b> <br />
<b>Status Verified : Sent to customer</b> <br />]]>
  </system-out>
  <testcase classname="opportunity.LOU_used_car_ownbook_business_purchase_funder_accept_with_changes_Test" name="L8_ownbook_signed_contract_status_with_api_call" time="40.849"/>
  <system-out>
    <![CDATA[<b>Status code 200 received </b> <br />
<b>Enter the Opportunity id in Search Text box</b> <br />]]>
  </system-out>
  <testcase classname="opportunity.LOU_used_car_ownbook_business_purchase_funder_accept_with_changes_Test" name="L9_ownbook_status_after_contract_signed" time="11.139"/>
  <system-out>
    <![CDATA[<b>Current Status of Proposal value is = Proposal Received</b> <br />
<b>Current Status of Channel value is =  Contract signed</b> <br />
<b>Current Status of  Quote ref is = Contract signed</b> <br />
<b>Status Verified : Contract Signed </b> <br />]]>
  </system-out>
  <testcase classname="opportunity.LOU_used_car_ownbook_business_purchase_funder_accept_with_changes_Test" name="UW1_verify_underwriting_flow_ownbook_with_status" time="121.613"/>
  <system-out>
    <![CDATA[<b> Underwriting icon is available </b> <br />
<b>Underwriting pop up -quote ref no => Quote reference no.:
XFJ94833</b> <br />
<b>Underwriting Popup Proposal Id is =THX0450</b> <br />
<b></b> <br />
<b>Started Verifying Summary values</b> <br />
<b></b> <br />
<b>Quote reference no.:
XFJ94833 != XFJ94833</b> <br />
<b>Quote no. compared but found not ok</b> <br />
<b></b> <br />
<b>MERCEDES-BENZ A CLASS AMG HATCHBACK (2019 - Current) A35 4Matic Premium 5dr Auto = MERCEDES-BENZ A CLASS AMG HATCHBACK (2019 - Current) A35 4Matic Premium 5dr Auto</b> <br />
<b>Vehicle name compared and found ok</b> <br />
<b></b> <br />
<b>Hire Purchase Non-Regulated = Hire Purchase Non-Regulated</b> <br />
<b>Contract type compared and found ok</b> <br />
<b></b> <br />
<b>33.0 = 33.0</b> <br />
<b>Terms compared and found ok</b> <br />
<b></b> <br />
<b>5000.0 = 5000.0</b> <br />
<b>Mileage compared and found ok</b> <br />
<b></b> <br />
<b>20208.33 = 20208.33</b> <br />
<b>Basic Cash Price found OK</b> <br />
<b></b> <br />
<b>4041.67 = 4041.666</b> <br />
<b>VAT found OK</b> <br />
<b></b> <br />
<b>0.0 = 0.0</b> <br />
<b>Non VAT Items Value found OK</b> <br />
<b></b> <br />
<b>24250.0 = 24249.996000000003</b> <br />
<b>Total Cash Price found OK</b> <br />
<b></b> <br />
<b>0.0 = 0.0</b> <br />
<b>Order Deposit found OK</b> <br />
<b></b> <br />
<b>0.0 = 0.0</b> <br />
<b>Finance Deposit found OK</b> <br />
<b></b> <br />
<b>0.0 = 0.0</b> <br />
<b>Total Deposit found OK</b> <br />
<b></b> <br />
<b>24250.0 = 24249.996000000003</b> <br />
<b>Balance to Finance found OK</b> <br />
<b></b> <br />
<b>1381.36 = 1381.403666774302</b> <br />
<b>Finance Charges - found OK</b> <br />
<b></b> <br />
<b>199.99 = 199.99</b> <br />
<b>Document Fee - found OK</b> <br />
<b></b> <br />
<b>25881.35 = 25881.387666774306</b> <br />
<b>Balance Payable - found OK</b> <br />
<b></b> <br />
<b>10.0 = 10.0</b> <br />
<b>Option To Purchase Fee - found OK</b> <br />
<b></b> <br />
<b>239.99 = 239.988</b> <br />
<b>Initial Cash Payment - found OK</b> <br />
<b></b> <br />
<b>32.0 = 32.0</b> <br />
<b>Followed By months - found OK</b> <br />
<b></b> <br />
<b>613.48 = 613.4812395866969</b> <br />
<b>Monthly Finance Payment - found OK</b> <br />
<b></b> <br />
<b>6000.0 = 6000.0</b> <br />
<b>Balloon Value - found OK</b> <br />
<b></b> <br />
<b>6010.0 = 6010.0</b> <br />
<b>Final Payment - found OK</b> <br />
<b></b> <br />
<b>1833.33 = 1833.3300000000027</b> <br />
<b>Vehicle Commission - found OK</b> <br />
<b></b> <br />
<b>189.45 = 189.45309375</b> <br />
<b>Default Finance Commission - found OK</b> <br />
<b></b> <br />
<b>99.99 = 99.99000000000001</b> <br />
<b>Document Fee Commission - found OK</b> <br />
<b></b> <br />
<b>2122.77 = 2122.7730937500028</b> <br />
<b>Total Commission - found OK</b> <br />
<b></b> <br />
<b>One or More than One values on underwriting pop up may be wrong , please check all above values printed on console</b> <br />
<b></b> <br />
<b>click on underwriting_send_for_underwriting  button </b> <br />
<b>Values on Underwriting pop up are verified succcessfully and opportunity sent for underwriting</b> <br />]]>
  </system-out>
  <testcase classname="opportunity.LOU_used_car_ownbook_business_purchase_funder_accept_with_changes_Test" name="UW2_verify_status_after_sending_to_underwriting" time="4.127"/>
  <system-out>
    <![CDATA[<b>Current Status of Proposal value is = Proposal Received</b> <br />
<b>Current Status of Channel value is =  Awaiting underwriting</b> <br />
<b>Current Status of  Quote ref is = Awaiting underwriting</b> <br />
<b>Status Verified : Awaiting Underwriting </b> <br />]]>
  </system-out>
  <testcase classname="opportunity.LOU_used_car_ownbook_business_purchase_funder_accept_with_changes_Test" name="UW3_verify_underwriting_lisitig_page" time="19.208"/>
  <system-out>
    <![CDATA[<b>Click on Underwriting menu_link </b> <br />
<b>Click on Underwriting - ownbook tab </b> <br />
<b>Click on Search text box - broker tab</b> <br />
<b>Getting the  proposal id from excel sheet =THX0450</b> <br />
<b>Enter the proposal in search text box =THX0450</b> <br />]]>
  </system-out>
  <testcase classname="opportunity.LOU_used_car_ownbook_business_purchase_funder_accept_with_changes_Test" name="UW4_verify_ownbook_underwriting_proposal_page_flow" time="137.552"/>
  <system-out>
    <![CDATA[<b>Click on Underwriting detail page for proposal</b> <br />
<b>Clicked on Underwriting quote page</b> <br />
<b></b> <br />
<b>22050.0 = 22050.0</b> <br />
<b>Cost Otr Price compared and found ok</b> <br />
<b></b> <br />
<b>18375.0 = 18375.0</b> <br />
<b>Cost Otr Price compared and found ok</b> <br />
<b></b> <br />
<b>3675.0 = 3675.0</b> <br />
<b>Otr Vat compared and found ok</b> <br />
<b></b> <br />
<b>XFJ94833 = XFJ94833</b> <br />
<b>Quote no. compared and found ok</b> <br />
<b></b> <br />
<b>MERCEDES-BENZ A CLASS AMG HATCHBACK (2019 - Current) A35 4Matic Premium 5dr Auto = MERCEDES-BENZ A CLASS AMG HATCHBACK (2019 - Current) A35 4Matic Premium 5dr Auto</b> <br />
<b>Vehicle name compared and found ok</b> <br />
<b></b> <br />
<b>Hire Purchase Non-Regulated = Hire Purchase Non-Regulated</b> <br />
<b>Contract type compared and found ok</b> <br />
<b></b> <br />
<b>33.0 = 33.0</b> <br />
<b>Terms compared and found ok</b> <br />
<b></b> <br />
<b>5000.0 = 5000.0</b> <br />
<b>Mileage compared and found ok</b> <br />
<b></b> <br />
<b>20208.33 = 20208.33</b> <br />
<b>Basic Cash Price found OK</b> <br />
<b></b> <br />
<b>4041.67 = 4041.666</b> <br />
<b>VAT found OK</b> <br />
<b></b> <br />
<b>0.0 = 0.0</b> <br />
<b>Non VAT Items Value found OK</b> <br />
<b></b> <br />
<b>24250.0 = 24249.996000000003</b> <br />
<b>Total Cash Price found OK</b> <br />
<b></b> <br />
<b>0.0 = 0.0</b> <br />
<b>Order Deposit found OK</b> <br />
<b></b> <br />
<b>0.0 = 0.0</b> <br />
<b>Finance Deposit found OK</b> <br />
<b></b> <br />
<b>0.0 = 0.0</b> <br />
<b>Total Deposit found OK</b> <br />
<b></b> <br />
<b>24250.0 = 24249.996000000003</b> <br />
<b>Balance to Finance found OK</b> <br />
<b></b> <br />
<b>1381.36 = 1381.403666774302</b> <br />
<b>Finance Charges - found OK</b> <br />
<b></b> <br />
<b>199.99 = 199.99</b> <br />
<b>Document Fee - found OK</b> <br />
<b></b> <br />
<b>25881.35 = 25881.387666774306</b> <br />
<b>Balance Payable - found OK</b> <br />
<b></b> <br />
<b>10.0 = 10.0</b> <br />
<b>Option To Purchase Fee - found OK</b> <br />
<b></b> <br />
<b>239.99 = 239.988</b> <br />
<b>Initial Cash Payment - found OK</b> <br />
<b></b> <br />
<b>32.0 = 32.0</b> <br />
<b>Followed By months - found OK</b> <br />
<b></b> <br />
<b>613.48 = 613.4812395866969</b> <br />
<b>Monthly Finance Payment - found OK</b> <br />
<b></b> <br />
<b>6000.0 = 6000.0</b> <br />
<b>Balloon Value - found OK</b> <br />
<b></b> <br />
<b>6010.0 = 6010.0</b> <br />
<b>Final Payment - found OK</b> <br />
<b></b> <br />
<b>1833.33 = 1833.3300000000027</b> <br />
<b>Vehicle Commission - found OK</b> <br />
<b></b> <br />
<b>189.45 = 189.45309375</b> <br />
<b>Default Finance Commission - found OK</b> <br />
<b></b> <br />
<b>99.99 = 99.99000000000001</b> <br />
<b>Document Fee Commission - found OK</b> <br />
<b></b> <br />
<b>2122.77 = 2122.7730937500028</b> <br />
<b>Total Commission - found OK</b> <br />
<b></b> <br />
<b>7.0 = 7.0</b> <br />
<b>Base Interest Rate found OK</b> <br />
<b></b> <br />
<b>1947.6 = 1947.6396667743065</b> <br />
<b>Finance Margin found OK</b> <br />
<b></b> <br />
<b>227.34 = 227.3437125</b> <br />
<b>Deductions found OK</b> <br />
<b></b> <br />
<b>99.99 = 99.99000000000001</b> <br />
<b>Additional Margin found OK</b> <br />
<b></b> <br />
<b>1820.25 = 1820.2859542743065</b> <br />
<b>Total Margin found OK</b> <br />
<b></b> <br />
<b>0.94 = 0.9375000000000001</b> <br />
<b>Default Broker Margin percentage found OK</b> <br />
<b></b> <br />
<b>12.0 = 12.000000000000002</b> <br />
<b>Customer Interest Rate found OK</b> <br />
<b></b> <br />
<b>99.99 = 99.99000000000001</b> <br />
<b>Document Fee Margin found OK</b> <br />
<b></b> <br />
<b>227.34 = 227.3437125</b> <br />
<b>Default Broker Margin found OK</b> <br />
<b></b> <br />
<b>[32mAll values on underwriting quote tab verified successfully[0m</b> <br />
<b></b> <br />
<b>Click on decision tab page</b> <br />]]>
  </system-out>
  <testcase classname="opportunity.LOU_used_car_ownbook_business_purchase_funder_accept_with_changes_Test" name="UW5_verify_ownbook_underwriting_proposal_decision_with_accept" time="52.682"/>
  <system-out>
    <![CDATA[<b>Click on decision Accept button</b> <br />
<b>Entering values to input field</b> <br />
<b>Current Status of accept value is = Conditional acceptance</b> <br />]]>
  </system-out>
  <testcase classname="opportunity.LOU_used_car_ownbook_business_purchase_funder_accept_with_changes_Test" name="UW6_verify_ownbook_opportunity_search_text_box_accept_with_changes" time="24.181"/>
  <system-out>
    <![CDATA[<b>Clicked on Opportunity link from Menu </b> <br />
<b>Click on Search text box on Opportunity page</b> <br />
<b>Enter the opportunity ID in search text box =NZ-7835</b> <br />]]>
  </system-out>
  <testcase classname="opportunity.LOU_used_car_ownbook_business_purchase_funder_accept_with_changes_Test" name="UW7_verify_ownbook_opportunity_accept_with_changes_underwriting_pop_up" time="76.063"/>
  <system-out>
    <![CDATA[<b> Underwriting icon is available </b> <br />
<b>click on underwriting_send_for_underwriting  button </b> <br />]]>
  </system-out>
  <testcase classname="opportunity.LOU_used_car_ownbook_business_purchase_funder_accept_with_changes_Test" name="UW8_verify_ownbook_opportunity_underwriting_accept_with_changes_cancel_flow_verification" time="23.025"/>
  <system-out>
    <![CDATA[<b>Click on Search text box on Opportunity page</b> <br />
<b>Enter the opportunity ID in search text box =NZ-7835</b> <br />
<b>Current Status of Proposal value is = Proposal Received</b> <br />
<b>Current Status of Channel value is =  Sent to customer</b> <br />
<b>Current Status of  Quote ref is = Cancelled</b> <br />
<b>Current Status of  Quote ref is = Sent to customer</b> <br />
<b>Status Verified : Sent to customer</b> <br />]]>
  </system-out>
  <testcase classname="opportunity.LOU_used_car_ownbook_business_purchase_funder_accept_with_changes_Test" name="UW9_ownbook_after_opportunity_underwriting_accept_with_changes_signed_contract_status_with_api_call" time="106.656"/>
  <system-out>
    <![CDATA[<b>Status code 200 received </b> <br />
<b>Enter the Opportunity id in Search Text box</b> <br />]]>
  </system-out>
  <testcase classname="opportunity.LOU_used_car_ownbook_business_purchase_funder_accept_with_changes_Test" name="OP1_ownbook_after_Underwriting_accepted_mothlty_payment_price" time="5.750"/>
  <system-out>
    <![CDATA[<b>Cancelled Quote ref in Opportunity is = null</b> <br />
<b>Cancelled Monthly Payment value is = £ 613.48</b> <br />
<b>New Quote ref in Opportunity ZLR25687</b> <br />
<b>New Quote Monthly Payment is  = £ 1,850.98</b> <br />
<b>[32mMonthly Payment verified (found ok) after accepting new quote, Actual value is 1850.98 and Expected value is 1850.981239586697[0m</b> <br />]]>
  </system-out>
</testsuite> <!-- opportunity.LOU_used_car_ownbook_business_purchase_funder_accept_with_changes_Test -->
