<?xml version="1.0" encoding="UTF-8"?>
<!-- Generated by org.testng.reporters.JUnitReportReporter -->
<testsuite hostname="DSK-4052" failures="0" tests="26" name="orders.Orders_Verify_ownbook_business_purchase_With_Customer_Flow_Test" time="850.402" errors="0" timestamp="2024-01-01T12:39:05 IST" skipped="0">
  <testcase classname="orders.Orders_Verify_ownbook_business_purchase_With_Customer_Flow_Test" name="T1_open_order_created_in_acquisition_test" time="80.695"/>
  <system-out>
    <![CDATA[<b></b> <br />
<b>Searching for Order ID OB-83433</b> <br />]]>
  </system-out>
  <testcase classname="orders.Orders_Verify_ownbook_business_purchase_With_Customer_Flow_Test" name="T2_pre_order_pass_check_in_customer_contract_tab_test" time="27.958"/>
  <system-out>
    <![CDATA[<b></b> <br />
<b>Checking pre-order checks</b> <br />]]>
  </system-out>
  <testcase classname="orders.Orders_Verify_ownbook_business_purchase_With_Customer_Flow_Test" name="T3_verify_that_editing_the_basic_cash_price_does_not_affect_the_monthly_payment_on_customer_contract_tab_test" time="35.970"/>
  <system-out>
    <![CDATA[<b>Started verifying monthly payment does not change after editing the basic cash price</b> <br />
<b>Monthly payment Before Editing the Cash Price is 1477.99</b> <br />
<b>Vehicle's Basic Cash Price Changed to 60,000</b> <br />
<b>Now Getting the Monthly payment from customer contract tab</b> <br />
<b>Monthly payment After Editing the Cash Price is 1477.74</b> <br />
<b>Verified that monthly payment does not change after editing the basic cash price</b> <br />]]>
  </system-out>
  <testcase classname="orders.Orders_Verify_ownbook_business_purchase_With_Customer_Flow_Test" name="T4_verify_that_funder_with_different_term_and_mileage_can_not_be_added_for_with_customer_flow_test" time="25.326"/>
  <system-out>
    <![CDATA[<b></b> <br />
<b>Writing Holding Cost Summary values to excel has been completed</b> <br />
<b>Actual and Expected Message matches, hence test passed</b> <br />]]>
  </system-out>
  <testcase classname="orders.Orders_Verify_ownbook_business_purchase_With_Customer_Flow_Test" name="T5_verify_that_monthly_payment_does_not_changes_if_a_added_funder_is_selected_in_the_asset_funding_tab_for_with_customer_flow_test" time="54.464"/>
  <system-out>
    <![CDATA[<b></b> <br />
<b>Monthly payment Before selecting a funder1477.74</b> <br />
<b>Writing Holding Cost Summary values to excel has been completed</b> <br />
<b>Monthly payment After selecting a funder 1477.74</b> <br />
<b>Verified that monthly payment does not change after selecting a funder</b> <br />]]>
  </system-out>
  <testcase classname="orders.Orders_Verify_ownbook_business_purchase_With_Customer_Flow_Test" name="T6_verify_holding_cost_on_adding_funder" time="5.969"/>
  <system-out>
    <![CDATA[<b></b> <br />
<b>Total monthly holding cost from screen =528.94</b> <br />
<b>Total monthly holding cost from excel =528.9444444444445</b> <br />]]>
  </system-out>
  <testcase classname="orders.Orders_Verify_ownbook_business_purchase_With_Customer_Flow_Test" name="T7_verify_default_order_status_vehicle_tab_test" time="6.305"/>
  <system-out>
    <![CDATA[<b>Order -- Default Status - Found OK i.e Order Pending </b> <br />]]>
  </system-out>
  <testcase classname="orders.Orders_Verify_ownbook_business_purchase_With_Customer_Flow_Test" name="T8_verify_order_status_after_uploading_order_form_in_vehicle_tab_test" time="71.866"/>
  <system-out>
    <![CDATA[<b>File is Uploaded Successfully</b> <br />
<b>Order Status after uploading order form - Found OK i.e Order Confirmed </b> <br />]]>
  </system-out>
  <testcase classname="orders.Orders_Verify_ownbook_business_purchase_With_Customer_Flow_Test" name="T9_verify_default_payment_status_on_vehicle_tab_test" time="6.848"/>
  <system-out>
    <![CDATA[<b></b> <br />
<b>Clicking on PAYMENTS TO DEALER</b> <br />
<b>Payments to dealer -- Default Status - Found OK i.e Payment Required</b> <br />]]>
  </system-out>
  <testcase classname="orders.Orders_Verify_ownbook_business_purchase_With_Customer_Flow_Test" name="T10_verify_payment_status_after_selecting_payment_sent_date_on_vehicle_tab_test" time="35.430"/>
  <system-out/>
  <testcase classname="orders.Orders_Verify_ownbook_business_purchase_With_Customer_Flow_Test" name="T11_verify_payment_status_should_be_reversed_to_payment_required_after_selecting_payment_by_AMT_on_vehicle_tab_test" time="11.222"/>
  <system-out>
    <![CDATA[<b></b> <br />
<b>Click on a payments by dropdown and Select option AMT</b> <br />
<b></b> <br />
<b>Clicking on PAYMENTS TO DEALER</b> <br />
<b>Payments to dealer -- Default Status - Found OK i.e Payment Required</b> <br />]]>
  </system-out>
  <testcase classname="orders.Orders_Verify_ownbook_business_purchase_With_Customer_Flow_Test" name="T12_verify_payment_status_after_selecting_payment_sent_date_for_amount_due_on_vehicle_tab_test" time="80.908"/>
  <system-out>
    <![CDATA[<b>Payments to Supplier Status after selecting payment sent date - Found OK i.e Payment Sent</b> <br />]]>
  </system-out>
  <testcase classname="orders.Orders_Verify_ownbook_business_purchase_With_Customer_Flow_Test" name="T13_verify_default_status_acceptance_conditions_for_ownbook_purchase_flow" time="12.323"/>
  <system-out>
    <![CDATA[<b></b> <br />
<b>Opening Customer Contract Tab</b> <br />
<b>Started verifying acceptance conditions default status</b> <br />
<b>Default status for acceptance condition for ownbook - Found OK i.e Not Required</b> <br />]]>
  </system-out>
  <testcase classname="orders.Orders_Verify_ownbook_business_purchase_With_Customer_Flow_Test" name="T14_verify_summary_section_values" time="67.373"/>
  <system-out>
    <![CDATA[<b>Started Verifying Quote Summary and Configuration Values</b> <br />
<b></b> <br />
<b>XEE93124 != AIV10088</b> <br />
<b>Quote no. compared but found not ok</b> <br />
<b></b> <br />
<b>AUDI A7 DIESEL SPORTBACK (2018 - Current) 40 TDI Quattro Black Edition 5dr S Tronic = AUDI A7 DIESEL SPORTBACK (2018 - Current) 40 TDI Quattro Black Edition 5dr S Tronic</b> <br />
<b>Vehicle name compared and found ok</b> <br />
<b></b> <br />
<b>Hire Purchase Non-Regulated = Hire Purchase Non-Regulated</b> <br />
<b>Contract type compared and found ok</b> <br />
<b></b> <br />
<b>36.0 = 36.0</b> <br />
<b>Terms compared and found ok</b> <br />
<b></b> <br />
<b>10000.0 = 10000.0</b> <br />
<b>Mileage compared and found ok</b> <br />
<b></b> <br />
<b>48237.5 != 57993.33</b> <br />
<b>Basic Cash Price found wrong</b> <br />
<b></b> <br />
<b>9647.5 != 11598.666</b> <br />
<b>VAT found wrong</b> <br />
<b></b> <br />
<b>650.0 = 650.0</b> <br />
<b>Non VAT Items Value found OK</b> <br />
<b></b> <br />
<b>58535.0 != 70241.996</b> <br />
<b>Total Cash Price found wrong</b> <br />
<b></b> <br />
<b>5000.0 = 5000.0</b> <br />
<b>Order Deposit found OK</b> <br />
<b></b> <br />
<b>4000.0 = 4000.0</b> <br />
<b>Finance Deposit found OK</b> <br />
<b></b> <br />
<b>9000.0 = 9000.0</b> <br />
<b>Total Deposit found OK</b> <br />
<b></b> <br />
<b>500.0 = 500.0</b> <br />
<b>Part Exchange Value - found OK</b> <br />
<b></b> <br />
<b>49035.0 != 60741.996</b> <br />
<b>Balance to Finance found wrong</b> <br />
<b></b> <br />
<b>9359.65 != 10987.716153925052</b> <br />
<b>Finance Charges - found wrong</b> <br />
<b></b> <br />
<b>199.99 = 199.99</b> <br />
<b>Document Fee - found OK</b> <br />
<b></b> <br />
<b>58644.64 != 71979.70015392505</b> <br />
<b>Balance Payable - found wrong</b> <br />
<b></b> <br />
<b>10.0 = 10.0</b> <br />
<b>Option To Purchase Fee - found OK</b> <br />
<b></b> <br />
<b>9239.99 = 9239.988</b> <br />
<b>Initial Cash Payment - found OK</b> <br />
<b></b> <br />
<b>35.0 = 35.0</b> <br />
<b>Followed By months - found OK</b> <br />
<b></b> <br />
<b>1096.99 != 1477.9917758264314</b> <br />
<b>Monthly Finance Payment - found wrong</b> <br />
<b></b> <br />
<b>20000.0 = 20000.0</b> <br />
<b>Balloon Value - found OK</b> <br />
<b></b> <br />
<b>20010.0 = 20010.0</b> <br />
<b>Final Payment - found OK</b> <br />
<b></b> <br />
<b>0.0 != 9755.83</b> <br />
<b>Vehicle Commission - found wrong</b> <br />
<b></b> <br />
<b>408.63 != 506.1833</b> <br />
<b>Default Finance Commission - found wrong</b> <br />
<b></b> <br />
<b>99.99 = 99.99000000000001</b> <br />
<b>Document Fee Commission - found OK</b> <br />
<b></b> <br />
<b>529.21 != 10382.6033</b> <br />
<b>Total Commission - found wrong</b> <br />
<b></b> <br />
<b></b> <br />
<b>6.5 = 6.5</b> <br />
<b>Base Interest Rate found OK</b> <br />
<b></b> <br />
<b>2562.2 != 3014.028309483954</b> <br />
<b>Finance Margin found wrong</b> <br />
<b></b> <br />
<b>490.35 != 607.41996</b> <br />
<b>Deductions found wrong</b> <br />
<b></b> <br />
<b>305.98 = 305.99</b> <br />
<b>Additional Margin found OK</b> <br />
<b></b> <br />
<b>2377.83 != 2712.598349483954</b> <br />
<b>Total Margin found wrong</b> <br />
<b></b> <br />
<b>1.0 = 1.0</b> <br />
<b>Default Broker Margin percentage found OK</b> <br />
<b></b> <br />
<b>8.9 = 8.9</b> <br />
<b>Customer Interest Rate found OK</b> <br />
<b></b> <br />
<b>99.99 = 99.99000000000001</b> <br />
<b>Document Fee Margin found OK</b> <br />
<b></b> <br />
<b>490.35 != 607.41996</b> <br />
<b>Default Broker Margin  found wrong</b> <br />
<b></b> <br />
<b>One or More than One values on customer contract tab may be wrong , please check all above values printed on console</b> <br />
<b></b> <br />]]>
  </system-out>
  <testcase classname="orders.Orders_Verify_ownbook_business_purchase_With_Customer_Flow_Test" name="T15_verify_payment_default_status" time="2.714"/>
  <system-out>
    <![CDATA[<b></b> <br />
<b>Started Verifying Payments  Statuses</b> <br />
<b>Clicking on PAYMENTS</b> <br />
<b>Payment -- Default Status - Found OK i.e Payment Required</b> <br />]]>
  </system-out>
  <testcase classname="orders.Orders_Verify_ownbook_business_purchase_With_Customer_Flow_Test" name="T16_make_payment_with_new_payment" time="82.405"/>
  <system-out>
    <![CDATA[<b></b> <br />
<b>Generating Invoices</b> <br />
<b>Invoices Generated</b> <br />
<b>Clicked On New Payment</b> <br />
<b>Selecting Invoices/Deposits</b> <br />
<b>Invoices/Deposits Selected</b> <br />
<b>File is Uploaded Successfully</b> <br />
<b>All Payments Done</b> <br />]]>
  </system-out>
  <testcase classname="orders.Orders_Verify_ownbook_business_purchase_With_Customer_Flow_Test" name="T17_verify_payment_status_after_making_a_payment_on_customer_contract_tab" time="0.038"/>
  <system-out>
    <![CDATA[<b></b> <br />
<b>Status for Payment after making payment - Found OK i.e Payment Received</b> <br />]]>
  </system-out>
  <testcase classname="orders.Orders_Verify_ownbook_business_purchase_With_Customer_Flow_Test" name="T18_verify_delivery_status_after_selecting_date_offered_in_delivery_section_of_customer_contract_tab_test" time="45.666"/>
  <system-out>
    <![CDATA[<b>Clicking on DELIVERY</b> <br />
<b>Delivery Status after selecting delivery date offered - Found OK i.e Awaiting Booking</b> <br />]]>
  </system-out>
  <testcase classname="orders.Orders_Verify_ownbook_business_purchase_With_Customer_Flow_Test" name="T19_verify_delivery_status_after_selecting_confirmed_delivery_date_in_delivery_section_of_customer_contract_test" time="14.423"/>
  <system-out>
    <![CDATA[<b>Delivery Status after selecting confirmed delivery date - Found OK i.e Delivery Booked</b> <br />]]>
  </system-out>
  <testcase classname="orders.Orders_Verify_ownbook_business_purchase_With_Customer_Flow_Test" name="T20_verify_delivery_status_after_uploading_delivery_note_in_post_delivery_section_on_customer_contract_tab_test" time="30.003"/>
  <system-out>
    <![CDATA[<b>Delivery Status after uploading the delivery note - Found OK i.e Delivered</b> <br />]]>
  </system-out>
  <testcase classname="orders.Orders_Verify_ownbook_business_purchase_With_Customer_Flow_Test" name="T21_verify_delivery_status_on_customer_contract_tab_and_vehicle_order_tab_are_same_when_deliver_to_customer_toggle_button_in_on_test" time="4.253"/>
  <system-out>
    <![CDATA[<b>Delivery Status are running in parallel for Customer Contract Tab and Vehicle Order Tab , Found OK</b> <br />]]>
  </system-out>
  <testcase classname="orders.Orders_Verify_ownbook_business_purchase_With_Customer_Flow_Test" name="T22_verify_payout_pack_statuses_on_customer_contract_tab_test" time="50.987"/>
  <system-out>
    <![CDATA[<b>Delivery Status after selecting date payout pack uploaded - Found OK i.e Payout pack uploaded</b> <br />
<b>Delivery Status after selecting date payout pack accepted - Found OK i.e Payout pack accepted</b> <br />]]>
  </system-out>
  <testcase classname="orders.Orders_Verify_ownbook_business_purchase_With_Customer_Flow_Test" name="T23_verify_delivery_section_gets_enabled_when_deliver_to_customer_toggle_button_is_made_off_test" time="6.091"/>
  <system-out>
    <![CDATA[<b></b> <br />
<b>Verifying delivery section gets enabled and delivery status is reversed to default when deliver to customer toggle button is made off</b> <br />
<b>Delivery section is visible when direct to customer toggle button is made off</b> <br />
<b>Delivery Status (after making direct to customer toggle off) gets reversed to default</b> <br />]]>
  </system-out>
  <testcase classname="orders.Orders_Verify_ownbook_business_purchase_With_Customer_Flow_Test" name="T24_verify_delivery_status_after_selecting_date_offered_in_delivery_section_of_vehicle_order_tab_test" time="45.377"/>
  <system-out>
    <![CDATA[<b>Clicking on DELIVERY</b> <br />
<b>Delivery Status after selecting delivery date offered - Found OK i.e Awaiting Booking</b> <br />]]>
  </system-out>
  <testcase classname="orders.Orders_Verify_ownbook_business_purchase_With_Customer_Flow_Test" name="T25_verify_delivery_status_after_selecting_confirmed_delivery_date_in_delivery_section_of_vehicle_tab_test" time="14.319"/>
  <system-out>
    <![CDATA[<b>Delivery Status after selecting confirmed delivery date - Found OK i.e Delivery Booked</b> <br />]]>
  </system-out>
  <testcase classname="orders.Orders_Verify_ownbook_business_purchase_With_Customer_Flow_Test" name="T26_verify_delivery_status_after_uploading_delivery_note_in_post_delivery_section_on_vehicle_order_tab_test" time="31.469"/>
  <system-out>
    <![CDATA[<b>Delivery Status after uploading the delivery note - Found OK i.e Delivered</b> <br />]]>
  </system-out>
</testsuite> <!-- orders.Orders_Verify_ownbook_business_purchase_With_Customer_Flow_Test -->
