<?xml version="1.0" encoding="UTF-8"?>
<!-- Generated by org.testng.reporters.JUnitReportReporter -->
<testsuite hostname="DSK-4052" failures="0" tests="8" name="opportunity.LOU_OP_OP_Business_Flow_Test" time="432.542" errors="0" timestamp="2024-02-01T20:29:58 IST" skipped="0">
  <testcase classname="opportunity.LOU_OP_OP_Business_Flow_Test" name="L1_create_lead_for_Outright_Purchase_business" time="194.582"/>
  <system-out>
    <![CDATA[<b>Clicked on Leads on Side Menu</b> <br />
<b>Clicked on add lead</b> <br />
<b>Lead is assigned</b> <br />
<b>Added data in General Notes</b> <br />
<b>Customer type - Business selected</b> <br />
<b>Clicked on Add new vehicle request</b> <br />
<b>Channel- Retail Sales Selected</b> <br />
<b>Vehicle request for broker has been saved</b> <br />
<b>Click on Map New Quote icon</b> <br />
<b>Click on acquisition contract type icon</b> <br />
<b>Click on customer contract type icon</b> <br />
<b>Click on search button</b> <br />
<b>Click on created date button 1st </b> <br />
<b>Click on created date button 2nd</b> <br />
<b>New Quote has been mapped with lead</b> <br />
<b>click ok button on Map  new quote </b> <br />
<b>Verifying Quote no. and Sales Price Displayed in the Table</b> <br />
<b>Expected PPB36817 and Actual PPB36817 are equal , Hence Passed</b> <br />
<b>Expected 59735.00 and Actual £ 59,735.00 are equal , Hence Passed</b> <br />
<b>Click on Lead save and Convert button</b> <br />
<b>Verifying Quote no. and Sales Price Displayed in the Table</b> <br />
<b>Expected PPB36817 and Actual PPB36817 are equal , Hence Passed</b> <br />
<b>Expected 59735.00 and Actual £ 59,735.00 are equal , Hence Passed</b> <br />
<b></b> <br />
<b>In Lead created Opportunity Id is =ZG-0252</b> <br />
<b></b> <br />]]>
  </system-out>
  <testcase classname="opportunity.LOU_OP_OP_Business_Flow_Test" name="L2_current_status_before_sending_to_proposal" time="31.661"/>
  <system-out>
    <![CDATA[<b>Clicked on Opportunity link from Menu </b> <br />
<b>Enter the Opportunity id in Search Text box</b> <br />
<b>Current Status of Opportunity Status value is = Open</b> <br />
<b>Current Status of Proposal value is = Proposal Required</b> <br />
<b>Current Status of Channel value is =  Draft</b> <br />
<b>Current Status of  Quote ref is = Draft</b> <br />
<b>Status Verified : Before sending the proposal</b> <br />]]>
  </system-out>
  <testcase classname="opportunity.LOU_OP_OP_Business_Flow_Test" name="L3_fill_up_the_required_fields_for_sending_a_proposal" time="109.118"/>
  <system-out>
    <![CDATA[<b>click on Proposal icon</b> <br />
<b>Proposal page will display </b> <br />
<b>Send proposal to customer pop up  will open</b> <br />
<b>Click on Manual fill radio button - Yes</b> <br />
<b>Click on manually submit behalf of customer link</b> <br />]]>
  </system-out>
  <testcase classname="opportunity.LOU_OP_OP_Business_Flow_Test" name="L4_ownbook_create_opportunity_business_current_status_after_sending_to_proposal" time="0.207"/>
  <system-out>
    <![CDATA[<b>Current Status of Opportunity Status value is = Open</b> <br />
<b>Current Status of Proposal value is = Proposal Received</b> <br />
<b>Current Status of Channel value is =  Draft</b> <br />
<b>Current Status of  Quote ref is = Draft</b> <br />]]>
  </system-out>
  <testcase classname="opportunity.LOU_OP_OP_Business_Flow_Test" name="L5_sending_contract" time="25.779"/>
  <system-out>
    <![CDATA[<b>click on Send_Contract icon</b> <br />]]>
  </system-out>
  <testcase classname="opportunity.LOU_OP_OP_Business_Flow_Test" name="L6_verify_current_status_on_opportunity_page_after_sending_contract_for_broker_business_flow" time="7.175"/>
  <system-out>
    <![CDATA[<b>Current Status of Proposal value is = Proposal Received</b> <br />
<b>Current Status of Channel value is =  Sent to customer</b> <br />
<b>Current Status of  Quote ref is = Sent to customer</b> <br />
<b>Status Verified : Status Verified : Sent to customer</b> <br />]]>
  </system-out>
  <testcase classname="opportunity.LOU_OP_OP_Business_Flow_Test" name="L7_verify_signed_contract_status_with_api_call" time="52.898"/>
  <system-out>
    <![CDATA[<b>Status code 200 received </b> <br />
<b>Enter the Opportunity id in Search Text box</b> <br />]]>
  </system-out>
  <testcase classname="opportunity.LOU_OP_OP_Business_Flow_Test" name="L8_verify_status_after_contract_signed" time="11.122"/>
  <system-out>
    <![CDATA[<b>Current Status of Proposal value is = Proposal Received</b> <br />
<b>Current Status of Channel value is =  Contract signed</b> <br />
<b>Current Status of  Quote ref is = Contract signed</b> <br />
<b>Status Verified : Contract Signed </b> <br />]]>
  </system-out>
</testsuite> <!-- opportunity.LOU_OP_OP_Business_Flow_Test -->
