<?xml version="1.0" encoding="UTF-8"?>
<!-- Generated by org.testng.reporters.JUnitReportReporter -->
<testsuite hostname="DSK-4052" failures="0" tests="3" name="orders.Orders_Asset_Funding_Verify_Stocking_Plan_Lombard_and_Black_Horse_Are_Available_If_Channel_Is_Ownbook_Test" time="218.332" errors="0" timestamp="2023-09-25T18:16:06 IST" skipped="0">
  <testcase classname="orders.Orders_Asset_Funding_Verify_Stocking_Plan_Lombard_and_Black_Horse_Are_Available_If_Channel_Is_Ownbook_Test" name="open_order_created_in_acquisition_test" time="60.651"/>
  <system-out>
    <![CDATA[<b>Searching for Order ID OX-62640</b> <br />]]>
  </system-out>
  <testcase classname="orders.Orders_Asset_Funding_Verify_Stocking_Plan_Lombard_and_Black_Horse_Are_Available_If_Channel_Is_Ownbook_Test" name="deliver_vehicle_tab_test" time="149.888"/>
  <system-out>
    <![CDATA[<b>File is Uploaded Successfully</b> <br />
<b>Status updated is Delivered</b> <br />]]>
  </system-out>
  <testcase classname="orders.Orders_Asset_Funding_Verify_Stocking_Plan_Lombard_and_Black_Horse_Are_Available_If_Channel_Is_Ownbook_Test" name="verify_stocking_plan_Lombard_Demo_is_available_for_channel_internal_use_test" time="7.793"/>
  <system-out>
    <![CDATA[<b>Name of the 1 Stocking plan is Black Horse</b> <br />
<b>For Single Cannel Selection i.e. OwnBook -- there would not be Lombard Demo So Black Horse is not a Lombard Demo, Hence Test Case Passed</b> <br />
<b>Name of the 2 Stocking plan is Lombard</b> <br />
<b>For Single Cannel Selection i.e. OwnBook -- there would not be Lombard Demo So Lombard is not a Lombard Demo, Hence Test Case Passed</b> <br />]]>
  </system-out>
</testsuite> <!-- orders.Orders_Asset_Funding_Verify_Stocking_Plan_Lombard_and_Black_Horse_Are_Available_If_Channel_Is_Ownbook_Test -->
