<?xml version="1.0" encoding="UTF-8"?>
<!-- Generated by org.testng.reporters.JUnitReportReporter -->
<testsuite hostname="DSK-4052" failures="0" tests="4" name="orders.Orders_Asset_Funding_Required_Flow_BCH_Add_Cap_Maint_Test" time="133.930" errors="0" timestamp="2023-10-30T15:19:22 IST" skipped="0">
  <testcase classname="orders.Orders_Asset_Funding_Required_Flow_BCH_Add_Cap_Maint_Test" name="open_order_created_in_acquisition_test" time="75.299"/>
  <system-out>
    <![CDATA[<b>Searching for Order ID XU-50801</b> <br />]]>
  </system-out>
  <testcase classname="orders.Orders_Asset_Funding_Required_Flow_BCH_Add_Cap_Maint_Test" name="verify_default_status_required_flow_test" time="11.525"/>
  <system-out>
    <![CDATA[<b></b> <br />
<b>Started verifying Default Status for BCH required flow</b> <br />
<b>Default Status for BCH required flow Found OK i.e Quote Accepted because Funder is already added from acquisition quote</b> <br />]]>
  </system-out>
  <testcase classname="orders.Orders_Asset_Funding_Required_Flow_BCH_Add_Cap_Maint_Test" name="verify_holding_cost_after_adding_cap_maint_test" time="14.086"/>
  <system-out>
    <![CDATA[<b>Made Maint toggle On for adding a cap maint to holding cost</b> <br />
<b>Monthly CAP maint cost from screen is 5.28</b> <br />
<b>Writing Monthly CAP maint cost from screen to excel</b> <br />
<b>Holding Cost from screen after adding maint is 506.28</b> <br />
<b>Holding Cost from excel after adding maint506.28</b> <br />]]>
  </system-out>
  <testcase classname="orders.Orders_Asset_Funding_Required_Flow_BCH_Add_Cap_Maint_Test" name="verify_holding_cost_after_adding_maintenance_in_funder_test" time="33.020"/>
  <system-out>
    <![CDATA[<b></b> <br />
<b>De-Selecting Funder and adding maintenance value in funder</b> <br />
<b>Total monthly holding cost from screen =571.0</b> <br />
<b>Total monthly holding cost from excel =571.0</b> <br />]]>
  </system-out>
</testsuite> <!-- orders.Orders_Asset_Funding_Required_Flow_BCH_Add_Cap_Maint_Test -->
