<?xml version="1.0" encoding="UTF-8"?>
<!-- Generated by org.testng.reporters.JUnitReportReporter -->
<testsuite hostname="DSK-4052" failures="0" tests="3" name="orders.Orders_Asset_Funding_Required_Flow_FL_PCH_with_funder_add_maintenance_Test" time="124.384" errors="0" timestamp="2024-01-09T18:56:52 IST" skipped="0">
  <testcase classname="orders.Orders_Asset_Funding_Required_Flow_FL_PCH_with_funder_add_maintenance_Test" name="open_order_created_in_acquisition_test" time="75.616"/>
  <system-out>
    <![CDATA[<b></b> <br />
<b>Searching for Order ID EP-39193</b> <br />]]>
  </system-out>
  <testcase classname="orders.Orders_Asset_Funding_Required_Flow_FL_PCH_with_funder_add_maintenance_Test" name="verify_default_status_required_flow_test" time="11.544"/>
  <system-out>
    <![CDATA[<b></b> <br />
<b>Started verifying Default Status for BCH required flow</b> <br />
<b>Default Status for BCH required flow Found OK i.e Quote Accepted because Funder is already added from acquisition quote</b> <br />]]>
  </system-out>
  <testcase classname="orders.Orders_Asset_Funding_Required_Flow_FL_PCH_with_funder_add_maintenance_Test" name="verify_holding_cost_after_adding_maintenance_in_funder_test" time="37.224"/>
  <system-out>
    <![CDATA[<b></b> <br />
<b>De-Selecting Funder and adding maintenance value in funder</b> <br />
<b>Total monthly holding cost from screen =561.0</b> <br />
<b>Total monthly holding cost from excel =561.0</b> <br />]]>
  </system-out>
</testsuite> <!-- orders.Orders_Asset_Funding_Required_Flow_FL_PCH_with_funder_add_maintenance_Test -->
