<?xml version="1.0" encoding="UTF-8"?>
<!-- Generated by org.testng.reporters.JUnitReportReporter -->
<testsuite hostname="DSK-4052" failures="0" tests="2" name="acquisition.Acquisition_Quotes_Outright_BCH_used_LCV_without_maintenance_Test" time="153.203" errors="0" timestamp="2023-09-25T17:43:55 IST" skipped="0">
  <testcase classname="acquisition.Acquisition_Quotes_Outright_BCH_used_LCV_without_maintenance_Test" name="aquisition_quotes_Outright_BCH_used_LCV_OTR_calculation_without_maintenance_test" time="68.999"/>
  <system-out>
    <![CDATA[<b>Clicked on Quote button </b> <br />
<b>Selecting used vehicle with registration no. = HK21YPJ and mileage = 10000</b> <br />
<b>Vehicle selected</b> <br />
<b>Paint option has been selected</b> <br />
<b>Interior option has been selected</b> <br />
<b> Acquisition Contract type option = Outright Purchase has been selected</b> <br />
<b> Customer Contract type option = Business Contract Hire(BCH) has been selected</b> <br />
<b>Cost Price ex VAT and RFL from screen is 19458.33</b> <br />
<b>VAT from screen is 3891.67</b> <br />
<b>Cost Price ex VAT and RFL calculated is 19458.33</b> <br />
<b>Cost Price ex VAT and RFL verified and found OK</b> <br />]]>
  </system-out>
  <testcase classname="acquisition.Acquisition_Quotes_Outright_BCH_used_LCV_without_maintenance_Test" name="aquisition_quotes_Outright_BCH_quote_summary_values_verification_without_maintenance_test" time="84.204"/>
  <system-out>
    <![CDATA[<b>*********Customer Quote generated successfully and Quote_ref_no is=RPY33924</b> <br />
<b> </b> <br />
<b>*****Creating Order Started*****</b> <br />
<b> </b> <br />
<b>***** Order Created Successfully *****</b> <br />
<b>Order ID OX-62640 is saved to Excel sheet named Quote Save, in the sheet Order_ID</b> <br />
<b>*****xxxxxxxxxxxxxxxxxxxxxxxxxxxxx*****</b> <br />]]>
  </system-out>
</testsuite> <!-- acquisition.Acquisition_Quotes_Outright_BCH_used_LCV_without_maintenance_Test -->
