<?xml version="1.0" encoding="UTF-8"?>
<!-- Generated by org.testng.reporters.JUnitReportReporter -->
<testsuite hostname="DSK-4052" failures="0" tests="2" name="orders.Orders_Customer_Contract_Verify_Finance_Documents_Statuses" time="84.146" errors="0" timestamp="2023-11-22T15:30:28 IST" skipped="0">
  <testcase classname="orders.Orders_Customer_Contract_Verify_Finance_Documents_Statuses" name="open_order_created_in_acquisition_test" time="74.554"/>
  <system-out>
    <![CDATA[<b></b> <br />
<b>Searching for Order ID BP-34573</b> <br />]]>
  </system-out>
  <testcase classname="orders.Orders_Customer_Contract_Verify_Finance_Documents_Statuses" name="verify_the_vehicle_is_seen_in_sold_section_on_completing_the_order_on_customer_contract_page_test" time="9.592"/>
  <system-out>
    <![CDATA[<b></b> <br />
<b>Opening Sold Vehicle Listing in New Tab</b> <br />
<b>Searching order in the listing</b> <br />
<b>Searching for Order ID BP-34573</b> <br />
<b>Order seen in sold vehicles section</b> <br />]]>
  </system-out>
</testsuite> <!-- orders.Orders_Customer_Contract_Verify_Finance_Documents_Statuses -->
