<?xml version="1.0" encoding="UTF-8"?>
<!-- Generated by org.testng.reporters.JUnitReportReporter -->
<testsuite hostname="DSK-4052" failures="0" tests="6" name="orders.Orders_Asset_Funding_Required_Flow_BCH_Test" time="588.205" errors="0" timestamp="2024-01-31T05:52:15 IST" skipped="0">
  <testcase classname="orders.Orders_Asset_Funding_Required_Flow_BCH_Test" name="open_order_created_in_acquisition_test" time="81.517"/>
  <system-out>
    <![CDATA[<b></b> <br />
<b>Searching for Order ID CL-28580</b> <br />]]>
  </system-out>
  <testcase classname="orders.Orders_Asset_Funding_Required_Flow_BCH_Test" name="deliver_vehicle_tab_test" time="178.682"/>
  <system-out>
    <![CDATA[<b>File is Uploaded Successfully</b> <br />
<b>Status updated is Delivered</b> <br />]]>
  </system-out>
  <testcase classname="orders.Orders_Asset_Funding_Required_Flow_BCH_Test" name="verify_default_status_required_flow_test" time="16.392"/>
  <system-out>
    <![CDATA[<b></b> <br />
<b>Started verifying Default Status for BCH required flow</b> <br />
<b>Default Status for BCH required flow Found OK i.e Quote Accepted because Funder is already added from acquisition quote</b> <br />]]>
  </system-out>
  <testcase classname="orders.Orders_Asset_Funding_Required_Flow_BCH_Test" name="verify_finance_documents_statuses_for_required_flow_test" time="140.999"/>
  <system-out>
    <![CDATA[<b></b> <br />
<b>Sterted Verifying Finance Document Statuses for required flow</b> <br />
<b>Finance Document Status after selecting agreement requested date- Found OK i.e Finance docs Requested</b> <br />
<b>Finance Document Status after selecting agreement received date- Found OK i.e Finance Docs Received</b> <br />
<b>Finance Document Status after uploading signed documents - Found OK i.e Finance Docs Signed</b> <br />
<b>Finance Document Status after selecting uploaded to funder date- Found OK i.e Upload to Funder</b> <br />
<b>Finance Document Status after selecting activation date- Found OK i.e Finance Activated</b> <br />]]>
  </system-out>
  <testcase classname="orders.Orders_Asset_Funding_Required_Flow_BCH_Test" name="verify_payments_to_funder_statuses_for_required_flow_test" time="136.971"/>
  <system-out>
    <![CDATA[<b></b> <br />
<b>Sterted Verifying Payments to Funder Statuses for required flow</b> <br />
<b>Clicking on PAYMENT</b> <br />
<b>Payment to funder -- Default Status - Found OK i.e Payment Required</b> <br />
<b>Status for Payment after selecting payment requested date- Found OK i.e Payment Requested</b> <br />
<b>Status for Payment after selecting payment sent date- Found OK i.e Payment Sent</b> <br />]]>
  </system-out>
  <testcase classname="orders.Orders_Asset_Funding_Required_Flow_BCH_Test" name="verify_completed_status_for_required_flow_test" time="33.644"/>
  <system-out>
    <![CDATA[<b></b> <br />
<b>Click on complete funding</b> <br />
<b>Status for Asset Funding after completing funding found OK i.e.Completed</b> <br />]]>
  </system-out>
</testsuite> <!-- orders.Orders_Asset_Funding_Required_Flow_BCH_Test -->
