<?xml version="1.0" encoding="UTF-8"?>
<!-- Generated by org.testng.reporters.JUnitReportReporter -->
<testsuite hostname="DSK-4052" failures="0" tests="2" name="orders.Orders_Asset_Funding_Verify_Stocking_Plan_Lombard_Demo_Is_Available_If_Channel_Is_Internal_Use_Test" time="170.385" errors="0" timestamp="2023-09-25T16:55:44 IST" skipped="0">
  <testcase classname="orders.Orders_Asset_Funding_Verify_Stocking_Plan_Lombard_Demo_Is_Available_If_Channel_Is_Internal_Use_Test" name="open_order_created_in_acquisition_test" time="49.804"/>
  <system-out>
    <![CDATA[<b>Searching for Order ID VR-40387</b> <br />]]>
  </system-out>
  <testcase classname="orders.Orders_Asset_Funding_Verify_Stocking_Plan_Lombard_Demo_Is_Available_If_Channel_Is_Internal_Use_Test" name="deliver_vehicle_tab_test" time="120.581"/>
  <system-out>
    <![CDATA[<b>File is Uploaded Successfully</b> <br />
<b>Status updated is Delivered</b> <br />]]>
  </system-out>
</testsuite> <!-- orders.Orders_Asset_Funding_Verify_Stocking_Plan_Lombard_Demo_Is_Available_If_Channel_Is_Internal_Use_Test -->
