<?xml version="1.0" encoding="UTF-8"?>
<!-- Generated by org.testng.reporters.JUnitReportReporter -->
<testsuite hostname="DSK-4052" failures="0" tests="3" name="orders.Orders_Asset_Funding_Add_Stocking_Plan_Test" time="375.526" errors="0" timestamp="2023-09-22T17:10:26 IST" skipped="0">
  <testcase classname="orders.Orders_Asset_Funding_Add_Stocking_Plan_Test" name="open_order_created_in_acquisition_test" time="79.565"/>
  <system-out>
    <![CDATA[<b>Searching for Order ID UM-26771</b> <br />]]>
  </system-out>
  <testcase classname="orders.Orders_Asset_Funding_Add_Stocking_Plan_Test" name="deliver_vehicle_tab_test" time="120.660"/>
  <system-out>
    <![CDATA[<b>File is Uploaded Successfully</b> <br />
<b>Status updated is Delivered</b> <br />]]>
  </system-out>
  <testcase classname="orders.Orders_Asset_Funding_Add_Stocking_Plan_Test" name="add_stocking_plan_test" time="175.301"/>
  <system-out>
    <![CDATA[<b>Default Status for Stocking Plan found OK i.e.Required</b> <br />
<b>Name of the 1 Stocking plan is Lombard Demo</b> <br />
<b>Status of the 1 Stocking plan is Eligible</b> <br />
<b>Choosing 1 Stocking plan for this order</b> <br />
<b>Status for Stocking Plan after adding - found OK i.e.Pending Activation</b> <br />
<b>Current Status of the 1 Stocking plan after adding is Pending Activation</b> <br />
<b>Status for Stocking Plan after Activating Finance - found OK i.e.Finance Activated</b> <br />
<b>Status for Stocking Plan after completing funding - found OK i.e.Finance Completed</b> <br />]]>
  </system-out>
</testsuite> <!-- orders.Orders_Asset_Funding_Add_Stocking_Plan_Test -->
