<?xml version="1.0" encoding="UTF-8"?>
<!-- Generated by org.testng.reporters.JUnitReportReporter -->
<testsuite hostname="DSK-4052" failures="0" tests="11" name="orders.Orders_Verify_Outright_Purchase_With_Customer_Flow_Test" time="266.096" errors="0" timestamp="2023-12-06T14:47:46 IST" skipped="0">
  <testcase classname="orders.Orders_Verify_Outright_Purchase_With_Customer_Flow_Test" name="open_order_created_in_acquisition_test" time="80.667"/>
  <system-out>
    <![CDATA[<b></b> <br />
<b>Searching for Order ID LG-07435</b> <br />]]>
  </system-out>
  <testcase classname="orders.Orders_Verify_Outright_Purchase_With_Customer_Flow_Test" name="pass_the_pre_order_check_test" time="29.034"/>
  <system-out>
    <![CDATA[<b></b> <br />
<b>Checking pre-order checks</b> <br />]]>
  </system-out>
  <testcase classname="orders.Orders_Verify_Outright_Purchase_With_Customer_Flow_Test" name="verify_default_order_status_vehicle_tab_test" time="6.402"/>
  <system-out>
    <![CDATA[<b>Order -- Default Status - Found OK i.e Order Pending </b> <br />]]>
  </system-out>
  <testcase classname="orders.Orders_Verify_Outright_Purchase_With_Customer_Flow_Test" name="verify_order_status_after_uploading_order_form_in_vehicle_tab_test" time="26.211"/>
  <system-out>
    <![CDATA[<b>File is Uploaded Successfully</b> <br />
<b>Order Status after uploading order form - Found OK i.e Order Confirmed </b> <br />]]>
  </system-out>
  <testcase classname="orders.Orders_Verify_Outright_Purchase_With_Customer_Flow_Test" name="verify_default_payment_status_on_vehicle_tab_test" time="2.703"/>
  <system-out>
    <![CDATA[<b></b> <br />
<b>Clicking on PAYMENTS TO DEALER</b> <br />
<b>Payments to dealer -- Default Status - Found OK i.e Payment Required</b> <br />]]>
  </system-out>
  <testcase classname="orders.Orders_Verify_Outright_Purchase_With_Customer_Flow_Test" name="verify_payment_status_after_selecting_payment_sent_date_on_vehicle_tab_test" time="35.404"/>
  <system-out/>
  <testcase classname="orders.Orders_Verify_Outright_Purchase_With_Customer_Flow_Test" name="verify_payment_status_should_be_reversed_to_payment_required_after_selecting_payment_by_AMT_on_vehicle_tab_test" time="4.812"/>
  <system-out>
    <![CDATA[<b></b> <br />
<b>Click on a payments by dropdown and Select option AMT</b> <br />
<b></b> <br />
<b>Clicking on PAYMENTS TO DEALER</b> <br />
<b>Payments to dealer -- Default Status - Found OK i.e Payment Required</b> <br />]]>
  </system-out>
  <testcase classname="orders.Orders_Verify_Outright_Purchase_With_Customer_Flow_Test" name="verify_payment_status_after_selecting_payment_sent_date_for_amount_due_on_vehicle_tab_test" time="73.949"/>
  <system-out>
    <![CDATA[<b>Payments to Supplier Status after selecting payment sent date - Found OK i.e Payment Sent</b> <br />]]>
  </system-out>
  <testcase classname="orders.Orders_Verify_Outright_Purchase_With_Customer_Flow_Test" name="open_asset_funding_tab_and_verify_default_status_cash_purchase_pending" time="4.179"/>
  <system-out>
    <![CDATA[<b>Asset Funding Tab Opened</b> <br />
<b>Default Status for Cash Purchase Verified and found OK i.e.Cash Purchase Pending</b> <br />]]>
  </system-out>
  <testcase classname="orders.Orders_Verify_Outright_Purchase_With_Customer_Flow_Test" name="complete_cash_purchase" time="2.717"/>
  <system-out>
    <![CDATA[<b>Clicked on Complete Cash purchase</b> <br />
<b>Cash Purchase Completed</b> <br />]]>
  </system-out>
  <testcase classname="orders.Orders_Verify_Outright_Purchase_With_Customer_Flow_Test" name="verify_status_cash_purchase_completed" time="0.018"/>
  <system-out>
    <![CDATA[<b>Status for Cash Purchase After Completing Cash Purchase Verified and found OK i.e.Cash Purchase Completed</b> <br />]]>
  </system-out>
</testsuite> <!-- orders.Orders_Verify_Outright_Purchase_With_Customer_Flow_Test -->
