<?xml version="1.0" encoding="UTF-8"?>
<!-- Generated by org.testng.reporters.JUnitReportReporter -->
<testsuite hostname="DSK-4052" failures="0" tests="8" name="orders.Orders_Asset_Funding_Required_Flow_HPNR_add_funder_and_add_cap_maint_and_verify_holding_cost_shown_Test" time="166.700" errors="0" timestamp="2023-10-25T19:47:15 IST" skipped="0">
  <testcase classname="orders.Orders_Asset_Funding_Required_Flow_HPNR_add_funder_and_add_cap_maint_and_verify_holding_cost_shown_Test" name="open_order_created_in_acquisition_test" time="76.936"/>
  <system-out>
    <![CDATA[<b>Searching for Order ID QP-40357</b> <br />]]>
  </system-out>
  <testcase classname="orders.Orders_Asset_Funding_Required_Flow_HPNR_add_funder_and_add_cap_maint_and_verify_holding_cost_shown_Test" name="verify_default_status_required_flow_test" time="10.510"/>
  <system-out>
    <![CDATA[<b></b> <br />
<b>Started verifying Default Status for HPNR required flow</b> <br />
<b>Default Status for HPNR required flow Found OK i.e Quote Requested because Funder is not added in the acquisition quote</b> <br />]]>
  </system-out>
  <testcase classname="orders.Orders_Asset_Funding_Required_Flow_HPNR_add_funder_and_add_cap_maint_and_verify_holding_cost_shown_Test" name="verify_holding_cost_shown_test" time="8.751"/>
  <system-out>
    <![CDATA[<b></b> <br />
<b>Started verifying Holding Cost Shown</b> <br />
<b>Reading Monthly Holding Cost value from excel has been started</b> <br />
<b>Reading Monthly Holding Cost value from excel has been completed</b> <br />
<b>Total_monthly_holding_cost_from_screen =1094.53</b> <br />
<b>Total_monthly_holding_cost_from_excel =1094.5287037922967</b> <br />
<b>Total Monthly Holding Cost based on CAP data is Verified and Found OK</b> <br />]]>
  </system-out>
  <testcase classname="orders.Orders_Asset_Funding_Required_Flow_HPNR_add_funder_and_add_cap_maint_and_verify_holding_cost_shown_Test" name="add_funder" time="51.226"/>
  <system-out>
    <![CDATA[<b></b> <br />
<b>***********Holding Cost Calculations has been Started*************</b> <br />
<b>Writing Holding Cost Summary values to excel has been completed</b> <br />
<b>Reading Monthly Holding Cost value from excel</b> <br />
<b>Total_monthly_holding_cost_from_screen =1,094.53</b> <br />
<b>Total_monthly_holding_cost_from_excel =500.3636363636364</b> <br />]]>
  </system-out>
  <testcase classname="orders.Orders_Asset_Funding_Required_Flow_HPNR_add_funder_and_add_cap_maint_and_verify_holding_cost_shown_Test" name="verify_status_after_adding_funder_required_flow_test" time="2.140"/>
  <system-out>
    <![CDATA[<b></b> <br />
<b>Started verifying Quote Status after adding a funder in asset funding tab</b> <br />
<b>Quote Status after adding funder in required flow Found OK i.e Quote Received</b> <br />]]>
  </system-out>
  <testcase classname="orders.Orders_Asset_Funding_Required_Flow_HPNR_add_funder_and_add_cap_maint_and_verify_holding_cost_shown_Test" name="verify_status_after_selecting_the_added_funder_in_required_flow_test" time="6.415"/>
  <system-out>
    <![CDATA[<b></b> <br />
<b>Select a funder</b> <br />
<b>Started verifying Quote Status after selecting a added funder in asset funding tab</b> <br />
<b>Status after selecting an added funder Found OK i.e Quote Accepted</b> <br />]]>
  </system-out>
  <testcase classname="orders.Orders_Asset_Funding_Required_Flow_HPNR_add_funder_and_add_cap_maint_and_verify_holding_cost_shown_Test" name="verify_holding_cost_on_adding_funder_test" time="1.648"/>
  <system-out>
    <![CDATA[<b></b> <br />
<b>Total monthly holding cost from screen =500.36</b> <br />
<b>Total monthly holding cost from excel =500.3636363636364</b> <br />]]>
  </system-out>
  <testcase classname="orders.Orders_Asset_Funding_Required_Flow_HPNR_add_funder_and_add_cap_maint_and_verify_holding_cost_shown_Test" name="verify_holding_cost_on_adding_maintenance_test" time="9.074"/>
  <system-out>
    <![CDATA[<b></b> <br />
<b></b> <br />
<b>Adding Cap Maintenance to funder</b> <br />
<b>Total monthly holding cost from excel =514.1009090909091</b> <br />
<b>Total monthly holding cost from screen =514.1</b> <br />]]>
  </system-out>
</testsuite> <!-- orders.Orders_Asset_Funding_Required_Flow_HPNR_add_funder_and_add_cap_maint_and_verify_holding_cost_shown_Test -->
