<?xml version="1.0" encoding="UTF-8"?>
<!-- Generated by org.testng.reporters.JUnitReportReporter -->
<testsuite hostname="DSK-4052" failures="0" tests="5" name="orders.Orders_Verify_used_car_ownbook_business_purchase_With_Customer_Flow_Test" time="441.059" errors="0" timestamp="2024-01-17T14:59:40 IST" skipped="0">
  <testcase classname="orders.Orders_Verify_used_car_ownbook_business_purchase_With_Customer_Flow_Test" name="T1_open_order_created_in_acquisition_test" time="85.931"/>
  <system-out>
    <![CDATA[<b></b> <br />
<b>Searching for Order ID KL-26236</b> <br />]]>
  </system-out>
  <testcase classname="orders.Orders_Verify_used_car_ownbook_business_purchase_With_Customer_Flow_Test" name="T2_pre_order_pass_check_in_customer_contract_tab_test" time="17.081"/>
  <system-out>
    <![CDATA[<b></b> <br />
<b>Checking pre-order checks</b> <br />]]>
  </system-out>
  <testcase classname="orders.Orders_Verify_used_car_ownbook_business_purchase_With_Customer_Flow_Test" name="T26_verify_finance_documents_statuses_for_required_flow_test" time="152.304"/>
  <system-out>
    <![CDATA[<b></b> <br />
<b>Sterted Verifying Finance Document Statuses for required flow</b> <br />
<b>Finance Document Status after selecting agreement requested date- Found OK i.e Finance docs Requested</b> <br />
<b>Finance Document Status after selecting agreement received date- Found OK i.e Finance Docs Received</b> <br />
<b>Finance Document Status after uploading signed documents - Found OK i.e Finance Docs Signed</b> <br />
<b>Finance Document Status after selecting uploaded to funder date- Found OK i.e Upload to Funder</b> <br />
<b>Finance Document Status after selecting activation date- Found OK i.e Finance Activated</b> <br />]]>
  </system-out>
  <testcase classname="orders.Orders_Verify_used_car_ownbook_business_purchase_With_Customer_Flow_Test" name="T27_verify_payments_to_funder_statuses_for_required_flow_test" time="118.593"/>
  <system-out>
    <![CDATA[<b></b> <br />
<b>Sterted Verifying Payments to Funder Statuses for required flow</b> <br />
<b>Clicking on PAYMENT</b> <br />
<b>Payment to funder -- Default Status - Found OK i.e Payment Required</b> <br />
<b>Status for Payment after selecting payment requested date- Found OK i.e Payment Requested</b> <br />
<b>Status for Payment after selecting payment sent date- Found OK i.e Payment Sent</b> <br />]]>
  </system-out>
  <testcase classname="orders.Orders_Verify_used_car_ownbook_business_purchase_With_Customer_Flow_Test" name="T28_verify_completed_status_for_required_flow_test" time="67.150"/>
  <system-out>
    <![CDATA[<b></b> <br />
<b>Click on complete funding</b> <br />
<b>Status for Asset Funding after completing funding found OK i.e.Completed</b> <br />]]>
  </system-out>
</testsuite> <!-- orders.Orders_Verify_used_car_ownbook_business_purchase_With_Customer_Flow_Test -->
