<?xml version="1.0" encoding="UTF-8"?>
<!-- Generated by org.testng.reporters.JUnitReportReporter -->
<testsuite hostname="DSK-4052" failures="0" tests="4" name="orders.Orders_Verify_ownbook_business_purchase_funder_With_Customer_Flow_Test" time="191.139" errors="0" timestamp="2023-12-19T18:26:14 IST" skipped="0">
  <testcase classname="orders.Orders_Verify_ownbook_business_purchase_funder_With_Customer_Flow_Test" name="T1_open_order_created_in_acquisition_test" time="84.348"/>
  <system-out>
    <![CDATA[<b></b> <br />
<b>Searching for Order ID JA-86882</b> <br />]]>
  </system-out>
  <testcase classname="orders.Orders_Verify_ownbook_business_purchase_funder_With_Customer_Flow_Test" name="T9_verify_default_status_acceptance_conditions_for_ownbook_purchase_flow" time="12.411"/>
  <system-out>
    <![CDATA[<b></b> <br />
<b>Opening Customer Contract Tab</b> <br />
<b>Started verifying acceptance conditions default status</b> <br />
<b>Default status for acceptance condition for ownbook - Found OK i.e Not Required</b> <br />]]>
  </system-out>
  <testcase classname="orders.Orders_Verify_ownbook_business_purchase_funder_With_Customer_Flow_Test" name="T10_verify_summary_section_values" time="91.649"/>
  <system-out>
    <![CDATA[<b>Started Verifying Quote Summary and Configuration Values</b> <br />
<b></b> <br />
<b>WBA81575 != UTJ55364</b> <br />
<b>Quote no. compared but found not ok</b> <br />
<b></b> <br />
<b>AUDI A7 DIESEL SPORTBACK (2018 - Current) 40 TDI Quattro Black Edition 5dr S Tronic = AUDI A7 DIESEL SPORTBACK (2018 - Current) 40 TDI Quattro Black Edition 5dr S Tronic</b> <br />
<b>Vehicle name compared and found ok</b> <br />
<b></b> <br />
<b>Hire Purchase Non-Regulated = Hire Purchase Non-Regulated</b> <br />
<b>Contract type compared and found ok</b> <br />
<b></b> <br />
<b>33.0 = 33.0</b> <br />
<b>Terms compared and found ok</b> <br />
<b></b> <br />
<b>5000.0 = 5000.0</b> <br />
<b>Mileage compared and found ok</b> <br />
<b></b> <br />
<b>48237.5 = 48237.5</b> <br />
<b>Basic Cash Price found OK</b> <br />
<b></b> <br />
<b>9647.5 = 9647.5</b> <br />
<b>VAT found OK</b> <br />
<b></b> <br />
<b>650.0 = 650.0</b> <br />
<b>Non VAT Items Value found OK</b> <br />
<b></b> <br />
<b>58535.0 = 58535.0</b> <br />
<b>Total Cash Price found OK</b> <br />
<b></b> <br />
<b>5000.0 = 5000.0</b> <br />
<b>Order Deposit found OK</b> <br />
<b></b> <br />
<b>4000.0 = 4000.0</b> <br />
<b>Finance Deposit found OK</b> <br />
<b></b> <br />
<b>9000.0 = 9000.0</b> <br />
<b>Total Deposit found OK</b> <br />
<b></b> <br />
<b>49535.0 = 49535.0</b> <br />
<b>Balance to Finance found OK</b> <br />
<b></b> <br />
<b>18910.44 = 18910.392197208</b> <br />
<b>Finance Charges - found OK</b> <br />
<b></b> <br />
<b>199.99 = 199.99</b> <br />
<b>Document Fee - found OK</b> <br />
<b></b> <br />
<b>68695.43 = 68695.380197208</b> <br />
<b>Balance Payable - found OK</b> <br />
<b></b> <br />
<b>10.0 = 10.0</b> <br />
<b>Option To Purchase Fee - found OK</b> <br />
<b></b> <br />
<b>9239.99 = 9239.988</b> <br />
<b>Initial Cash Payment - found OK</b> <br />
<b></b> <br />
<b>32.0 = 32.0</b> <br />
<b>Followed By months - found OK</b> <br />
<b></b> <br />
<b>1951.42 = 1951.41850616275</b> <br />
<b>Monthly Finance Payment - found OK</b> <br />
<b></b> <br />
<b>6000.0 = 6000.0</b> <br />
<b>Balloon Value - found OK</b> <br />
<b></b> <br />
<b>6010.0 = 6010.0</b> <br />
<b>Final Payment - found OK</b> <br />
<b></b> <br />
<b>0.0 = 0.0</b> <br />
<b>Vehicle Commission - found OK</b> <br />
<b></b> <br />
<b>386.99 = 386.9921875</b> <br />
<b>Default Finance Commission - found OK</b> <br />
<b></b> <br />
<b>99.99 = 99.99000000000001</b> <br />
<b>Document Fee Commission - found OK</b> <br />
<b></b> <br />
<b>496.38 = 496.3805875</b> <br />
<b>Total Commission - found OK</b> <br />
<b></b> <br />
<b>7.0 = 7.0</b> <br />
<b>Base Interest Rate found OK</b> <br />
<b></b> <br />
<b>4659.6 = 4659.552197207995</b> <br />
<b>Finance Margin found OK</b> <br />
<b></b> <br />
<b>464.39 = 464.390625</b> <br />
<b>Deductions found OK</b> <br />
<b></b> <br />
<b>193.97 = 193.974</b> <br />
<b>Additional Margin found OK</b> <br />
<b></b> <br />
<b>4389.18 = 4389.135572207995</b> <br />
<b>Total Margin found OK</b> <br />
<b></b> <br />
<b>0.94 = 0.9375000000000001</b> <br />
<b>Default Broker Margin percentage found OK</b> <br />
<b></b> <br />
<b>12.0 = 12.000000000000002</b> <br />
<b>Customer Interest Rate found OK</b> <br />
<b></b> <br />
<b>99.99 = 99.99000000000001</b> <br />
<b>Document Fee Margin found OK</b> <br />
<b></b> <br />
<b>464.39 = 464.390625</b> <br />
<b>Default Broker Margin found OK</b> <br />
<b></b> <br />
<b>One or More than One values in Quote Summary and Configuration Values on Customer Contract tab may be wrong , please check all above values printed on console</b> <br />
<b></b> <br />]]>
  </system-out>
  <testcase classname="orders.Orders_Verify_ownbook_business_purchase_funder_With_Customer_Flow_Test" name="T11_verify_payment_default_status" time="2.731"/>
  <system-out>
    <![CDATA[<b></b> <br />
<b>Started Verifying Payments  Statuses</b> <br />
<b>Clicking on PAYMENTS</b> <br />
<b>Payment -- Default Status - Found OK i.e Payment Required</b> <br />]]>
  </system-out>
</testsuite> <!-- orders.Orders_Verify_ownbook_business_purchase_funder_With_Customer_Flow_Test -->
