<?xml version="1.0" encoding="UTF-8"?>
<!-- Generated by org.testng.reporters.JUnitReportReporter -->
<testsuite hostname="DSK-4052" failures="0" tests="3" name="orders.Orders_Asset_Funding_Remove_Stocking_Plan_After_Finance_Activated_Test" time="310.746" errors="0" timestamp="2023-09-26T15:50:17 IST" skipped="0">
  <testcase classname="orders.Orders_Asset_Funding_Remove_Stocking_Plan_After_Finance_Activated_Test" name="open_order_created_in_acquisition_test" time="51.590"/>
  <system-out>
    <![CDATA[<b>Searching for Order ID AZ-11250</b> <br />]]>
  </system-out>
  <testcase classname="orders.Orders_Asset_Funding_Remove_Stocking_Plan_After_Finance_Activated_Test" name="deliver_vehicle_tab_test" time="119.485"/>
  <system-out>
    <![CDATA[<b>File is Uploaded Successfully</b> <br />
<b>Status updated is Delivered</b> <br />]]>
  </system-out>
  <testcase classname="orders.Orders_Asset_Funding_Remove_Stocking_Plan_After_Finance_Activated_Test" name="remove_stocking_plan_test" time="139.671"/>
  <system-out>
    <![CDATA[<b>Default Status for Stocking Plan found OK i.e.Required</b> <br />
<b>Name of the 1 Stocking plan is Lombard Demo</b> <br />
<b>Status of the 1 Stocking plan is Eligible</b> <br />
<b>Choosing 1 Stocking plan for this order</b> <br />
<b>Status for Stocking Plan after adding - found OK i.e.Pending Activation</b> <br />
<b>Current Status of the 1 Stocking plan after adding is Pending Activation</b> <br />
<b>Status for Stocking Plan after Activating Finance - found OK i.e.Finance Activated</b> <br />
<b>Status for Stocking Plan after Removing Stocking Plan - found OK i.e.Settled</b> <br />]]>
  </system-out>
</testsuite> <!-- orders.Orders_Asset_Funding_Remove_Stocking_Plan_After_Finance_Activated_Test -->
