<?xml version="1.0" encoding="UTF-8"?>
<!-- Generated by org.testng.reporters.JUnitReportReporter -->
<testsuite hostname="DSK-4052" failures="0" tests="6" name="orders.Orders_Asset_Funding_Required_Flow_HPNR_Verify_Vehicle_Order_Tab_Statuses_Test" time="198.593" errors="0" timestamp="2023-11-01T18:05:46 IST" skipped="0">
  <testcase classname="orders.Orders_Asset_Funding_Required_Flow_HPNR_Verify_Vehicle_Order_Tab_Statuses_Test" name="open_order_created_in_acquisition_test" time="51.637"/>
  <system-out>
    <![CDATA[<b></b> <br />
<b>Searching for Order ID EI-10858</b> <br />]]>
  </system-out>
  <testcase classname="orders.Orders_Asset_Funding_Required_Flow_HPNR_Verify_Vehicle_Order_Tab_Statuses_Test" name="verify_default_order_status_vehicle_tab_test" time="6.369"/>
  <system-out>
    <![CDATA[<b>Order -- Default Status - Found OK i.e Order Pending </b> <br />]]>
  </system-out>
  <testcase classname="orders.Orders_Asset_Funding_Required_Flow_HPNR_Verify_Vehicle_Order_Tab_Statuses_Test" name="verify_order_status_after_uploading_order_form_in_vehicle_tab_test" time="63.658"/>
  <system-out>
    <![CDATA[<b>File is Uploaded Successfully</b> <br />
<b>Order Status after uploading order form - Found OK i.e Order Confirmed </b> <br />]]>
  </system-out>
  <testcase classname="orders.Orders_Asset_Funding_Required_Flow_HPNR_Verify_Vehicle_Order_Tab_Statuses_Test" name="verify_delivery_status_after_selecting_date_offered_in_delivery_section_of_vehicle_tab_test" time="28.149"/>
  <system-out>
    <![CDATA[<b>Clicking on DELIVERY</b> <br />
<b>Delivery Status after selecting delivery date offered - Found OK i.e Awaiting Booking</b> <br />]]>
  </system-out>
  <testcase classname="orders.Orders_Asset_Funding_Required_Flow_HPNR_Verify_Vehicle_Order_Tab_Statuses_Test" name="verify_delivery_status_after_selecting_confirmed_delivery_date_in_delivery_section_of_vehicle_tab_test" time="14.808"/>
  <system-out>
    <![CDATA[<b>Delivery Status after selecting confirmed delivery date - Found OK i.e Delivery Booked</b> <br />]]>
  </system-out>
  <testcase classname="orders.Orders_Asset_Funding_Required_Flow_HPNR_Verify_Vehicle_Order_Tab_Statuses_Test" name="verify_delivery_status_after_uploading_delivery_note_in_post_delivery_section_on_vehicle_order_tab" time="33.972"/>
  <system-out>
    <![CDATA[<b>Delivery Status after uploading the delivery note - Found OK i.e Delivered</b> <br />]]>
  </system-out>
</testsuite> <!-- orders.Orders_Asset_Funding_Required_Flow_HPNR_Verify_Vehicle_Order_Tab_Statuses_Test -->
