<?xml version="1.0" encoding="UTF-8"?>
<!-- Generated by org.testng.reporters.JUnitReportReporter -->
<testsuite hostname="DSK-4052" failures="0" tests="3" name="orders.Orders_Ownbook_Hire_With_Customer_Flow_Test" time="200.999" errors="0" timestamp="2023-12-08T16:08:30 IST" skipped="0">
  <testcase classname="orders.Orders_Ownbook_Hire_With_Customer_Flow_Test" name="open_order_created_in_acquisition_test" time="109.384"/>
  <system-out>
    <![CDATA[<b></b> <br />
<b>Searching for Order ID TK-20873</b> <br />]]>
  </system-out>
  <testcase classname="orders.Orders_Ownbook_Hire_With_Customer_Flow_Test" name="pass_the_pre_order_check_test" time="27.907"/>
  <system-out>
    <![CDATA[<b></b> <br />
<b>Checking pre-order checks</b> <br />]]>
  </system-out>
  <testcase classname="orders.Orders_Ownbook_Hire_With_Customer_Flow_Test" name="deliver_vehicle_tab_test" time="63.708"/>
  <system-out>
    <![CDATA[<b>File is Uploaded Successfully</b> <br />]]>
  </system-out>
</testsuite> <!-- orders.Orders_Ownbook_Hire_With_Customer_Flow_Test -->
