<?xml version="1.0" encoding="UTF-8"?>
<!-- Generated by org.testng.reporters.JUnitReportReporter -->
<testsuite hostname="DSK-4052" failures="0" tests="15" name="orders.Orders_Verify_Outright_Purchase_With_Customer_Flow_Test" time="396.058" errors="0" timestamp="2024-01-09T17:40:39 IST" skipped="0">
  <testcase classname="orders.Orders_Verify_Outright_Purchase_With_Customer_Flow_Test" name="T1_open_order_created_in_acquisition_test" time="77.731"/>
  <system-out>
    <![CDATA[<b></b> <br />
<b>Searching for Order ID LO-33756</b> <br />]]>
  </system-out>
  <testcase classname="orders.Orders_Verify_Outright_Purchase_With_Customer_Flow_Test" name="T12_verify_default_status_acceptance_conditions_for_outright_purchase_flow" time="12.384"/>
  <system-out>
    <![CDATA[<b></b> <br />
<b>Opening Customer Contract Tab</b> <br />
<b>Started verifying acceptance conditions default status</b> <br />
<b>Default status for acceptance condition  - Found OK i.e Satisfied</b> <br />]]>
  </system-out>
  <testcase classname="orders.Orders_Verify_Outright_Purchase_With_Customer_Flow_Test" name="T13_verify_payment_section_values" time="0.292"/>
  <system-out>
    <![CDATA[<b></b> <br />
<b>Started verifying payment values shown under payment section</b> <br />
<b></b> <br />
<b>Vehicle Invoice Actual = 9550.0</b> <br />
<b>Vehicle Invoice Expected = 9550.0</b> <br />
<b></b> <br />
<b>Document Fee Actual = 200.0</b> <br />
<b>Document Fee Expected = 200.0</b> <br />
<b></b> <br />
<b>Order Deposit Actual = 1000.0</b> <br />
<b>Order Deposit Expected = 1000.0</b> <br />
<b>Payment values shown under payment section have been verified and found OK</b> <br />]]>
  </system-out>
  <testcase classname="orders.Orders_Verify_Outright_Purchase_With_Customer_Flow_Test" name="T14_verify_payment_default_status" time="2.726"/>
  <system-out>
    <![CDATA[<b></b> <br />
<b>Started Verifying Payments  Statuses</b> <br />
<b>Clicking on PAYMENTS</b> <br />
<b>Payment -- Default Status - Found OK i.e Payment Required</b> <br />]]>
  </system-out>
  <testcase classname="orders.Orders_Verify_Outright_Purchase_With_Customer_Flow_Test" name="T15_make_payment_with_new_payment" time="83.576"/>
  <system-out>
    <![CDATA[<b></b> <br />
<b>Generating Invoices</b> <br />
<b>Invoices Generated</b> <br />
<b>Clicked On New Payment</b> <br />
<b>Selecting Invoices/Deposits</b> <br />
<b>Invoices/Deposits Selected</b> <br />
<b>File is Uploaded Successfully</b> <br />
<b>All Payments Done</b> <br />]]>
  </system-out>
  <testcase classname="orders.Orders_Verify_Outright_Purchase_With_Customer_Flow_Test" name="T16_verify_payment_status_after_making_a_payment_on_customer_contract_tab" time="0.042"/>
  <system-out>
    <![CDATA[<b></b> <br />
<b>Status for Payment after making payment - Found OK i.e Payment Received</b> <br />]]>
  </system-out>
  <testcase classname="orders.Orders_Verify_Outright_Purchase_With_Customer_Flow_Test" name="T17_verify_delivery_status_after_selecting_date_offered_in_delivery_section_of_customer_contract_tab_test" time="46.461"/>
  <system-out>
    <![CDATA[<b>Clicking on DELIVERY</b> <br />
<b>Delivery Status after selecting delivery date offered - Found OK i.e Awaiting Booking</b> <br />]]>
  </system-out>
  <testcase classname="orders.Orders_Verify_Outright_Purchase_With_Customer_Flow_Test" name="T18_verify_delivery_status_after_selecting_confirmed_delivery_date_in_delivery_section_of_customer_contract_test" time="14.355"/>
  <system-out>
    <![CDATA[<b>Delivery Status after selecting confirmed delivery date - Found OK i.e Delivery Booked</b> <br />]]>
  </system-out>
  <testcase classname="orders.Orders_Verify_Outright_Purchase_With_Customer_Flow_Test" name="T19_verify_delivery_status_after_uploading_delivery_note_in_post_delivery_section_on_customer_contract_tab_test" time="25.649"/>
  <system-out>
    <![CDATA[<b>Delivery Status after uploading the delivery note - Found OK i.e Delivered</b> <br />]]>
  </system-out>
  <testcase classname="orders.Orders_Verify_Outright_Purchase_With_Customer_Flow_Test" name="T20_verify_delivery_status_on_customer_contract_tab_and_vehicle_order_tab_are_same_when_deliver_to_customer_toggle_button_in_on_test" time="4.263"/>
  <system-out>
    <![CDATA[<b>Delivery Status are running in parallel for Customer Contract Tab and Vehicle Order Tab , Found OK</b> <br />]]>
  </system-out>
  <testcase classname="orders.Orders_Verify_Outright_Purchase_With_Customer_Flow_Test" name="T21_verify_payout_pack_statuses_on_customer_contract_tab_test" time="27.213"/>
  <system-out>
    <![CDATA[<b>There are no Payout pack Statuses for this order as this is used car order</b> <br />]]>
  </system-out>
  <testcase classname="orders.Orders_Verify_Outright_Purchase_With_Customer_Flow_Test" name="T22_verify_delivery_section_gets_enabled_when_deliver_to_customer_toggle_button_is_made_off_test" time="5.881"/>
  <system-out>
    <![CDATA[<b></b> <br />
<b>Verifying delivery section gets enabled and delivery status is reversed to default when deliver to customer toggle button is made off</b> <br />
<b>Delivery section is visible when direct to customer toggle button is made off</b> <br />
<b>Delivery Status (after making direct to customer toggle off) gets reversed to default</b> <br />]]>
  </system-out>
  <testcase classname="orders.Orders_Verify_Outright_Purchase_With_Customer_Flow_Test" name="T23_verify_delivery_status_after_selecting_date_offered_in_delivery_section_of_vehicle_order_tab_test" time="45.464"/>
  <system-out>
    <![CDATA[<b>Clicking on DELIVERY</b> <br />
<b>Delivery Status after selecting delivery date offered - Found OK i.e Awaiting Booking</b> <br />]]>
  </system-out>
  <testcase classname="orders.Orders_Verify_Outright_Purchase_With_Customer_Flow_Test" name="T24_verify_delivery_status_after_selecting_confirmed_delivery_date_in_delivery_section_of_vehicle_tab_test" time="14.335"/>
  <system-out>
    <![CDATA[<b>Delivery Status after selecting confirmed delivery date - Found OK i.e Delivery Booked</b> <br />]]>
  </system-out>
  <testcase classname="orders.Orders_Verify_Outright_Purchase_With_Customer_Flow_Test" name="T25_verify_delivery_status_after_uploading_delivery_note_in_post_delivery_section_on_vehicle_order_tab_test" time="35.686"/>
  <system-out>
    <![CDATA[<b>Delivery Status after uploading the delivery note - Found OK i.e Delivered</b> <br />]]>
  </system-out>
</testsuite> <!-- orders.Orders_Verify_Outright_Purchase_With_Customer_Flow_Test -->
