<?xml version="1.0" encoding="UTF-8"?>
<!-- Generated by org.testng.reporters.JUnitReportReporter -->
<testsuite hostname="DSK-4052" failures="0" tests="23" name="orders.Orders_Verify_used_car_ownbook_business_hire_funder_With_Customer_Flow_Test" time="312.046" errors="1" timestamp="2024-01-16T17:10:20 IST" skipped="14">
  <testcase classname="orders.Orders_Verify_used_car_ownbook_business_hire_funder_With_Customer_Flow_Test" name="T1_open_order_created_in_acquisition_test" time="74.465"/>
  <system-out>
    <![CDATA[<b></b> <br />
<b>Searching for Order ID GW-69888</b> <br />]]>
  </system-out>
  <testcase classname="orders.Orders_Verify_used_car_ownbook_business_hire_funder_With_Customer_Flow_Test" name="T2_pre_order_pass_check_in_customer_contract_tab_test" time="17.051"/>
  <system-out>
    <![CDATA[<b></b> <br />
<b>Checking pre-order checks</b> <br />]]>
  </system-out>
  <testcase classname="orders.Orders_Verify_used_car_ownbook_business_hire_funder_With_Customer_Flow_Test" name="T3_verify_that_editing_the_basic_cash_price_does_not_affect_the_monthly_payment_on_customer_contract_tab_test" time="40.084"/>
  <system-out>
    <![CDATA[<b>Started verifying monthly payment does not change after editing the basic cash price</b> <br />
<b>Monthly payment Before Editing the Cash Price is 881.62</b> <br />
<b>Vehicle's Basic Cash Price Changed to 60,000</b> <br />
<b>Now Getting the Monthly payment from customer contract tab</b> <br />
<b>Monthly payment After Editing the Cash Price is 881.62</b> <br />
<b>Verified that monthly payment does not change after editing the basic cash price</b> <br />]]>
  </system-out>
  <testcase classname="orders.Orders_Verify_used_car_ownbook_business_hire_funder_With_Customer_Flow_Test" name="T4_verify_that_same_funder_with_same_term_and_mileage_can_not_be_added_for_with_customer_flow_test" time="28.419"/>
  <system-out>
    <![CDATA[<b></b> <br />
<b>Writing Holding Cost Summary values to excel has been completed</b> <br />
<b>Actual and Expected Message matches, hence test passed</b> <br />]]>
  </system-out>
  <testcase classname="orders.Orders_Verify_used_car_ownbook_business_hire_funder_With_Customer_Flow_Test" name="T5_verify_that_deselecting_the_selected_funder_does_not_affect_the_monthly_payment_on_customer_contract_tab_test" time="60.877"/>
  <system-out>
    <![CDATA[<b>Started verifying monthly payment does not change after de-selecting the funder on asset funding tab</b> <br />
<b>Monthly payment Before De-selecting the funder is 881.62</b> <br />
<b>Funder De-selected</b> <br />
<b>Now Getting the Monthly payment from customer contract tab</b> <br />
<b>Monthly payment After De-selecting the funder is 2119.12</b> <br />
<b>Monthly payment changed after Deselecting the funder on asset funding tab</b> <br />]]>
  </system-out>
  <testcase classname="orders.Orders_Verify_used_car_ownbook_business_hire_funder_With_Customer_Flow_Test" name="T6_verify_default_order_status_vehicle_tab_test" time="6.357"/>
  <system-out>
    <![CDATA[<b>Order -- Default Status - Found OK i.e Order Pending </b> <br />]]>
  </system-out>
  <testcase classname="orders.Orders_Verify_used_car_ownbook_business_hire_funder_With_Customer_Flow_Test" name="T7_verify_order_status_after_uploading_order_form_in_vehicle_tab_test" time="57.486"/>
  <system-out>
    <![CDATA[<b>File is Uploaded Successfully</b> <br />
<b>Order Status after uploading order form - Found OK i.e Order Confirmed </b> <br />]]>
  </system-out>
  <testcase classname="orders.Orders_Verify_used_car_ownbook_business_hire_funder_With_Customer_Flow_Test" name="T8_verify_default_payment_status_on_vehicle_tab_test" time="6.907"/>
  <system-out>
    <![CDATA[<b></b> <br />
<b>Clicking on PAYMENTS TO DEALER</b> <br />
<b>Payments to dealer -- Default Status - Found OK i.e Payment Required</b> <br />]]>
  </system-out>
  <testcase classname="orders.Orders_Verify_used_car_ownbook_business_hire_funder_With_Customer_Flow_Test" name="T9_verify_payment_status_after_selecting_payment_sent_date_on_vehicle_tab_test" time="20.400">
    <error message="Expected condition failed: waiting for element to be clickable: [[ChromeDriver: chrome on WINDOWS (7e08e14365f80db823674433fe72308d)] -&gt; xpath: (//label[normalize-space()=&#039;Payment requested&#039;]//ancestor::div[1]//input)[1]] (tried for 20 second(s) with 500 milliseconds interval)
Build info: version: &#039;4.1.0&#039;, revision: &#039;87802e897b&#039;
System info: host: &#039;DSK-4052&#039;, ip: &#039;172.16.1.80&#039;, os.name: &#039;Windows 10&#039;, os.arch: &#039;amd64&#039;, os.version: &#039;10.0&#039;, java.version: &#039;19.0.1&#039;
Driver info: org.openqa.selenium.chrome.ChromeDriver
Capabilities {acceptInsecureCerts: false, browserName: chrome, browserVersion: 120.0.6099.217, chrome: {chromedriverVersion: 119.0.6045.105 (38c72552c5e..., userDataDir: C:\Users\NITEIN~1.KUR\AppDa...}, fedcm:accounts: true, goog:chromeOptions: {debuggerAddress: localhost:56867}, javascriptEnabled: true, networkConnectionEnabled: false, pageLoadStrategy: normal, platform: WINDOWS, platformName: WINDOWS, proxy: Proxy(), se:cdp: ws://localhost:56867/devtoo..., se:cdpVersion: 120.0.6099.217, setWindowRect: true, strictFileInteractability: false, timeouts: {implicit: 0, pageLoad: 300000, script: 30000}, unhandledPromptBehavior: dismiss and notify, webauthn:extension:credBlob: true, webauthn:extension:largeBlob: true, webauthn:extension:minPinLength: true, webauthn:extension:prf: true, webauthn:virtualAuthenticators: true}
Session ID: 7e08e14365f80db823674433fe72308d" type="org.openqa.selenium.TimeoutException">
      <![CDATA[org.openqa.selenium.TimeoutException: Expected condition failed: waiting for element to be clickable: [[ChromeDriver: chrome on WINDOWS (7e08e14365f80db823674433fe72308d)] -> xpath: (//label[normalize-space()='Payment requested']//ancestor::div[1]//input)[1]] (tried for 20 second(s) with 500 milliseconds interval)
Build info: version: '4.1.0', revision: '87802e897b'
System info: host: 'DSK-4052', ip: '172.16.1.80', os.name: 'Windows 10', os.arch: 'amd64', os.version: '10.0', java.version: '19.0.1'
Driver info: org.openqa.selenium.chrome.ChromeDriver
Capabilities {acceptInsecureCerts: false, browserName: chrome, browserVersion: 120.0.6099.217, chrome: {chromedriverVersion: 119.0.6045.105 (38c72552c5e..., userDataDir: C:\Users\NITEIN~1.KUR\AppDa...}, fedcm:accounts: true, goog:chromeOptions: {debuggerAddress: localhost:56867}, javascriptEnabled: true, networkConnectionEnabled: false, pageLoadStrategy: normal, platform: WINDOWS, platformName: WINDOWS, proxy: Proxy(), se:cdp: ws://localhost:56867/devtoo..., se:cdpVersion: 120.0.6099.217, setWindowRect: true, strictFileInteractability: false, timeouts: {implicit: 0, pageLoad: 300000, script: 30000}, unhandledPromptBehavior: dismiss and notify, webauthn:extension:credBlob: true, webauthn:extension:largeBlob: true, webauthn:extension:minPinLength: true, webauthn:extension:prf: true, webauthn:virtualAuthenticators: true}
Session ID: 7e08e14365f80db823674433fe72308d
at org.openqa.selenium.support.ui.WebDriverWait.timeoutException(WebDriverWait.java:138)
at org.openqa.selenium.support.ui.FluentWait.until(FluentWait.java:231)
at com.amt.testUtil.Click.on(Click.java:17)
at com.amt.pages.VehicleOrderPage.verify_payment_status_after_selecting_payment_sent_date_on_vehicle_tab(VehicleOrderPage.java:495)
at orders.Orders_Verify_used_car_ownbook_business_hire_funder_With_Customer_Flow_Test.T9_verify_payment_status_after_selecting_payment_sent_date_on_vehicle_tab_test(Orders_Verify_used_car_ownbook_business_hire_funder_With_Customer_Flow_Test.java:170)
at java.base/jdk.internal.reflect.DirectMethodHandleAccessor.invoke(DirectMethodHandleAccessor.java:104)
at java.base/java.lang.reflect.Method.invoke(Method.java:578)
at org.testng.internal.MethodInvocationHelper.invokeMethod(MethodInvocationHelper.java:133)
at org.testng.internal.TestInvoker.invokeMethod(TestInvoker.java:598)
at org.testng.internal.TestInvoker.invokeTestMethod(TestInvoker.java:173)
at org.testng.internal.MethodRunner.runInSequence(MethodRunner.java:46)
at org.testng.internal.TestInvoker$MethodInvocationAgent.invoke(TestInvoker.java:824)
at org.testng.internal.TestInvoker.invokeTestMethods(TestInvoker.java:146)
at org.testng.internal.TestMethodWorker.invokeTestMethods(TestMethodWorker.java:146)
at org.testng.internal.TestMethodWorker.run(TestMethodWorker.java:128)
at java.base/java.util.ArrayList.forEach(ArrayList.java:1511)
at org.testng.TestRunner.privateRun(TestRunner.java:794)
at org.testng.TestRunner.run(TestRunner.java:596)
at org.testng.SuiteRunner.runTest(SuiteRunner.java:377)
at org.testng.SuiteRunner.runSequentially(SuiteRunner.java:371)
at org.testng.SuiteRunner.privateRun(SuiteRunner.java:332)
at org.testng.SuiteRunner.run(SuiteRunner.java:276)
at org.testng.SuiteRunnerWorker.runSuite(SuiteRunnerWorker.java:53)
at org.testng.SuiteRunnerWorker.run(SuiteRunnerWorker.java:96)
at org.testng.TestNG.runSuitesSequentially(TestNG.java:1212)
at org.testng.TestNG.runSuitesLocally(TestNG.java:1134)
at org.testng.TestNG.runSuites(TestNG.java:1063)
at org.testng.TestNG.run(TestNG.java:1031)
at org.testng.remote.AbstractRemoteTestNG.run(AbstractRemoteTestNG.java:115)
at org.testng.remote.RemoteTestNG.initAndRun(RemoteTestNG.java:251)
at org.testng.remote.RemoteTestNG.main(RemoteTestNG.java:77)
]]>
    </error>
  </testcase> <!-- T9_verify_payment_status_after_selecting_payment_sent_date_on_vehicle_tab_test -->
  <system-out>
    <![CDATA[<br>----------Screenshot---------<br>
<img src="D:\Orders_Vehicles\AMT_Orders_Vehicles\target\surefire-reports\html\failure_screenshots\T9_verify_payment_status_after_selecting_payment_sent_date_on_vehicle_tab_test_16_01_2024_05_10_19.png" height="800" width="1000">]]>
  </system-out>
  <testcase classname="orders.Orders_Verify_used_car_ownbook_business_hire_funder_With_Customer_Flow_Test" name="T10_verify_payment_status_should_be_reversed_to_payment_required_after_selecting_payment_by_AMT_on_vehicle_tab_test" time="0.000">
    <skipped/>
  </testcase> <!-- T10_verify_payment_status_should_be_reversed_to_payment_required_after_selecting_payment_by_AMT_on_vehicle_tab_test -->
  <system-out/>
  <testcase classname="orders.Orders_Verify_used_car_ownbook_business_hire_funder_With_Customer_Flow_Test" name="T11_verify_payment_status_after_selecting_payment_sent_date_for_amount_due_on_vehicle_tab_test" time="0.000">
    <skipped/>
  </testcase> <!-- T11_verify_payment_status_after_selecting_payment_sent_date_for_amount_due_on_vehicle_tab_test -->
  <system-out/>
  <testcase classname="orders.Orders_Verify_used_car_ownbook_business_hire_funder_With_Customer_Flow_Test" name="T12_verify_default_status_acceptance_conditions_for_ownbook_hire_flow" time="0.000">
    <skipped/>
  </testcase> <!-- T12_verify_default_status_acceptance_conditions_for_ownbook_hire_flow -->
  <system-out/>
  <testcase classname="orders.Orders_Verify_used_car_ownbook_business_hire_funder_With_Customer_Flow_Test" name="T13_verify_summary_section_values" time="0.000">
    <skipped/>
  </testcase> <!-- T13_verify_summary_section_values -->
  <system-out/>
  <testcase classname="orders.Orders_Verify_used_car_ownbook_business_hire_funder_With_Customer_Flow_Test" name="T14_verify_payment_default_status" time="0.000">
    <skipped/>
  </testcase> <!-- T14_verify_payment_default_status -->
  <system-out/>
  <testcase classname="orders.Orders_Verify_used_car_ownbook_business_hire_funder_With_Customer_Flow_Test" name="T16_verify_payment_status_after_making_a_payment_on_customer_contract_tab" time="0.000">
    <skipped/>
  </testcase> <!-- T16_verify_payment_status_after_making_a_payment_on_customer_contract_tab -->
  <system-out/>
  <testcase classname="orders.Orders_Verify_used_car_ownbook_business_hire_funder_With_Customer_Flow_Test" name="T17_verify_delivery_status_after_selecting_date_offered_in_delivery_section_of_customer_contract_tab_test" time="0.000">
    <skipped/>
  </testcase> <!-- T17_verify_delivery_status_after_selecting_date_offered_in_delivery_section_of_customer_contract_tab_test -->
  <system-out/>
  <testcase classname="orders.Orders_Verify_used_car_ownbook_business_hire_funder_With_Customer_Flow_Test" name="T18_verify_delivery_status_after_selecting_confirmed_delivery_date_in_delivery_section_of_customer_contract_test" time="0.000">
    <skipped/>
  </testcase> <!-- T18_verify_delivery_status_after_selecting_confirmed_delivery_date_in_delivery_section_of_customer_contract_test -->
  <system-out/>
  <testcase classname="orders.Orders_Verify_used_car_ownbook_business_hire_funder_With_Customer_Flow_Test" name="T19_verify_delivery_status_after_uploading_delivery_note_in_post_delivery_section_on_customer_contract_tab_test" time="0.000">
    <skipped/>
  </testcase> <!-- T19_verify_delivery_status_after_uploading_delivery_note_in_post_delivery_section_on_customer_contract_tab_test -->
  <system-out/>
  <testcase classname="orders.Orders_Verify_used_car_ownbook_business_hire_funder_With_Customer_Flow_Test" name="T20_verify_delivery_status_on_customer_contract_tab_and_vehicle_order_tab_are_same_when_deliver_to_customer_toggle_button_in_on_test" time="0.000">
    <skipped/>
  </testcase> <!-- T20_verify_delivery_status_on_customer_contract_tab_and_vehicle_order_tab_are_same_when_deliver_to_customer_toggle_button_in_on_test -->
  <system-out/>
  <testcase classname="orders.Orders_Verify_used_car_ownbook_business_hire_funder_With_Customer_Flow_Test" name="T21_verify_delivery_section_gets_enabled_when_deliver_to_customer_toggle_button_is_made_off_test" time="0.000">
    <skipped/>
  </testcase> <!-- T21_verify_delivery_section_gets_enabled_when_deliver_to_customer_toggle_button_is_made_off_test -->
  <system-out/>
  <testcase classname="orders.Orders_Verify_used_car_ownbook_business_hire_funder_With_Customer_Flow_Test" name="T22_verify_delivery_status_after_selecting_date_offered_in_delivery_section_of_vehicle_order_tab_test" time="0.000">
    <skipped/>
  </testcase> <!-- T22_verify_delivery_status_after_selecting_date_offered_in_delivery_section_of_vehicle_order_tab_test -->
  <system-out/>
  <testcase classname="orders.Orders_Verify_used_car_ownbook_business_hire_funder_With_Customer_Flow_Test" name="T23_verify_delivery_status_after_selecting_confirmed_delivery_date_in_delivery_section_of_vehicle_tab_test" time="0.000">
    <skipped/>
  </testcase> <!-- T23_verify_delivery_status_after_selecting_confirmed_delivery_date_in_delivery_section_of_vehicle_tab_test -->
  <system-out/>
  <testcase classname="orders.Orders_Verify_used_car_ownbook_business_hire_funder_With_Customer_Flow_Test" name="T24_verify_delivery_status_after_uploading_delivery_note_in_post_delivery_section_on_vehicle_order_tab_test" time="0.000">
    <skipped/>
  </testcase> <!-- T24_verify_delivery_status_after_uploading_delivery_note_in_post_delivery_section_on_vehicle_order_tab_test -->
  <system-out/>
</testsuite> <!-- orders.Orders_Verify_used_car_ownbook_business_hire_funder_With_Customer_Flow_Test -->
