<?xml version="1.0" encoding="UTF-8"?>
<!-- Generated by org.testng.reporters.JUnitReportReporter -->
<testsuite hostname="DSK-4052" failures="0" tests="7" name="orders.Orders_Asset_Funding_Required_Flow_HPNR_BCH_with_funder_with_maintenance_Test" time="191.716" errors="1" timestamp="2023-11-24T14:39:52 IST" skipped="2">
  <testcase classname="orders.Orders_Asset_Funding_Required_Flow_HPNR_BCH_with_funder_with_maintenance_Test" name="open_order_created_in_acquisition_test" time="56.603"/>
  <system-out>
    <![CDATA[<b></b> <br />
<b>Searching for Order ID ZK-24001</b> <br />]]>
  </system-out>
  <testcase classname="orders.Orders_Asset_Funding_Required_Flow_HPNR_BCH_with_funder_with_maintenance_Test" name="verify_default_status_required_flow_test" time="11.483"/>
  <system-out>
    <![CDATA[<b></b> <br />
<b>Started verifying Default Status for BCH required flow</b> <br />
<b>Default Status for BCH required flow Found OK i.e Quote Accepted because Funder is already added from acquisition quote</b> <br />]]>
  </system-out>
  <testcase classname="orders.Orders_Asset_Funding_Required_Flow_HPNR_BCH_with_funder_with_maintenance_Test" name="verify_default_funder_is_not_deleted_test" time="2.126"/>
  <system-out>
    <![CDATA[<b></b> <br />
<b>Trying to delete funder</b> <br />
<b>Default funder can not be deleted as Delete button for selected funder is not enabled</b> <br />]]>
  </system-out>
  <testcase classname="orders.Orders_Asset_Funding_Required_Flow_HPNR_BCH_with_funder_with_maintenance_Test" name="verify_selected_funder_can_not_be_edited_test" time="0.232"/>
  <system-out>
    <![CDATA[<b></b> <br />
<b>Trying to edit the selected funder</b> <br />
<b>Double Clicked on selected funder and we got warning message : A selected funder cannot be edited. Please remove funder selection before editing</b> <br />
<b>Selected funder can not be edited</b> <br />]]>
  </system-out>
  <testcase classname="orders.Orders_Asset_Funding_Required_Flow_HPNR_BCH_with_funder_with_maintenance_Test" name="verify_finance_documents_statuses_for_required_flow_test" time="121.272">
    <error message="Expected condition failed: waiting for element to be clickable: [[EdgeDriver: msedge on WINDOWS (b4fd96ed2f1bbda2d871154a90da4747)] -&gt; xpath: //*[@id=&#039;financeactivated&#039;]] (tried for 20 second(s) with 500 milliseconds interval)
Build info: version: &#039;4.1.0&#039;, revision: &#039;87802e897b&#039;
System info: host: &#039;DSK-4052&#039;, ip: &#039;172.16.1.80&#039;, os.name: &#039;Windows 10&#039;, os.arch: &#039;amd64&#039;, os.version: &#039;10.0&#039;, java.version: &#039;19.0.1&#039;
Driver info: org.openqa.selenium.edge.EdgeDriver
Capabilities {acceptInsecureCerts: false, browserName: msedge, browserVersion: 119.0.2151.72, fedcm:accounts: true, javascriptEnabled: true, ms:edgeOptions: {debuggerAddress: localhost:52114}, msedge: {msedgedriverVersion: 119.0.2151.44 (44557a29097a..., userDataDir: C:\Users\NITEIN~1.KUR\AppDa...}, networkConnectionEnabled: false, pageLoadStrategy: normal, platform: WINDOWS, platformName: WINDOWS, proxy: Proxy(), se:cdp: ws://localhost:52114/devtoo..., se:cdpVersion: 119.0.2151.72, setWindowRect: true, strictFileInteractability: false, timeouts: {implicit: 0, pageLoad: 300000, script: 30000}, unhandledPromptBehavior: dismiss and notify, webauthn:extension:credBlob: true, webauthn:extension:largeBlob: true, webauthn:extension:minPinLength: true, webauthn:extension:prf: true, webauthn:virtualAuthenticators: true}
Session ID: b4fd96ed2f1bbda2d871154a90da4747" type="org.openqa.selenium.TimeoutException">
      <![CDATA[org.openqa.selenium.TimeoutException: Expected condition failed: waiting for element to be clickable: [[EdgeDriver: msedge on WINDOWS (b4fd96ed2f1bbda2d871154a90da4747)] -> xpath: //*[@id='financeactivated']] (tried for 20 second(s) with 500 milliseconds interval)
Build info: version: '4.1.0', revision: '87802e897b'
System info: host: 'DSK-4052', ip: '172.16.1.80', os.name: 'Windows 10', os.arch: 'amd64', os.version: '10.0', java.version: '19.0.1'
Driver info: org.openqa.selenium.edge.EdgeDriver
Capabilities {acceptInsecureCerts: false, browserName: msedge, browserVersion: 119.0.2151.72, fedcm:accounts: true, javascriptEnabled: true, ms:edgeOptions: {debuggerAddress: localhost:52114}, msedge: {msedgedriverVersion: 119.0.2151.44 (44557a29097a..., userDataDir: C:\Users\NITEIN~1.KUR\AppDa...}, networkConnectionEnabled: false, pageLoadStrategy: normal, platform: WINDOWS, platformName: WINDOWS, proxy: Proxy(), se:cdp: ws://localhost:52114/devtoo..., se:cdpVersion: 119.0.2151.72, setWindowRect: true, strictFileInteractability: false, timeouts: {implicit: 0, pageLoad: 300000, script: 30000}, unhandledPromptBehavior: dismiss and notify, webauthn:extension:credBlob: true, webauthn:extension:largeBlob: true, webauthn:extension:minPinLength: true, webauthn:extension:prf: true, webauthn:virtualAuthenticators: true}
Session ID: b4fd96ed2f1bbda2d871154a90da4747
at org.openqa.selenium.support.ui.WebDriverWait.timeoutException(WebDriverWait.java:138)
at org.openqa.selenium.support.ui.FluentWait.until(FluentWait.java:231)
at com.amt.testUtil.Click.on(Click.java:17)
at com.amt.pages.AssetFundingPage.verify_finance_documents_statuses(AssetFundingPage.java:2402)
at orders.Orders_Asset_Funding_Required_Flow_HPNR_BCH_with_funder_with_maintenance_Test.verify_finance_documents_statuses_for_required_flow_test(Orders_Asset_Funding_Required_Flow_HPNR_BCH_with_funder_with_maintenance_Test.java:105)
at java.base/jdk.internal.reflect.DirectMethodHandleAccessor.invoke(DirectMethodHandleAccessor.java:104)
at java.base/java.lang.reflect.Method.invoke(Method.java:578)
at org.testng.internal.MethodInvocationHelper.invokeMethod(MethodInvocationHelper.java:133)
at org.testng.internal.TestInvoker.invokeMethod(TestInvoker.java:598)
at org.testng.internal.TestInvoker.invokeTestMethod(TestInvoker.java:173)
at org.testng.internal.MethodRunner.runInSequence(MethodRunner.java:46)
at org.testng.internal.TestInvoker$MethodInvocationAgent.invoke(TestInvoker.java:824)
at org.testng.internal.TestInvoker.invokeTestMethods(TestInvoker.java:146)
at org.testng.internal.TestMethodWorker.invokeTestMethods(TestMethodWorker.java:146)
at org.testng.internal.TestMethodWorker.run(TestMethodWorker.java:128)
at java.base/java.util.ArrayList.forEach(ArrayList.java:1511)
at org.testng.TestRunner.privateRun(TestRunner.java:794)
at org.testng.TestRunner.run(TestRunner.java:596)
at org.testng.SuiteRunner.runTest(SuiteRunner.java:377)
at org.testng.SuiteRunner.runSequentially(SuiteRunner.java:371)
at org.testng.SuiteRunner.privateRun(SuiteRunner.java:332)
at org.testng.SuiteRunner.run(SuiteRunner.java:276)
at org.testng.SuiteRunnerWorker.runSuite(SuiteRunnerWorker.java:53)
at org.testng.SuiteRunnerWorker.run(SuiteRunnerWorker.java:96)
at org.testng.TestNG.runSuitesSequentially(TestNG.java:1212)
at org.testng.TestNG.runSuitesLocally(TestNG.java:1134)
at org.testng.TestNG.runSuites(TestNG.java:1063)
at org.testng.TestNG.run(TestNG.java:1031)
at org.testng.remote.AbstractRemoteTestNG.run(AbstractRemoteTestNG.java:115)
at org.testng.remote.RemoteTestNG.initAndRun(RemoteTestNG.java:251)
at org.testng.remote.RemoteTestNG.main(RemoteTestNG.java:77)
]]>
    </error>
  </testcase> <!-- verify_finance_documents_statuses_for_required_flow_test -->
  <system-out>
    <![CDATA[<b></b> <br />
<b>Sterted Verifying Finance Document Statuses for required flow</b> <br />
<b>Finance Document Status after selecting agreement requested date- Found OK i.e Finance docs Requested</b> <br />
<b>Finance Document Status after selecting agreement received date- Found OK i.e Finance Docs Received</b> <br />
<b>Finance Document Status after uploading signed documents - Found OK i.e Finance Docs Signed</b> <br />
<b>Finance Document Status after selecting uploaded to funder date- Found OK i.e Upload to Funder</b> <br />
<br>----------Screenshot---------<br>
<img src="D:\Orders_Vehicles\AMT_Orders_Vehicles\target\surefire-reports\html\failure_screenshots\verify_finance_documents_statuses_for_required_flow_test_24_11_2023_02_39_52.png" height="800" width="1000">]]>
  </system-out>
  <testcase classname="orders.Orders_Asset_Funding_Required_Flow_HPNR_BCH_with_funder_with_maintenance_Test" name="verify_payments_to_funder_statuses_for_required_flow_test" time="0.000">
    <skipped/>
  </testcase> <!-- verify_payments_to_funder_statuses_for_required_flow_test -->
  <system-out/>
  <testcase classname="orders.Orders_Asset_Funding_Required_Flow_HPNR_BCH_with_funder_with_maintenance_Test" name="verify_completed_status_for_required_flow_test" time="0.000">
    <skipped/>
  </testcase> <!-- verify_completed_status_for_required_flow_test -->
  <system-out/>
</testsuite> <!-- orders.Orders_Asset_Funding_Required_Flow_HPNR_BCH_with_funder_with_maintenance_Test -->
