<?xml version="1.0" encoding="UTF-8"?>
<!-- Generated by org.testng.reporters.JUnitReportReporter -->
<testsuite hostname="DSK-4052" failures="0" tests="3" name="orders.Orders_Customer_Contract_Complete_Order_For_Broker_With_Customer_Flow_Test" time="77.431" errors="0" timestamp="2023-11-23T17:48:33 IST" skipped="0">
  <testcase classname="orders.Orders_Customer_Contract_Complete_Order_For_Broker_With_Customer_Flow_Test" name="open_order_created_in_acquisition_test" time="62.583"/>
  <system-out>
    <![CDATA[<b></b> <br />
<b>Searching for Order ID BP-34573</b> <br />]]>
  </system-out>
  <testcase classname="orders.Orders_Customer_Contract_Complete_Order_For_Broker_With_Customer_Flow_Test" name="verify_the_vehicle_is_seen_in_sold_section_on_completing_the_order_on_customer_contract_page_test" time="14.161"/>
  <system-out>
    <![CDATA[<b>Opening Sold Vehicle Listing in New Tab</b> <br />
<b>Searching order in the listing</b> <br />
<b>Searching for Order ID BP-34573</b> <br />
<b>Order seen in sold vehicles section, Hence Test passed</b> <br />]]>
  </system-out>
  <testcase classname="orders.Orders_Customer_Contract_Complete_Order_For_Broker_With_Customer_Flow_Test" name="verify_statuses_on_order_completed_test" time="0.687"/>
  <system-out>
    <![CDATA[<b></b> <br />
<b>Verifying statuses displayed on searched output</b> <br />
<b>Status for VEHICLE STATUS is Sold Hence Test Passed</b> <br />
<b>Status for CUSTOMER STATUS is Completed Hence Test Passed</b> <br />
<b>Status for ACQUISTION STATUS is Completed Hence Test Passed</b> <br />]]>
  </system-out>
</testsuite> <!-- orders.Orders_Customer_Contract_Complete_Order_For_Broker_With_Customer_Flow_Test -->
