<?xml version="1.0" encoding="UTF-8"?>
<!-- Generated by org.testng.reporters.JUnitReportReporter -->
<testsuite hostname="DSK-4052" failures="1" tests="25" name="orders.Orders_Verify_ownbook_business_hire_funder_With_Customer_Flow_Test" time="177.488" errors="0" timestamp="2024-01-10T19:18:23 IST" skipped="21">
  <testcase classname="orders.Orders_Verify_ownbook_business_hire_funder_With_Customer_Flow_Test" name="T1_open_order_created_in_acquisition_test" time="65.990"/>
  <system-out>
    <![CDATA[<b></b> <br />
<b>Searching for Order ID DR-46913</b> <br />]]>
  </system-out>
  <testcase classname="orders.Orders_Verify_ownbook_business_hire_funder_With_Customer_Flow_Test" name="T2_pre_order_pass_check_in_customer_contract_tab_test" time="17.568"/>
  <system-out>
    <![CDATA[<b></b> <br />
<b>Checking pre-order checks</b> <br />]]>
  </system-out>
  <testcase classname="orders.Orders_Verify_ownbook_business_hire_funder_With_Customer_Flow_Test" name="T3_verify_that_editing_the_basic_cash_price_does_not_affect_the_monthly_payment_on_customer_contract_tab_test" time="65.728"/>
  <system-out>
    <![CDATA[<b>Started verifying monthly payment does not change after editing the basic cash price</b> <br />
<b>Monthly payment Before Editing the Cash Price is 1565.98</b> <br />
<b>Vehicle's Basic Cash Price Changed to 60,000</b> <br />
<b>Now Getting the Monthly payment from customer contract tab</b> <br />
<b>Monthly payment After Editing the Cash Price is 1565.98</b> <br />
<b>Verified that monthly payment does not change after editing the basic cash price</b> <br />]]>
  </system-out>
  <testcase classname="orders.Orders_Verify_ownbook_business_hire_funder_With_Customer_Flow_Test" name="T4_verify_that_same_funder_with_same_term_and_mileage_can_not_be_added_for_with_customer_flow_test" time="28.202">
    <failure message="expected [true] but found [false]" type="java.lang.AssertionError">
      <![CDATA[java.lang.AssertionError: expected [true] but found [false]
at org.testng.Assert.fail(Assert.java:99)
at org.testng.Assert.failNotEquals(Assert.java:1037)
at org.testng.Assert.assertTrue(Assert.java:45)
at org.testng.Assert.assertTrue(Assert.java:55)
at orders.Orders_Verify_ownbook_business_hire_funder_With_Customer_Flow_Test.T4_verify_that_same_funder_with_same_term_and_mileage_can_not_be_added_for_with_customer_flow_test(Orders_Verify_ownbook_business_hire_funder_With_Customer_Flow_Test.java:93)
at java.base/jdk.internal.reflect.DirectMethodHandleAccessor.invoke(DirectMethodHandleAccessor.java:104)
at java.base/java.lang.reflect.Method.invoke(Method.java:578)
at org.testng.internal.MethodInvocationHelper.invokeMethod(MethodInvocationHelper.java:133)
at org.testng.internal.TestInvoker.invokeMethod(TestInvoker.java:598)
at org.testng.internal.TestInvoker.invokeTestMethod(TestInvoker.java:173)
at org.testng.internal.MethodRunner.runInSequence(MethodRunner.java:46)
at org.testng.internal.TestInvoker$MethodInvocationAgent.invoke(TestInvoker.java:824)
at org.testng.internal.TestInvoker.invokeTestMethods(TestInvoker.java:146)
at org.testng.internal.TestMethodWorker.invokeTestMethods(TestMethodWorker.java:146)
at org.testng.internal.TestMethodWorker.run(TestMethodWorker.java:128)
at java.base/java.util.ArrayList.forEach(ArrayList.java:1511)
at org.testng.TestRunner.privateRun(TestRunner.java:794)
at org.testng.TestRunner.run(TestRunner.java:596)
at org.testng.SuiteRunner.runTest(SuiteRunner.java:377)
at org.testng.SuiteRunner.runSequentially(SuiteRunner.java:371)
at org.testng.SuiteRunner.privateRun(SuiteRunner.java:332)
at org.testng.SuiteRunner.run(SuiteRunner.java:276)
at org.testng.SuiteRunnerWorker.runSuite(SuiteRunnerWorker.java:53)
at org.testng.SuiteRunnerWorker.run(SuiteRunnerWorker.java:96)
at org.testng.TestNG.runSuitesSequentially(TestNG.java:1212)
at org.testng.TestNG.runSuitesLocally(TestNG.java:1134)
at org.testng.TestNG.runSuites(TestNG.java:1063)
at org.testng.TestNG.run(TestNG.java:1031)
at org.testng.remote.AbstractRemoteTestNG.run(AbstractRemoteTestNG.java:115)
at org.testng.remote.RemoteTestNG.initAndRun(RemoteTestNG.java:251)
at org.testng.remote.RemoteTestNG.main(RemoteTestNG.java:77)
]]>
    </failure>
  </testcase> <!-- T4_verify_that_same_funder_with_same_term_and_mileage_can_not_be_added_for_with_customer_flow_test -->
  <system-out>
    <![CDATA[<b></b> <br />
<b>Writing Holding Cost Summary values to excel has been completed</b> <br />
<b>Actual and Expected Message do not matches, hence test failed</b> <br />
<br>----------Screenshot---------<br>
<img src="D:\Orders_Vehicles\AMT_Orders_Vehicles\target\surefire-reports\html\failure_screenshots\T4_verify_that_same_funder_with_same_term_and_mileage_can_not_be_added_for_with_customer_flow_test_10_01_2024_07_18_23.png" height="800" width="1000">]]>
  </system-out>
  <testcase classname="orders.Orders_Verify_ownbook_business_hire_funder_With_Customer_Flow_Test" name="T5_verify_that_deselecting_the_selected_funder_does_not_affect_the_monthly_payment_on_customer_contract_tab_test" time="0.000">
    <skipped/>
  </testcase> <!-- T5_verify_that_deselecting_the_selected_funder_does_not_affect_the_monthly_payment_on_customer_contract_tab_test -->
  <system-out/>
  <testcase classname="orders.Orders_Verify_ownbook_business_hire_funder_With_Customer_Flow_Test" name="T6_verify_default_order_status_vehicle_tab_test" time="0.000">
    <skipped/>
  </testcase> <!-- T6_verify_default_order_status_vehicle_tab_test -->
  <system-out/>
  <testcase classname="orders.Orders_Verify_ownbook_business_hire_funder_With_Customer_Flow_Test" name="T7_verify_order_status_after_uploading_order_form_in_vehicle_tab_test" time="0.000">
    <skipped/>
  </testcase> <!-- T7_verify_order_status_after_uploading_order_form_in_vehicle_tab_test -->
  <system-out/>
  <testcase classname="orders.Orders_Verify_ownbook_business_hire_funder_With_Customer_Flow_Test" name="T8_verify_default_payment_status_on_vehicle_tab_test" time="0.000">
    <skipped/>
  </testcase> <!-- T8_verify_default_payment_status_on_vehicle_tab_test -->
  <system-out/>
  <testcase classname="orders.Orders_Verify_ownbook_business_hire_funder_With_Customer_Flow_Test" name="T9_verify_payment_status_after_selecting_payment_sent_date_on_vehicle_tab_test" time="0.000">
    <skipped/>
  </testcase> <!-- T9_verify_payment_status_after_selecting_payment_sent_date_on_vehicle_tab_test -->
  <system-out/>
  <testcase classname="orders.Orders_Verify_ownbook_business_hire_funder_With_Customer_Flow_Test" name="T10_verify_payment_status_should_be_reversed_to_payment_required_after_selecting_payment_by_AMT_on_vehicle_tab_test" time="0.000">
    <skipped/>
  </testcase> <!-- T10_verify_payment_status_should_be_reversed_to_payment_required_after_selecting_payment_by_AMT_on_vehicle_tab_test -->
  <system-out/>
  <testcase classname="orders.Orders_Verify_ownbook_business_hire_funder_With_Customer_Flow_Test" name="T11_verify_payment_status_after_selecting_payment_sent_date_for_amount_due_on_vehicle_tab_test" time="0.000">
    <skipped/>
  </testcase> <!-- T11_verify_payment_status_after_selecting_payment_sent_date_for_amount_due_on_vehicle_tab_test -->
  <system-out/>
  <testcase classname="orders.Orders_Verify_ownbook_business_hire_funder_With_Customer_Flow_Test" name="T12_verify_default_status_acceptance_conditions_for_ownbook_hire_flow" time="0.000">
    <skipped/>
  </testcase> <!-- T12_verify_default_status_acceptance_conditions_for_ownbook_hire_flow -->
  <system-out/>
  <testcase classname="orders.Orders_Verify_ownbook_business_hire_funder_With_Customer_Flow_Test" name="T13_verify_summary_section_values" time="0.000">
    <skipped/>
  </testcase> <!-- T13_verify_summary_section_values -->
  <system-out/>
  <testcase classname="orders.Orders_Verify_ownbook_business_hire_funder_With_Customer_Flow_Test" name="T14_verify_payment_default_status" time="0.000">
    <skipped/>
  </testcase> <!-- T14_verify_payment_default_status -->
  <system-out/>
  <testcase classname="orders.Orders_Verify_ownbook_business_hire_funder_With_Customer_Flow_Test" name="T15_make_payment_with_new_payment" time="0.000">
    <skipped/>
  </testcase> <!-- T15_make_payment_with_new_payment -->
  <system-out/>
  <testcase classname="orders.Orders_Verify_ownbook_business_hire_funder_With_Customer_Flow_Test" name="T16_verify_payment_status_after_making_a_payment_on_customer_contract_tab" time="0.000">
    <skipped/>
  </testcase> <!-- T16_verify_payment_status_after_making_a_payment_on_customer_contract_tab -->
  <system-out/>
  <testcase classname="orders.Orders_Verify_ownbook_business_hire_funder_With_Customer_Flow_Test" name="T17_verify_delivery_status_after_selecting_date_offered_in_delivery_section_of_customer_contract_tab_test" time="0.000">
    <skipped/>
  </testcase> <!-- T17_verify_delivery_status_after_selecting_date_offered_in_delivery_section_of_customer_contract_tab_test -->
  <system-out/>
  <testcase classname="orders.Orders_Verify_ownbook_business_hire_funder_With_Customer_Flow_Test" name="T18_verify_delivery_status_after_selecting_confirmed_delivery_date_in_delivery_section_of_customer_contract_test" time="0.000">
    <skipped/>
  </testcase> <!-- T18_verify_delivery_status_after_selecting_confirmed_delivery_date_in_delivery_section_of_customer_contract_test -->
  <system-out/>
  <testcase classname="orders.Orders_Verify_ownbook_business_hire_funder_With_Customer_Flow_Test" name="T19_verify_delivery_status_after_uploading_delivery_note_in_post_delivery_section_on_customer_contract_tab_test" time="0.000">
    <skipped/>
  </testcase> <!-- T19_verify_delivery_status_after_uploading_delivery_note_in_post_delivery_section_on_customer_contract_tab_test -->
  <system-out/>
  <testcase classname="orders.Orders_Verify_ownbook_business_hire_funder_With_Customer_Flow_Test" name="T20_verify_delivery_status_on_customer_contract_tab_and_vehicle_order_tab_are_same_when_deliver_to_customer_toggle_button_in_on_test" time="0.000">
    <skipped/>
  </testcase> <!-- T20_verify_delivery_status_on_customer_contract_tab_and_vehicle_order_tab_are_same_when_deliver_to_customer_toggle_button_in_on_test -->
  <system-out/>
  <testcase classname="orders.Orders_Verify_ownbook_business_hire_funder_With_Customer_Flow_Test" name="T21_verify_payout_pack_statuses_on_customer_contract_tab_test" time="0.000">
    <skipped/>
  </testcase> <!-- T21_verify_payout_pack_statuses_on_customer_contract_tab_test -->
  <system-out/>
  <testcase classname="orders.Orders_Verify_ownbook_business_hire_funder_With_Customer_Flow_Test" name="T22_verify_delivery_section_gets_enabled_when_deliver_to_customer_toggle_button_is_made_off_test" time="0.000">
    <skipped/>
  </testcase> <!-- T22_verify_delivery_section_gets_enabled_when_deliver_to_customer_toggle_button_is_made_off_test -->
  <system-out/>
  <testcase classname="orders.Orders_Verify_ownbook_business_hire_funder_With_Customer_Flow_Test" name="T23_verify_delivery_status_after_selecting_date_offered_in_delivery_section_of_vehicle_order_tab_test" time="0.000">
    <skipped/>
  </testcase> <!-- T23_verify_delivery_status_after_selecting_date_offered_in_delivery_section_of_vehicle_order_tab_test -->
  <system-out/>
  <testcase classname="orders.Orders_Verify_ownbook_business_hire_funder_With_Customer_Flow_Test" name="T24_verify_delivery_status_after_selecting_confirmed_delivery_date_in_delivery_section_of_vehicle_tab_test" time="0.000">
    <skipped/>
  </testcase> <!-- T24_verify_delivery_status_after_selecting_confirmed_delivery_date_in_delivery_section_of_vehicle_tab_test -->
  <system-out/>
  <testcase classname="orders.Orders_Verify_ownbook_business_hire_funder_With_Customer_Flow_Test" name="T25_verify_delivery_status_after_uploading_delivery_note_in_post_delivery_section_on_vehicle_order_tab_test" time="0.000">
    <skipped/>
  </testcase> <!-- T25_verify_delivery_status_after_uploading_delivery_note_in_post_delivery_section_on_vehicle_order_tab_test -->
  <system-out/>
</testsuite> <!-- orders.Orders_Verify_ownbook_business_hire_funder_With_Customer_Flow_Test -->
