<?xml version="1.0" encoding="UTF-8"?>
<!-- Generated by org.testng.reporters.JUnitReportReporter -->
<testsuite hostname="DSK-4052" failures="0" tests="6" name="orders.Orders_Verify_ownbook_business_hire_With_Customer_Flow_Test" time="230.624" errors="0" timestamp="2023-12-27T13:24:52 IST" skipped="0">
  <testcase classname="orders.Orders_Verify_ownbook_business_hire_With_Customer_Flow_Test" name="T1_open_order_created_in_acquisition_test" time="66.419"/>
  <system-out>
    <![CDATA[<b></b> <br />
<b>Searching for Order ID LU-53326</b> <br />]]>
  </system-out>
  <testcase classname="orders.Orders_Verify_ownbook_business_hire_With_Customer_Flow_Test" name="pre_order_pass_check_in_customer_contract_tab_test" time="17.084"/>
  <system-out>
    <![CDATA[<b></b> <br />
<b>Checking pre-order checks</b> <br />]]>
  </system-out>
  <testcase classname="orders.Orders_Verify_ownbook_business_hire_With_Customer_Flow_Test" name="T2_verify_that_editing_the_basic_cash_price_does_not_affect_the_monthly_payment_on_customer_contract_tab_test" time="58.086"/>
  <system-out>
    <![CDATA[<b>Started verifying monthly payment does not change after editing the basic cash price</b> <br />
<b>Monthly payment Before Editing the Cash Price is 1518.04</b> <br />
<b>Vehicle's Basic Cash Price Changed to 60,000</b> <br />
<b>Now Getting the Monthly payment from customer contract tab</b> <br />
<b>Monthly payment After Editing the Cash Price is 1518.04</b> <br />
<b>Verified that monthly payment does not change after editing the basic cash price</b> <br />]]>
  </system-out>
  <testcase classname="orders.Orders_Verify_ownbook_business_hire_With_Customer_Flow_Test" name="T3_verify_that_funder_with_different_term_and_mileage_can_not_be_added_for_with_customer_flow_test" time="30.368"/>
  <system-out>
    <![CDATA[<b></b> <br />
<b>Writing Holding Cost Summary values to excel has been completed</b> <br />
<b>Tried funder with different term and mileage other than signed term and mileage , got warning message : Term and mileage combination should be same as selected cell</b> <br />
<b>Therefore funder with different term and mileage can not be added</b> <br />]]>
  </system-out>
  <testcase classname="orders.Orders_Verify_ownbook_business_hire_With_Customer_Flow_Test" name="T4_verify_that_monthly_payment_does_not_changes_if_a_added_funder_is_selected_in_the_asset_funding_tab_for_with_customer_flow_test" time="51.668"/>
  <system-out>
    <![CDATA[<b></b> <br />
<b>Monthly payment Before selecting a funder1518.04</b> <br />
<b>Writing Holding Cost Summary values to excel has been completed</b> <br />
<b>Monthly payment After selecting a funder 1518.04</b> <br />
<b>Verified that monthly payment does not change after selecting a funder</b> <br />]]>
  </system-out>
  <testcase classname="orders.Orders_Verify_ownbook_business_hire_With_Customer_Flow_Test" name="T5_verify_holding_cost_on_adding_funder" time="6.999"/>
  <system-out>
    <![CDATA[<b></b> <br />
<b>Total monthly holding cost from screen =634.32</b> <br />
<b>Total monthly holding cost from excel =634.3191428571429</b> <br />]]>
  </system-out>
</testsuite> <!-- orders.Orders_Verify_ownbook_business_hire_With_Customer_Flow_Test -->
