<?xml version="1.0" encoding="UTF-8"?>
<!-- Generated by org.testng.reporters.JUnitReportReporter -->
<testsuite hostname="DSK-4052" failures="1" tests="19" name="opportunity.LOU_used_car_ownbook_business_purchase_accept_with_changes_Test" time="939.783" errors="0" timestamp="2024-01-31T05:52:15 IST" skipped="2">
  <testcase classname="opportunity.LOU_used_car_ownbook_business_purchase_accept_with_changes_Test" name="L1_create_lead_convert_to_lead_for_ownbook_business_flow" time="210.848"/>
  <system-out>
    <![CDATA[<b>Clicked on Leads on Side Menu</b> <br />
<b>Clicked on add lead</b> <br />
<b>Lead is assigned</b> <br />
<b>Added data in General Notes</b> <br />
<b>Customer type - Business selected</b> <br />
<b>Clicked on Add new vehicle request</b> <br />
<b>Clicked on ownbook channel</b> <br />
<b>Vehicle request for broker has been saved</b> <br />
<b>Click on Map New Quote icon</b> <br />
<b>Click on acquisition contract type icon</b> <br />
<b>Click on customer contract type icon</b> <br />
<b>Click on search button</b> <br />
<b>Click on created date button 1st </b> <br />
<b>Click on created date button 2nd</b> <br />
<b>New Quote has been mapped with lead</b> <br />
<b>click ok button on Map  new quote </b> <br />
<b></b> <br />
<b>Started Verifying Table values</b> <br />
<b></b> <br />
<b>NRQ49216 = NRQ49216</b> <br />
<b>Quote no. compared and found ok</b> <br />
<b></b> <br />
<b>MERCEDES-BENZ A CLASS AMG HATCHBACK (2019 - Current) A35 4Matic Premium 5dr Auto = MERCEDES-BENZ A CLASS AMG HATCHBACK (2019 - Current) A35 4Matic Premium 5dr Auto</b> <br />
<b>Vehicle name compared and found ok</b> <br />
<b></b> <br />
<b>Hire Purchase Non-Regulated = Hire Purchase Non-Regulated</b> <br />
<b>Contract type compared and found ok</b> <br />
<b></b> <br />
<b>380.71 = 380.71</b> <br />
<b>Monthly finance rental compared and found ok</b> <br />
<b></b> <br />
<b>10000.0 = 10000.0</b> <br />
<b>Mileage compared and found ok</b> <br />
<b></b> <br />
<b>36.0 = 36.0</b> <br />
<b>Terms compared and found ok</b> <br />
<b></b> <br />
<b>01/03/2024 != 28/02/2024</b> <br />
<b>Expiry date compared but found not ok</b> <br />
<b>Click on Lead save and Convert button</b> <br />
<b></b> <br />
<b>Started Verifying Table values</b> <br />
<b></b> <br />
<b>NRQ49216 = NRQ49216</b> <br />
<b>Quote no. compared and found ok</b> <br />
<b></b> <br />
<b>MERCEDES-BENZ A CLASS AMG HATCHBACK (2019 - Current) A35 4Matic Premium 5dr Auto = MERCEDES-BENZ A CLASS AMG HATCHBACK (2019 - Current) A35 4Matic Premium 5dr Auto</b> <br />
<b>Vehicle name compared and found ok</b> <br />
<b></b> <br />
<b>Hire Purchase Non-Regulated = Hire Purchase Non-Regulated</b> <br />
<b>Contract type compared and found ok</b> <br />
<b></b> <br />
<b>380.71 = 380.71</b> <br />
<b>Monthly finance rental compared and found ok</b> <br />
<b></b> <br />
<b>10000.0 = 10000.0</b> <br />
<b>Mileage compared and found ok</b> <br />
<b></b> <br />
<b>36.0 = 36.0</b> <br />
<b>Terms compared and found ok</b> <br />
<b></b> <br />
<b>01/03/2024 != 28/02/2024</b> <br />
<b>Expiry date compared but found not ok</b> <br />
<b></b> <br />
<b>In Lead created Opportunity Id is =BB-8073</b> <br />
<b></b> <br />]]>
  </system-out>
  <testcase classname="opportunity.LOU_used_car_ownbook_business_purchase_accept_with_changes_Test" name="L2_ownbook_business_current_status_before_sending_to_proposal" time="37.190"/>
  <system-out>
    <![CDATA[<b>Clicked on Opportunity link from Menu </b> <br />
<b>listing_proposal_status is = Proposal Required</b> <br />
<b>Enter the Opportunity id in Search Text box</b> <br />
<b>Current Status of Opportunity Status value is = Open</b> <br />
<b>Current Status of Proposal value is = Proposal Required</b> <br />
<b>Current Status of Channel value is =  Draft</b> <br />
<b>Current Status of  Quote ref is = Draft</b> <br />
<b>Status Verified : Before sending the proposal</b> <br />]]>
  </system-out>
  <testcase classname="opportunity.LOU_used_car_ownbook_business_purchase_accept_with_changes_Test" name="L3_verify_table_values_on_opportunity_page_before_sending_proposal" time="4.015"/>
  <system-out>
    <![CDATA[<b></b> <br />
<b>Started Verifying Table values</b> <br />
<b></b> <br />
<b>NRQ49216 = NRQ49216</b> <br />
<b>Quote no. compared and found ok</b> <br />
<b></b> <br />
<b>MERCEDES-BENZ A CLASS AMG HATCHBACK (2019 - Current) A35 4Matic Premium 5dr Auto = MERCEDES-BENZ A CLASS AMG HATCHBACK (2019 - Current) A35 4Matic Premium 5dr Auto</b> <br />
<b>Vehicle name compared and found ok</b> <br />
<b></b> <br />
<b>Hire Purchase Non-Regulated = Hire Purchase Non-Regulated</b> <br />
<b>Contract type compared and found ok</b> <br />
<b></b> <br />
<b>380.71 = 380.71</b> <br />
<b>Monthly finance rental compared and found ok</b> <br />
<b></b> <br />
<b>10000.0 = 10000.0</b> <br />
<b>Mileage compared and found ok</b> <br />
<b></b> <br />
<b>36.0 = 36.0</b> <br />
<b>Terms compared and found ok</b> <br />
<b></b> <br />
<b>01/03/2024 != 28/02/2024</b> <br />
<b>Expiry date compared but found not ok</b> <br />
<b></b> <br />
<b>Table values verified Successfully</b> <br />]]>
  </system-out>
  <testcase classname="opportunity.LOU_used_car_ownbook_business_purchase_accept_with_changes_Test" name="L4_fill_up_the_required_fields_for_sending_a_proposal" time="142.419"/>
  <system-out>
    <![CDATA[<b>click on Proposal icon</b> <br />
<b>click on Proposal icon</b> <br />
<b>Proposal page will display </b> <br />
<b>Send proposal to customer pop up  will open</b> <br />
<b>Click on Manual fill radio button - Yes</b> <br />
<b>Click on manually submit behalf of customer link</b> <br />]]>
  </system-out>
  <testcase classname="opportunity.LOU_used_car_ownbook_business_purchase_accept_with_changes_Test" name="L5_ownbook_create_opportunity_business_currentstatus_after_sending_to_proposal" time="0.168"/>
  <system-out>
    <![CDATA[<b>Current Status of Opportunity Status value is = Open</b> <br />
<b>Current Status of Proposal value is = Proposal Received</b> <br />
<b>Current Status of Channel value is =  Draft</b> <br />
<b>Current Status of  Quote ref is = Draft</b> <br />
<b>Status Verified : After sending the proposal</b> <br />]]>
  </system-out>
  <testcase classname="opportunity.LOU_used_car_ownbook_business_purchase_accept_with_changes_Test" name="L6_ownbook_sending_contract" time="26.858"/>
  <system-out>
    <![CDATA[<b>click on Send_Contract icon</b> <br />
<b>Contract Sent Successfully</b> <br />]]>
  </system-out>
  <testcase classname="opportunity.LOU_used_car_ownbook_business_purchase_accept_with_changes_Test" name="L7_verify_current_status_on_opportunity_page_after_sending_contract_for_ownbook_business_flow" time="7.189"/>
  <system-out>
    <![CDATA[<b>Current Status of Proposal value is = Proposal Received</b> <br />
<b>Current Status of Channel value is =  Sent to customer</b> <br />
<b>Current Status of  Quote ref is = Sent to customer</b> <br />
<b>Status Verified : Sent to customer</b> <br />]]>
  </system-out>
  <testcase classname="opportunity.LOU_used_car_ownbook_business_purchase_accept_with_changes_Test" name="L8_ownbook_signed_contract_status_with_api_call" time="38.701"/>
  <system-out>
    <![CDATA[<b>Status code 200 received </b> <br />
<b>Enter the Opportunity id in Search Text box</b> <br />]]>
  </system-out>
  <testcase classname="opportunity.LOU_used_car_ownbook_business_purchase_accept_with_changes_Test" name="L9_ownbook_status_after_contract_signed" time="11.119"/>
  <system-out>
    <![CDATA[<b>Current Status of Proposal value is = Proposal Received</b> <br />
<b>Current Status of Channel value is =  Contract signed</b> <br />
<b>Current Status of  Quote ref is = Contract signed</b> <br />
<b>Status Verified : Contract Signed </b> <br />]]>
  </system-out>
  <testcase classname="opportunity.LOU_used_car_ownbook_business_purchase_accept_with_changes_Test" name="UW1_verify_underwriting_flow_ownbook_with_status" time="83.208"/>
  <system-out>
    <![CDATA[<b> Underwriting icon is available </b> <br />
<b>Underwriting pop up -quote ref no => Quote reference no.:
NRQ49216</b> <br />
<b>Underwriting Popup Proposal Id is =VLO2197</b> <br />
<b></b> <br />
<b>Started Verifying Summary values</b> <br />
<b></b> <br />
<b>Quote reference no.:
NRQ49216 != NRQ49216</b> <br />
<b>Quote no. compared but found not ok</b> <br />
<b></b> <br />
<b>MERCEDES-BENZ A CLASS AMG HATCHBACK (2019 - Current) A35 4Matic Premium 5dr Auto = MERCEDES-BENZ A CLASS AMG HATCHBACK (2019 - Current) A35 4Matic Premium 5dr Auto</b> <br />
<b>Vehicle name compared and found ok</b> <br />
<b></b> <br />
<b>Hire Purchase Non-Regulated = Hire Purchase Non-Regulated</b> <br />
<b>Contract type compared and found ok</b> <br />
<b></b> <br />
<b>36.0 = 36.0</b> <br />
<b>Terms compared and found ok</b> <br />
<b></b> <br />
<b>10000.0 = 10000.0</b> <br />
<b>Mileage compared and found ok</b> <br />
<b></b> <br />
<b>20208.33 = 20208.33</b> <br />
<b>Basic Cash Price found OK</b> <br />
<b></b> <br />
<b>4041.67 = 4041.666</b> <br />
<b>VAT found OK</b> <br />
<b></b> <br />
<b>0.0 = 0.0</b> <br />
<b>Non VAT Items Value found OK</b> <br />
<b></b> <br />
<b>24250.0 = 24249.996000000003</b> <br />
<b>Total Cash Price found OK</b> <br />
<b></b> <br />
<b>1000.0 = 1000.0</b> <br />
<b>Order Deposit found OK</b> <br />
<b></b> <br />
<b>1000.0 = 1000.0</b> <br />
<b>Finance Deposit found OK</b> <br />
<b></b> <br />
<b>2000.0 = 2000.0</b> <br />
<b>Total Deposit found OK</b> <br />
<b></b> <br />
<b>500.0 = 500.0</b> <br />
<b>Part Exchange Value - found OK</b> <br />
<b></b> <br />
<b>21750.0 = 21749.996000000003</b> <br />
<b>Balance to Finance found OK</b> <br />
<b></b> <br />
<b>6674.85 = 6674.959606632492</b> <br />
<b>Finance Charges - found OK</b> <br />
<b></b> <br />
<b>199.99 = 199.99</b> <br />
<b>Document Fee - found OK</b> <br />
<b></b> <br />
<b>28674.84 = 28674.943606632496</b> <br />
<b>Balance Payable - found OK</b> <br />
<b></b> <br />
<b>10.0 = 10.0</b> <br />
<b>Option To Purchase Fee - found OK</b> <br />
<b></b> <br />
<b>2239.99 = 2239.988</b> <br />
<b>Initial Cash Payment - found OK</b> <br />
<b></b> <br />
<b>35.0 = 35.0</b> <br />
<b>Followed By months - found OK</b> <br />
<b></b> <br />
<b>380.71 = 380.71301733235714</b> <br />
<b>Monthly Finance Payment - found OK</b> <br />
<b></b> <br />
<b>15100.0 = 15100.0</b> <br />
<b>Balloon Value - found OK</b> <br />
<b></b> <br />
<b>15110.0 = 15110.0</b> <br />
<b>Final Payment - found OK</b> <br />
<b></b> <br />
<b>1833.33 = 1833.3300000000027</b> <br />
<b>Vehicle Commission - found OK</b> <br />
<b></b> <br />
<b>181.25 = 181.24996666666667</b> <br />
<b>Default Finance Commission - found OK</b> <br />
<b></b> <br />
<b>99.99 = 99.99000000000001</b> <br />
<b>Document Fee Commission - found OK</b> <br />
<b></b> <br />
<b>2114.57 = 2114.569966666669</b> <br />
<b>Total Commission - found OK</b> <br />
<b></b> <br />
<b>One or More than One values on underwriting pop up may be wrong , please check all above values printed on console</b> <br />
<b></b> <br />
<b>click on underwriting_send_for_underwriting  button </b> <br />
<b>Values on Underwriting pop up are verified succcessfully and opportunity sent for underwriting</b> <br />]]>
  </system-out>
  <testcase classname="opportunity.LOU_used_car_ownbook_business_purchase_accept_with_changes_Test" name="UW2_verify_status_after_sending_to_underwriting" time="4.130"/>
  <system-out>
    <![CDATA[<b>Current Status of Proposal value is = Proposal Received</b> <br />
<b>Current Status of Channel value is =  Awaiting underwriting</b> <br />
<b>Current Status of  Quote ref is = Awaiting underwriting</b> <br />
<b>Status Verified : Awaiting Underwriting </b> <br />]]>
  </system-out>
  <testcase classname="opportunity.LOU_used_car_ownbook_business_purchase_accept_with_changes_Test" name="UW3_verify_underwriting_lisitig_page" time="24.093"/>
  <system-out>
    <![CDATA[<b>Click on Underwriting menu_link </b> <br />
<b>Click on Underwriting - ownbook tab </b> <br />
<b>Click on Search text box - broker tab</b> <br />
<b>Getting the  proposal id from excel sheet =VLO2197</b> <br />
<b>Enter the proposal in search text box =VLO2197</b> <br />]]>
  </system-out>
  <testcase classname="opportunity.LOU_used_car_ownbook_business_purchase_accept_with_changes_Test" name="UW4_verify_ownbook_underwriting_proposal_page_flow" time="117.526"/>
  <system-out>
    <![CDATA[<b>Click on Underwriting detail page for proposal</b> <br />
<b>Clicked on Underwriting quote page</b> <br />
<b></b> <br />
<b>22050.0 = 22050.0</b> <br />
<b>Cost Otr Price compared and found ok</b> <br />
<b></b> <br />
<b>18375.0 = 18375.0</b> <br />
<b>Cost Otr Price compared and found ok</b> <br />
<b></b> <br />
<b>3675.0 = 3675.0</b> <br />
<b>Otr Vat compared and found ok</b> <br />
<b></b> <br />
<b>NRQ49216 = NRQ49216</b> <br />
<b>Quote no. compared and found ok</b> <br />
<b></b> <br />
<b>MERCEDES-BENZ A CLASS AMG HATCHBACK (2019 - Current) A35 4Matic Premium 5dr Auto = MERCEDES-BENZ A CLASS AMG HATCHBACK (2019 - Current) A35 4Matic Premium 5dr Auto</b> <br />
<b>Vehicle name compared and found ok</b> <br />
<b></b> <br />
<b>Hire Purchase Non-Regulated = Hire Purchase Non-Regulated</b> <br />
<b>Contract type compared and found ok</b> <br />
<b></b> <br />
<b>36.0 = 36.0</b> <br />
<b>Terms compared and found ok</b> <br />
<b></b> <br />
<b>10000.0 = 10000.0</b> <br />
<b>Mileage compared and found ok</b> <br />
<b></b> <br />
<b>20208.33 = 20208.33</b> <br />
<b>Basic Cash Price found OK</b> <br />
<b></b> <br />
<b>4041.67 = 4041.666</b> <br />
<b>VAT found OK</b> <br />
<b></b> <br />
<b>0.0 = 0.0</b> <br />
<b>Non VAT Items Value found OK</b> <br />
<b></b> <br />
<b>24250.0 = 24249.996000000003</b> <br />
<b>Total Cash Price found OK</b> <br />
<b></b> <br />
<b>1000.0 = 1000.0</b> <br />
<b>Order Deposit found OK</b> <br />
<b></b> <br />
<b>1000.0 = 1000.0</b> <br />
<b>Finance Deposit found OK</b> <br />
<b></b> <br />
<b>2000.0 = 2000.0</b> <br />
<b>Total Deposit found OK</b> <br />
<b></b> <br />
<b>500.0 = 500.0</b> <br />
<b>Part Exchange Value - found OK</b> <br />
<b></b> <br />
<b>21750.0 = 21749.996000000003</b> <br />
<b>Balance to Finance found OK</b> <br />
<b></b> <br />
<b>6674.85 = 6674.959606632492</b> <br />
<b>Finance Charges - found OK</b> <br />
<b></b> <br />
<b>199.99 = 199.99</b> <br />
<b>Document Fee - found OK</b> <br />
<b></b> <br />
<b>28674.84 = 28674.943606632496</b> <br />
<b>Balance Payable - found OK</b> <br />
<b></b> <br />
<b>10.0 = 10.0</b> <br />
<b>Option To Purchase Fee - found OK</b> <br />
<b></b> <br />
<b>2239.99 = 2239.988</b> <br />
<b>Initial Cash Payment - found OK</b> <br />
<b></b> <br />
<b>35.0 = 35.0</b> <br />
<b>Followed By months - found OK</b> <br />
<b></b> <br />
<b>380.71 = 380.71301733235714</b> <br />
<b>Monthly Finance Payment - found OK</b> <br />
<b></b> <br />
<b>15100.0 = 15100.0</b> <br />
<b>Balloon Value - found OK</b> <br />
<b></b> <br />
<b>15110.0 = 15110.0</b> <br />
<b>Final Payment - found OK</b> <br />
<b></b> <br />
<b>1833.33 = 1833.3300000000027</b> <br />
<b>Vehicle Commission - found OK</b> <br />
<b></b> <br />
<b>181.25 = 181.24996666666667</b> <br />
<b>Default Finance Commission - found OK</b> <br />
<b></b> <br />
<b>99.99 = 99.99000000000001</b> <br />
<b>Document Fee Commission - found OK</b> <br />
<b></b> <br />
<b>2114.57 = 2114.569966666669</b> <br />
<b>Total Commission - found OK</b> <br />
<b></b> <br />
<b>7.0 = 7.0</b> <br />
<b>Base Interest Rate found OK</b> <br />
<b></b> <br />
<b>2801.6 = 2801.705606632495</b> <br />
<b>Finance Margin found OK</b> <br />
<b></b> <br />
<b>217.5 = 217.4999600000004</b> <br />
<b>Deductions found OK</b> <br />
<b></b> <br />
<b>99.99 = 99.99000000000001</b> <br />
<b>Additional Margin found OK</b> <br />
<b></b> <br />
<b>2684.09 = 2684.1956466324946</b> <br />
<b>Total Margin found OK</b> <br />
<b></b> <br />
<b>1.0 = 1.0</b> <br />
<b>Default Broker Margin percentage found OK</b> <br />
<b></b> <br />
<b>12.0 = 12.000000000000002</b> <br />
<b>Customer Interest Rate found OK</b> <br />
<b></b> <br />
<b>99.99 = 99.99000000000001</b> <br />
<b>Document Fee Margin found OK</b> <br />
<b></b> <br />
<b>217.5 = 217.4999600000004</b> <br />
<b>Default Broker Margin found OK</b> <br />
<b></b> <br />
<b>[32mAll values on underwriting quote tab verified successfully[0m</b> <br />
<b></b> <br />
<b>Click on decision tab page</b> <br />]]>
  </system-out>
  <testcase classname="opportunity.LOU_used_car_ownbook_business_purchase_accept_with_changes_Test" name="UW5_verify_ownbook_underwriting_proposal_decision_with_accept" time="48.806"/>
  <system-out>
    <![CDATA[<b>Click on decision Accept button</b> <br />
<b>Entering values to input field</b> <br />
<b>Current Status of accept value is = Conditional acceptance</b> <br />]]>
  </system-out>
  <testcase classname="opportunity.LOU_used_car_ownbook_business_purchase_accept_with_changes_Test" name="UW6_verify_ownbook_opportunity_search_text_box_accept_with_changes" time="29.692"/>
  <system-out>
    <![CDATA[<b>Clicked on Opportunity link from Menu </b> <br />
<b>Click on Search text box on Opportunity page</b> <br />
<b>Enter the opportunity ID in search text box =BB-8073</b> <br />]]>
  </system-out>
  <testcase classname="opportunity.LOU_used_car_ownbook_business_purchase_accept_with_changes_Test" name="UW7_verify_ownbook_opportunity_accept_with_changes_underwriting_pop_up" time="130.867"/>
  <system-out>
    <![CDATA[<b> Underwriting icon is available </b> <br />
<b>click on underwriting_send_for_underwriting  button </b> <br />]]>
  </system-out>
  <testcase classname="opportunity.LOU_used_car_ownbook_business_purchase_accept_with_changes_Test" name="UW8_verify_ownbook_opportunity_underwriting_accept_with_changes_cancel_flow_verification" time="22.954">
    <failure message="expected [true] but found [false]" type="java.lang.AssertionError">
      <![CDATA[java.lang.AssertionError: expected [true] but found [false]
at org.testng.Assert.fail(Assert.java:99)
at org.testng.Assert.failNotEquals(Assert.java:1037)
at org.testng.Assert.assertTrue(Assert.java:45)
at org.testng.Assert.assertTrue(Assert.java:55)
at opportunity.LOU_used_car_ownbook_business_purchase_accept_with_changes_Test.UW8_verify_ownbook_opportunity_underwriting_accept_with_changes_cancel_flow_verification(LOU_used_car_ownbook_business_purchase_accept_with_changes_Test.java:403)
at java.base/jdk.internal.reflect.DirectMethodHandleAccessor.invoke(DirectMethodHandleAccessor.java:104)
at java.base/java.lang.reflect.Method.invoke(Method.java:578)
at org.testng.internal.MethodInvocationHelper.invokeMethod(MethodInvocationHelper.java:133)
at org.testng.internal.TestInvoker.invokeMethod(TestInvoker.java:598)
at org.testng.internal.TestInvoker.invokeTestMethod(TestInvoker.java:173)
at org.testng.internal.MethodRunner.runInSequence(MethodRunner.java:46)
at org.testng.internal.TestInvoker$MethodInvocationAgent.invoke(TestInvoker.java:824)
at org.testng.internal.TestInvoker.invokeTestMethods(TestInvoker.java:146)
at org.testng.internal.TestMethodWorker.invokeTestMethods(TestMethodWorker.java:146)
at org.testng.internal.TestMethodWorker.run(TestMethodWorker.java:128)
at java.base/java.util.ArrayList.forEach(ArrayList.java:1511)
at org.testng.TestRunner.privateRun(TestRunner.java:794)
at org.testng.TestRunner.run(TestRunner.java:596)
at org.testng.SuiteRunner.runTest(SuiteRunner.java:377)
at org.testng.SuiteRunner.runSequentially(SuiteRunner.java:371)
at org.testng.SuiteRunner.privateRun(SuiteRunner.java:332)
at org.testng.SuiteRunner.run(SuiteRunner.java:276)
at org.testng.SuiteRunnerWorker.runSuite(SuiteRunnerWorker.java:53)
at org.testng.SuiteRunnerWorker.run(SuiteRunnerWorker.java:96)
at org.testng.TestNG.runSuitesSequentially(TestNG.java:1212)
at org.testng.TestNG.runSuitesSequentially(TestNG.java:1207)
at org.testng.TestNG.runSuitesLocally(TestNG.java:1134)
at org.testng.TestNG.runSuites(TestNG.java:1063)
at org.testng.TestNG.run(TestNG.java:1031)
at org.testng.remote.AbstractRemoteTestNG.run(AbstractRemoteTestNG.java:115)
at org.testng.remote.RemoteTestNG.initAndRun(RemoteTestNG.java:251)
at org.testng.remote.RemoteTestNG.main(RemoteTestNG.java:77)
]]>
    </failure>
  </testcase> <!-- UW8_verify_ownbook_opportunity_underwriting_accept_with_changes_cancel_flow_verification -->
  <system-out>
    <![CDATA[<b>Click on Search text box on Opportunity page</b> <br />
<b>Enter the opportunity ID in search text box =BB-8073</b> <br />
<b>Current Status of Proposal value is = Proposal Received</b> <br />
<b>Current Status of Channel value is =  Draft</b> <br />
<b>Current Status of  Quote ref is = Cancelled</b> <br />
<b>Current Status of  Quote ref is = Draft</b> <br />
<br>----------Screenshot---------<br>
<img src="D:\Orders_Vehicles\AMT_Orders_Vehicles\target\surefire-reports\html\failure_screenshots\UW8_verify_ownbook_opportunity_underwriting_accept_with_changes_cancel_flow_verification_31_01_2024_05_47_03.png" height="800" width="1000">]]>
  </system-out>
  <testcase classname="opportunity.LOU_used_car_ownbook_business_purchase_accept_with_changes_Test" name="UW9_ownbook_after_opportunity_underwriting_accept_with_changes_signed_contract_status_with_api_call" time="0.000">
    <skipped/>
  </testcase> <!-- UW9_ownbook_after_opportunity_underwriting_accept_with_changes_signed_contract_status_with_api_call -->
  <system-out/>
  <testcase classname="opportunity.LOU_used_car_ownbook_business_purchase_accept_with_changes_Test" name="OP1_ownbook_after_Underwriting_accepted_mothlty_payment_price" time="0.000">
    <skipped/>
  </testcase> <!-- OP1_ownbook_after_Underwriting_accepted_mothlty_payment_price -->
  <system-out/>
</testsuite> <!-- opportunity.LOU_used_car_ownbook_business_purchase_accept_with_changes_Test -->
