<?xml version="1.0" encoding="UTF-8"?>
<!-- Generated by org.testng.reporters.JUnitReportReporter -->
<testsuite hostname="DSK-4052" failures="0" tests="25" name="orders.Orders_Verify_Outright_Purchase_With_Customer_Flow_Test" time="800.026" errors="0" timestamp="2024-02-01T20:29:58 IST" skipped="0">
  <testcase classname="orders.Orders_Verify_Outright_Purchase_With_Customer_Flow_Test" name="T1_open_order_created_in_acquisition_test" time="78.078"/>
  <system-out>
    <![CDATA[<b></b> <br />
<b>Searching for Order ID WN-28703</b> <br />]]>
  </system-out>
  <testcase classname="orders.Orders_Verify_Outright_Purchase_With_Customer_Flow_Test" name="T2_pass_the_pre_order_check_test" time="30.142"/>
  <system-out>
    <![CDATA[<b></b> <br />
<b>Checking pre-order checks</b> <br />]]>
  </system-out>
  <testcase classname="orders.Orders_Verify_Outright_Purchase_With_Customer_Flow_Test" name="T3_verify_default_order_status_vehicle_tab_test" time="10.380"/>
  <system-out>
    <![CDATA[<b>Order -- Default Status - Found OK i.e Order Pending </b> <br />]]>
  </system-out>
  <testcase classname="orders.Orders_Verify_Outright_Purchase_With_Customer_Flow_Test" name="T4_verify_order_status_after_uploading_order_form_in_vehicle_tab_test" time="104.250"/>
  <system-out>
    <![CDATA[<b>File is Uploaded Successfully</b> <br />
<b>Order Status after uploading order form - Found OK i.e Order Confirmed </b> <br />]]>
  </system-out>
  <testcase classname="orders.Orders_Verify_Outright_Purchase_With_Customer_Flow_Test" name="T5_verify_default_payment_status_on_vehicle_tab_test" time="6.849"/>
  <system-out>
    <![CDATA[<b></b> <br />
<b>Clicking on PAYMENTS TO DEALER</b> <br />
<b>Payments to dealer -- Default Status - Found OK i.e Payment Required</b> <br />]]>
  </system-out>
  <testcase classname="orders.Orders_Verify_Outright_Purchase_With_Customer_Flow_Test" name="T6_verify_payment_status_after_selecting_payment_sent_date_on_vehicle_tab_test" time="43.429"/>
  <system-out/>
  <testcase classname="orders.Orders_Verify_Outright_Purchase_With_Customer_Flow_Test" name="T7_verify_payment_status_should_be_reversed_to_payment_required_after_selecting_payment_by_AMT_on_vehicle_tab_test" time="10.950"/>
  <system-out>
    <![CDATA[<b></b> <br />
<b>Click on a payments by dropdown and Select option AMT</b> <br />
<b></b> <br />
<b>Clicking on PAYMENTS TO DEALER</b> <br />
<b>Payments to dealer -- Default Status - Found OK i.e Payment Required</b> <br />]]>
  </system-out>
  <testcase classname="orders.Orders_Verify_Outright_Purchase_With_Customer_Flow_Test" name="T8_verify_payment_status_after_selecting_payment_sent_date_for_amount_due_on_vehicle_tab_test" time="78.465"/>
  <system-out>
    <![CDATA[<b>Payments to Supplier Status after selecting payment sent date - Found OK i.e Payment Sent</b> <br />]]>
  </system-out>
  <testcase classname="orders.Orders_Verify_Outright_Purchase_With_Customer_Flow_Test" name="T9_open_asset_funding_tab_and_verify_default_status_cash_purchase_pending" time="6.201"/>
  <system-out>
    <![CDATA[<b>Asset Funding Tab Opened</b> <br />
<b>Default Status for Cash Purchase Verified and found OK i.e.Cash Purchase Pending</b> <br />]]>
  </system-out>
  <testcase classname="orders.Orders_Verify_Outright_Purchase_With_Customer_Flow_Test" name="T10_complete_cash_purchase" time="22.070"/>
  <system-out>
    <![CDATA[<b>Clicked on Complete Cash purchase</b> <br />
<b>Cash Purchase Completed</b> <br />]]>
  </system-out>
  <testcase classname="orders.Orders_Verify_Outright_Purchase_With_Customer_Flow_Test" name="T11_verify_status_cash_purchase_completed" time="0.017"/>
  <system-out>
    <![CDATA[<b>Status for Cash Purchase After Completing Cash Purchase Verified and found OK i.e.Cash Purchase Completed</b> <br />]]>
  </system-out>
  <testcase classname="orders.Orders_Verify_Outright_Purchase_With_Customer_Flow_Test" name="T12_verify_default_status_acceptance_conditions_for_outright_purchase_flow" time="16.303"/>
  <system-out>
    <![CDATA[<b></b> <br />
<b>Opening Customer Contract Tab</b> <br />
<b>Started verifying acceptance conditions default status</b> <br />
<b>Default status for acceptance condition  - Found OK i.e Satisfied</b> <br />]]>
  </system-out>
  <testcase classname="orders.Orders_Verify_Outright_Purchase_With_Customer_Flow_Test" name="T13_verify_payment_section_values" time="0.186"/>
  <system-out>
    <![CDATA[<b></b> <br />
<b>Started verifying payment values shown under payment section</b> <br />
<b></b> <br />
<b>Vehicle Invoice Actual = 59735.0</b> <br />
<b>Vehicle Invoice Expected = 59735.0</b> <br />
<b></b> <br />
<b>Document Fee Actual = 199.99</b> <br />
<b>Document Fee Expected = 199.99</b> <br />
<b></b> <br />
<b>Order Deposit Actual = 1000.0</b> <br />
<b>Order Deposit Expected = 1000.0</b> <br />
<b>Payment values shown under payment section have been verified and found OK</b> <br />]]>
  </system-out>
  <testcase classname="orders.Orders_Verify_Outright_Purchase_With_Customer_Flow_Test" name="T14_verify_payment_default_status" time="4.722"/>
  <system-out>
    <![CDATA[<b></b> <br />
<b>Started Verifying Payments  Statuses</b> <br />
<b>Clicking on PAYMENTS</b> <br />
<b>Payment -- Default Status - Found OK i.e Payment Required</b> <br />]]>
  </system-out>
  <testcase classname="orders.Orders_Verify_Outright_Purchase_With_Customer_Flow_Test" name="T15_make_payment_with_new_payment" time="109.197"/>
  <system-out>
    <![CDATA[<b></b> <br />
<b>Generating Invoices</b> <br />
<b>Invoices Generated</b> <br />
<b>Invoices Generated</b> <br />
<b>Clicked On New Payment</b> <br />
<b>Selecting Invoices/Deposits</b> <br />
<b>Invoices/Deposits Selected</b> <br />
<b>File is Uploaded Successfully</b> <br />
<b>All Payments Done</b> <br />]]>
  </system-out>
  <testcase classname="orders.Orders_Verify_Outright_Purchase_With_Customer_Flow_Test" name="T16_verify_payment_status_after_making_a_payment_on_customer_contract_tab" time="4.165"/>
  <system-out>
    <![CDATA[<b></b> <br />
<b>Status for Payment after making payment - Found OK i.e Payment Received</b> <br />]]>
  </system-out>
  <testcase classname="orders.Orders_Verify_Outright_Purchase_With_Customer_Flow_Test" name="T17_verify_delivery_status_after_selecting_date_offered_in_delivery_section_of_customer_contract_tab_test" time="49.408"/>
  <system-out>
    <![CDATA[<b>Clicking on DELIVERY</b> <br />
<b>Delivery Status after selecting delivery date offered - Found OK i.e Awaiting Booking</b> <br />]]>
  </system-out>
  <testcase classname="orders.Orders_Verify_Outright_Purchase_With_Customer_Flow_Test" name="T18_verify_delivery_status_after_selecting_confirmed_delivery_date_in_delivery_section_of_customer_contract_test" time="18.391"/>
  <system-out>
    <![CDATA[<b>Delivery Status after selecting confirmed delivery date - Found OK i.e Delivery Booked</b> <br />]]>
  </system-out>
  <testcase classname="orders.Orders_Verify_Outright_Purchase_With_Customer_Flow_Test" name="T19_verify_delivery_status_after_uploading_delivery_note_in_post_delivery_section_on_customer_contract_tab_test" time="29.447"/>
  <system-out>
    <![CDATA[<b>Delivery Status after uploading the delivery note - Found OK i.e Delivered</b> <br />]]>
  </system-out>
  <testcase classname="orders.Orders_Verify_Outright_Purchase_With_Customer_Flow_Test" name="T20_verify_delivery_status_on_customer_contract_tab_and_vehicle_order_tab_are_same_when_deliver_to_customer_toggle_button_in_on_test" time="6.281"/>
  <system-out>
    <![CDATA[<b>Delivery Status are running in parallel for Customer Contract Tab and Vehicle Order Tab , Found OK</b> <br />]]>
  </system-out>
  <testcase classname="orders.Orders_Verify_Outright_Purchase_With_Customer_Flow_Test" name="T21_verify_payout_pack_statuses_on_customer_contract_tab_test" time="60.908"/>
  <system-out>
    <![CDATA[<b>Delivery Status after selecting date payout pack uploaded - Found OK i.e Payout pack uploaded</b> <br />
<b>Delivery Status after selecting date payout pack accepted - Found OK i.e Payout pack accepted</b> <br />]]>
  </system-out>
  <testcase classname="orders.Orders_Verify_Outright_Purchase_With_Customer_Flow_Test" name="T22_verify_delivery_section_gets_enabled_when_deliver_to_customer_toggle_button_is_made_off_test" time="9.908"/>
  <system-out>
    <![CDATA[<b></b> <br />
<b>Verifying delivery section gets enabled and delivery status is reversed to default when deliver to customer toggle button is made off</b> <br />
<b>Delivery section is visible when direct to customer toggle button is made off</b> <br />
<b>Delivery Status (after making direct to customer toggle off) gets reversed to default</b> <br />]]>
  </system-out>
  <testcase classname="orders.Orders_Verify_Outright_Purchase_With_Customer_Flow_Test" name="T23_verify_delivery_status_after_selecting_date_offered_in_delivery_section_of_vehicle_order_tab_test" time="49.370"/>
  <system-out>
    <![CDATA[<b>Clicking on DELIVERY</b> <br />
<b>Delivery Status after selecting delivery date offered - Found OK i.e Awaiting Booking</b> <br />]]>
  </system-out>
  <testcase classname="orders.Orders_Verify_Outright_Purchase_With_Customer_Flow_Test" name="T24_verify_delivery_status_after_selecting_confirmed_delivery_date_in_delivery_section_of_vehicle_tab_test" time="18.359"/>
  <system-out>
    <![CDATA[<b>Delivery Status after selecting confirmed delivery date - Found OK i.e Delivery Booked</b> <br />]]>
  </system-out>
  <testcase classname="orders.Orders_Verify_Outright_Purchase_With_Customer_Flow_Test" name="T25_verify_delivery_status_after_uploading_delivery_note_in_post_delivery_section_on_vehicle_order_tab_test" time="32.550"/>
  <system-out>
    <![CDATA[<b>Delivery Status after uploading the delivery note - Found OK i.e Delivered</b> <br />]]>
  </system-out>
</testsuite> <!-- orders.Orders_Verify_Outright_Purchase_With_Customer_Flow_Test -->
