<?xml version="1.0" encoding="UTF-8"?>
<!-- Generated by org.testng.reporters.JUnitReportReporter -->
<testsuite hostname="DSK-4052" failures="0" tests="2" name="orders.Orders_Asset_Funding_Add_Stocking_Plan_Test" time="184.257" errors="0" timestamp="2023-09-26T14:46:35 IST" skipped="0">
  <testcase classname="orders.Orders_Asset_Funding_Add_Stocking_Plan_Test" name="open_order_created_in_acquisition_test" time="54.444"/>
  <system-out>
    <![CDATA[<b>Searching for Order ID SJ-18744</b> <br />]]>
  </system-out>
  <testcase classname="orders.Orders_Asset_Funding_Add_Stocking_Plan_Test" name="deliver_vehicle_tab_test" time="129.813"/>
  <system-out>
    <![CDATA[<b>File is Uploaded Successfully</b> <br />
<b>Status updated is Delivered</b> <br />]]>
  </system-out>
</testsuite> <!-- orders.Orders_Asset_Funding_Add_Stocking_Plan_Test -->
