<?xml version="1.0" encoding="UTF-8"?>
<!-- Generated by org.testng.reporters.JUnitReportReporter -->
<testsuite hostname="DSK-4052" failures="0" tests="4" name="orders.Orders_Asset_Funding_Required_Flow_Verify_Default_Funder_Is_Not_Deleted_Test" time="178.474" errors="0" timestamp="2023-10-04T17:46:36 IST" skipped="0">
  <testcase classname="orders.Orders_Asset_Funding_Required_Flow_Verify_Default_Funder_Is_Not_Deleted_Test" name="open_order_created_in_acquisition_test" time="50.534"/>
  <system-out>
    <![CDATA[<b>Searching for Order ID FZ-78979</b> <br />]]>
  </system-out>
  <testcase classname="orders.Orders_Asset_Funding_Required_Flow_Verify_Default_Funder_Is_Not_Deleted_Test" name="deliver_vehicle_tab_test" time="122.148"/>
  <system-out>
    <![CDATA[<b>File is Uploaded Successfully</b> <br />
<b>Status updated is Delivered</b> <br />]]>
  </system-out>
  <testcase classname="orders.Orders_Asset_Funding_Required_Flow_Verify_Default_Funder_Is_Not_Deleted_Test" name="verify_default_status_required_flow_test" time="4.653"/>
  <system-out>
    <![CDATA[<b></b> <br />
<b>Started verifying Default Status for BCH required flow</b> <br />
<b>Default Status for BCH required flow Found OK i.e Quote Accepted because Funder is already added from acquisition quote</b> <br />]]>
  </system-out>
  <testcase classname="orders.Orders_Asset_Funding_Required_Flow_Verify_Default_Funder_Is_Not_Deleted_Test" name="verify_default_funder_is_not_deleted_test" time="1.139"/>
  <system-out>
    <![CDATA[<b></b> <br />
<b>Trying to delete funder</b> <br />
<b>Default funder can not be deleted as Delete button for selected funder is not enabled</b> <br />]]>
  </system-out>
</testsuite> <!-- orders.Orders_Asset_Funding_Required_Flow_Verify_Default_Funder_Is_Not_Deleted_Test -->
