<?xml version="1.0" encoding="UTF-8"?>
<!-- Generated by org.testng.reporters.JUnitReportReporter -->
<testsuite hostname="DSK-4052" failures="0" tests="4" name="acquisition.Acquisition_Quotes_OP_OP_used_car_select_channel_internal_use_Test" time="173.812" errors="0" timestamp="2023-09-25T16:38:50 IST" skipped="0">
  <testcase classname="acquisition.Acquisition_Quotes_OP_OP_used_car_select_channel_internal_use_Test" name="aquisition_quotes_OP_OP_OTR_calculation_test" time="70.472"/>
  <system-out>
    <![CDATA[<b>Clicked on Quote button </b> <br />
<b>Selecting used vehicle with registration no. = GY19XAG and mileage = 10000</b> <br />
<b>Vehicle selected</b> <br />
<b>Paint option has been selected</b> <br />
<b>Interior option has been selected</b> <br />
<b> Acquisition Contract type option = Outright Purchase has been selected</b> <br />
<b> Customer Contract type option = Outright Purchase has been selected</b> <br />
<b>Cost Price ex VAT and RFL from screen is 22000.0</b> <br />
<b>VAT from screen is 4400.0</b> <br />
<b>Cost Price ex VAT and RFL calculated is 22000.0</b> <br />
<b>Cost Price ex VAT and RFL verified and found OK</b> <br />]]>
  </system-out>
  <testcase classname="acquisition.Acquisition_Quotes_OP_OP_used_car_select_channel_internal_use_Test" name="aquisition_quotes_OP_OP_customer_quote_vehicle_profit_edit_test" time="4.500"/>
  <system-out>
    <![CDATA[<b>***********Entered in Customer Quote page ***********</b> <br />
<b>Vehicle profit 1000.0 added to OTR price 26400.0and sales price updated is 27600.0 i.e. true</b> <br />]]>
  </system-out>
  <testcase classname="acquisition.Acquisition_Quotes_OP_OP_used_car_select_channel_internal_use_Test" name="aquisition_quotes_OP_OP_customer_quote_part_exchange_value_edit_test" time="15.316"/>
  <system-out>
    <![CDATA[<b>Pending Amount from screen 26340.0 Verified Successfully with applied formula 26340.0 i.e. true</b> <br />]]>
  </system-out>
  <testcase classname="acquisition.Acquisition_Quotes_OP_OP_used_car_select_channel_internal_use_Test" name="aquisition_quotes_OP_OP_quote_summary_values_verification_with_maintenance_test" time="83.524"/>
  <system-out>
    <![CDATA[<b>*************OTR Calulation on quote summary page has been started************</b> <br />
<b>Reading values from OTR calculation -Quote Summary Page</b> <br />
<b>Cost otr price from screen =26400.0</b> <br />
<b>Cost price ex vat and rfl from screen =22000.0</b> <br />
<b>OTR vat from screen =4400.0</b> <br />
<b>Cost price compared</b> <br />
<b>Quote no. DMW25025 is saved to Excel sheet named Quote Save, in the sheet Order_ID</b> <br />
<b> </b> <br />
<b>*****Creating Order Started*****</b> <br />
<b> </b> <br />
<b>***** Order Created Successfully *****</b> <br />
<b>Order ID ZX-69778 is saved to Excel sheet named Quote Save, in the sheet Order_ID</b> <br />
<b>*****xxxxxxxxxxxxxxxxxxxxxxxxxxxxx*****</b> <br />]]>
  </system-out>
</testsuite> <!-- acquisition.Acquisition_Quotes_OP_OP_used_car_select_channel_internal_use_Test -->
