<?xml version="1.0" encoding="UTF-8"?>
<!-- Generated by org.testng.reporters.JUnitReportReporter -->
<testsuite hostname="DSK-4052" failures="0" tests="9" name="orders.Orders_Asset_Funding_Required_Flow_HPNR_add_funder_in_asset_funding_and_verify_updated_values_in_quote_Test" time="333.821" errors="0" timestamp="2024-01-31T05:52:15 IST" skipped="0">
  <testcase classname="orders.Orders_Asset_Funding_Required_Flow_HPNR_add_funder_in_asset_funding_and_verify_updated_values_in_quote_Test" name="open_order_created_in_acquisition_test" time="95.170"/>
  <system-out>
    <![CDATA[<b></b> <br />
<b>Searching for Order ID FR-45238</b> <br />]]>
  </system-out>
  <testcase classname="orders.Orders_Asset_Funding_Required_Flow_HPNR_add_funder_in_asset_funding_and_verify_updated_values_in_quote_Test" name="verify_default_status_required_flow_test" time="16.457"/>
  <system-out>
    <![CDATA[<b></b> <br />
<b>Started verifying Default Status for HPNR required flow</b> <br />
<b>Default Status for HPNR required flow Found OK i.e Quote Requested because Funder is not added in the acquisition quote</b> <br />]]>
  </system-out>
  <testcase classname="orders.Orders_Asset_Funding_Required_Flow_HPNR_add_funder_in_asset_funding_and_verify_updated_values_in_quote_Test" name="verify_holding_cost_shown_test" time="11.989"/>
  <system-out>
    <![CDATA[<b></b> <br />
<b>Started verifying Holding Cost Shown</b> <br />
<b>Reading Monthly Holding Cost value from excel has been started</b> <br />
<b>Reading Monthly Holding Cost value from excel has been completed</b> <br />
<b>Total_monthly_holding_cost_from_screen =1080.08</b> <br />
<b>Total_monthly_holding_cost_from_excel =1080.0798382813232</b> <br />
<b>Total Monthly Holding Cost based on CAP data is Verified and Found OK</b> <br />]]>
  </system-out>
  <testcase classname="orders.Orders_Asset_Funding_Required_Flow_HPNR_add_funder_in_asset_funding_and_verify_updated_values_in_quote_Test" name="add_funder" time="57.409"/>
  <system-out>
    <![CDATA[<b></b> <br />
<b>Writing Holding Cost Summary values to excel has been completed</b> <br />
<b>Total_monthly_holding_cost_from_screen =1,080.08</b> <br />
<b>Total_monthly_holding_cost_from_excel =500.3636363636364</b> <br />
<b>Funder Added Successfully</b> <br />]]>
  </system-out>
  <testcase classname="orders.Orders_Asset_Funding_Required_Flow_HPNR_add_funder_in_asset_funding_and_verify_updated_values_in_quote_Test" name="verify_status_after_adding_funder_required_flow_test" time="4.133"/>
  <system-out>
    <![CDATA[<b></b> <br />
<b>Started verifying Quote Status after adding a funder in asset funding tab</b> <br />
<b>Quote Status after adding funder in required flow Found OK i.e Quote Received</b> <br />]]>
  </system-out>
  <testcase classname="orders.Orders_Asset_Funding_Required_Flow_HPNR_add_funder_in_asset_funding_and_verify_updated_values_in_quote_Test" name="verify_status_after_selecting_the_added_funder_in_required_flow_test" time="10.369"/>
  <system-out>
    <![CDATA[<b></b> <br />
<b>Select a funder</b> <br />
<b>Started verifying Quote Status after selecting a added funder in asset funding tab</b> <br />
<b>Status after selecting an added funder Found OK i.e Quote Accepted</b> <br />]]>
  </system-out>
  <testcase classname="orders.Orders_Asset_Funding_Required_Flow_HPNR_add_funder_in_asset_funding_and_verify_updated_values_in_quote_Test" name="verify_holding_cost_on_adding_funder" time="5.996"/>
  <system-out>
    <![CDATA[<b></b> <br />
<b>Total monthly holding cost from screen =500.36</b> <br />
<b>Total monthly holding cost from excel =500.3636363636364</b> <br />]]>
  </system-out>
  <testcase classname="orders.Orders_Asset_Funding_Required_Flow_HPNR_add_funder_in_asset_funding_and_verify_updated_values_in_quote_Test" name="add_funder_in_asset_funding_and_verify_updated_values_in_quote_Test" time="123.307"/>
  <system-out>
    <![CDATA[<b></b> <br />
<b>Quote is being opened and the quote no. is FNE30538</b> <br />
<b>Switching to the new tab opened for quote</b> <br />
<b>*************Holding Cost Calulation on quote summary page has been started************</b> <br />
<b>Reading values from Holding Cost summary -Quote Summary Page</b> <br />
<b>holding_cost_terms_from_screen33.0</b> <br />
<b>holding_cost_miles_per_annum_from_screen5000.0</b> <br />
<b>holding_cost_monthly_finance_cost_from_screen500.36</b> <br />
<b>holding_cost_total_monthly_holding_cost_from_screen =500.36</b> <br />
<b>terms compared</b> <br />
<b>Miles per annum compared</b> <br />
<b>Finance cost compared</b> <br />
<b>Total Monthly Holding Cost compared</b> <br />
<b>*************Customer Quote Calulation on quote summary page has been started************</b> <br />
<b>Terms found OK</b> <br />
<b>miles found OK</b> <br />
<b>Basic Cash Price found wrong</b> <br />
<b>VAT found wrong</b> <br />
<b>Non VAT Items Value found OK</b> <br />
<b>Total Cash Price found wrong</b> <br />
<b>Order Deposit found wrong</b> <br />
<b>Finance Deposit found wrong</b> <br />
<b>Total Deposit found wrong</b> <br />
<b>Balance to Finance found wrong</b> <br />
<b>Finance Charges - found wrong</b> <br />
<b>Document Fee - found OK</b> <br />
<b>Balance Payable - found wrong</b> <br />
<b>Option To Purchase Fee - found OK</b> <br />
<b>Initial Cash Payment - found wrong</b> <br />
<b>Followed By months - found OK</b> <br />
<b>Monthly Finance Payment - found wrong</b> <br />
<b>Final Payment - found OK</b> <br />
<b>Vehicle Commission - found wrong</b> <br />
<b>Default Finance Commission - found wrong</b> <br />
<b>Document Fee Commission - found OK</b> <br />
<b>Total Commission - found wrong</b> <br />
<b>*************Configuration Values Verification on quote summary page has been started************</b> <br />
<b>Base Interest Rate found OK</b> <br />
<b>Finance Margin found wrong</b> <br />
<b>Deductions found wrong</b> <br />
<b>Additional Margin found OK</b> <br />
<b>Total Margin found wrong</b> <br />
<b>Default Broker Margin percentage found OK</b> <br />
<b>Customer Interest Rate found wrong</b> <br />
<b>Document Fee Margin found OK</b> <br />
<b>Default Broker Margin  found wrong</b> <br />]]>
  </system-out>
  <testcase classname="orders.Orders_Asset_Funding_Required_Flow_HPNR_add_funder_in_asset_funding_and_verify_updated_values_in_quote_Test" name="verify_quote_values_updated_in_quote_after_saving_the_order" time="8.991"/>
  <system-out>
    <![CDATA[<b></b> <br />
<b>Total monthly holding cost from screen =500.36</b> <br />
<b>Total monthly holding cost from excel =500.3636363636364</b> <br />]]>
  </system-out>
</testsuite> <!-- orders.Orders_Asset_Funding_Required_Flow_HPNR_add_funder_in_asset_funding_and_verify_updated_values_in_quote_Test -->
