<?xml version="1.0" encoding="UTF-8"?>
<!-- Generated by org.testng.reporters.JUnitReportReporter -->
<testsuite hostname="DSK-4052" failures="0" tests="10" name="orders.Orders_Asset_Funding_Required_Flow_FL_BCH_with_funder_with_maintenance_Test" time="190.287" errors="0" timestamp="2024-01-04T12:41:13 IST" skipped="0">
  <testcase classname="orders.Orders_Asset_Funding_Required_Flow_FL_BCH_with_funder_with_maintenance_Test" name="open_order_created_in_acquisition_test" time="64.562"/>
  <system-out>
    <![CDATA[<b></b> <br />
<b>Searching for Order ID BP-36235</b> <br />]]>
  </system-out>
  <testcase classname="orders.Orders_Asset_Funding_Required_Flow_FL_BCH_with_funder_with_maintenance_Test" name="verify_default_status_required_flow_test" time="11.547"/>
  <system-out>
    <![CDATA[<b></b> <br />
<b>Started verifying Default Status for BCH required flow</b> <br />
<b>Default Status for BCH required flow Found OK i.e Quote Accepted because Funder is already added from acquisition quote</b> <br />]]>
  </system-out>
  <testcase classname="orders.Orders_Asset_Funding_Required_Flow_FL_BCH_with_funder_with_maintenance_Test" name="verify_default_funder_is_not_deleted_test" time="2.139"/>
  <system-out>
    <![CDATA[<b></b> <br />
<b>Trying to delete funder</b> <br />
<b>Default funder can not be deleted as Delete button for selected funder is not enabled</b> <br />]]>
  </system-out>
  <testcase classname="orders.Orders_Asset_Funding_Required_Flow_FL_BCH_with_funder_with_maintenance_Test" name="verify_selected_funder_can_not_be_edited_test" time="0.259"/>
  <system-out>
    <![CDATA[<b></b> <br />
<b>Trying to edit the selected funder</b> <br />
<b>Double Clicked on selected funder and we got warning message : A selected funder cannot be edited. Please remove funder selection before editing</b> <br />
<b>Selected funder can not be edited</b> <br />]]>
  </system-out>
  <testcase classname="orders.Orders_Asset_Funding_Required_Flow_FL_BCH_with_funder_with_maintenance_Test" name="verify_holding_cost_after_deselecting_funder_test" time="18.895"/>
  <system-out>
    <![CDATA[<b></b> <br />
<b>De-selecting funder</b> <br />
<b>Now verifying the holding cost based on ownbook after de-selecting funder</b> <br />
<b>Actual Holding cost based on ownbook after de-selecting funder is 929.36</b> <br />
<b>Expected Holding cost based on ownbook after de-selecting funder is 929.36</b> <br />
<b>Holding cost based on ownbook after de-selecting funder found OK</b> <br />]]>
  </system-out>
  <testcase classname="orders.Orders_Asset_Funding_Required_Flow_FL_BCH_with_funder_with_maintenance_Test" name="verify_holding_cost_based_on_ownbook_calculation_on_toggling_in_funder_test" time="12.734"/>
  <system-out>
    <![CDATA[<b></b> <br />
<b>Editing Funder and toggling the toggle button towards the calculation based on ownbook option in funder</b> <br />
<b>Now verifying the holding cost based on ownbook</b> <br />
<b>Actual Holding cost based on ownbook is 929.36</b> <br />
<b>Expected Holding cost based on ownbook 929.36</b> <br />
<b>Holding cost based on ownbook found OK</b> <br />]]>
  </system-out>
  <testcase classname="orders.Orders_Asset_Funding_Required_Flow_FL_BCH_with_funder_with_maintenance_Test" name="verify_holding_cost_without_maintenance_based_on_ownbook_calculation_test" time="7.300"/>
  <system-out>
    <![CDATA[<b></b> <br />
<b>Making Cap Maint toggle button off and verifying Holding Cost</b> <br />
<b>Now verifying the holding cost based on ownbook</b> <br />
<b>Actual Holding cost based on ownbook is 900.75</b> <br />
<b>Expected Holding cost based on ownbook 900.75</b> <br />
<b>Holding cost based on ownbook found OK</b> <br />]]>
  </system-out>
  <testcase classname="orders.Orders_Asset_Funding_Required_Flow_FL_BCH_with_funder_with_maintenance_Test" name="verify_funder_is_deselected_after_selecting_the_other_matrix_cell_test" time="19.826"/>
  <system-out>
    <![CDATA[<b></b> <br />
<b>Selecting the funder</b> <br />
<b>Selecting the other cell from Holding cost matrix</b> <br />
<b>Now verifying that the funder is de-selected</b> <br />
<b>Verified that the funder is de-selected after selecting ownbook matrix other cell --Found OK</b> <br />]]>
  </system-out>
  <testcase classname="orders.Orders_Asset_Funding_Required_Flow_FL_BCH_with_funder_with_maintenance_Test" name="verify_document_is_uploaded_in_funder_test" time="22.748"/>
  <system-out>
    <![CDATA[<b></b> <br />
<b>Trying to upload doc in funder</b> <br />
<b>Document in funder uploaded successfuly</b> <br />]]>
  </system-out>
  <testcase classname="orders.Orders_Asset_Funding_Required_Flow_FL_BCH_with_funder_with_maintenance_Test" name="verify_funders_are_deleted_on_changing_contract_type_test" time="30.277"/>
  <system-out>
    <![CDATA[<b></b> <br />
<b>Changing Contract type in Contract type tab</b> <br />
<b>Clicking on Rent Return</b> <br />
<b>Contract Type Changed Successfuly</b> <br />
<b>Changed Contract Type is : Rent Return</b> <br />
<b>Now Moving back to Asset Funding tab to check all funders are deleted or not</b> <br />
<b>Funder in the Asset Funding Tab is removed after changing contract type</b> <br />]]>
  </system-out>
</testsuite> <!-- orders.Orders_Asset_Funding_Required_Flow_FL_BCH_with_funder_with_maintenance_Test -->
