<?xml version="1.0" encoding="UTF-8"?>
<!-- Generated by org.testng.reporters.JUnitReportReporter -->
<testsuite hostname="DSK-4052" failures="0" tests="4" name="orders.Orders_Asset_Funding_Required_Flow_HPNR_edit_add_term_mileage_and_verify_updated_values_in_quote_Test" time="234.592" errors="0" timestamp="2023-10-23T17:03:12 IST" skipped="0">
  <testcase classname="orders.Orders_Asset_Funding_Required_Flow_HPNR_edit_add_term_mileage_and_verify_updated_values_in_quote_Test" name="open_order_created_in_acquisition_test" time="71.666"/>
  <system-out>
    <![CDATA[<b>Searching for Order ID IN-38992</b> <br />]]>
  </system-out>
  <testcase classname="orders.Orders_Asset_Funding_Required_Flow_HPNR_edit_add_term_mileage_and_verify_updated_values_in_quote_Test" name="verify_default_status_required_flow_test" time="10.452"/>
  <system-out>
    <![CDATA[<b></b> <br />
<b>Started verifying Default Status for HPNR required flow</b> <br />
<b>Default Status for HPNR required flow Found OK i.e Quote Requested because Funder is not added in the acquisition quote</b> <br />]]>
  </system-out>
  <testcase classname="orders.Orders_Asset_Funding_Required_Flow_HPNR_edit_add_term_mileage_and_verify_updated_values_in_quote_Test" name="verify_holding_cost_on_editing_add_term_and_mileage_test" time="30.855"/>
  <system-out>
    <![CDATA[<b></b> <br />
<b>Additional terms to be sent is 39</b> <br />
<b>Additional Mileage to be sent is 31000</b> <br />
<b></b> <br />
<b>Editing additional terms and mileage</b> <br />
<b>Updated Residual Value from screen  (to be sent to calculation excel) is =9275.00</b> <br />
<b>Writing Holding Cost Summary values to excel has been started</b> <br />
<b>Writing Holding Cost Summary values to excel has been completed</b> <br />
<b>Reading Monthly Holding Cost value from excel has been started</b> <br />
<b>Reading Monthly Holding Cost value from excel has been completed</b> <br />
<b>Total_monthly_holding_cost_from_screen =1,216.41</b> <br />
<b>Total_monthly_holding_cost_from_excel =1216.4073175710596</b> <br />
<b>Total Monthly Holding Cost After Editing Additional terms and mileage is Verified and Found OK</b> <br />]]>
  </system-out>
  <testcase classname="orders.Orders_Asset_Funding_Required_Flow_HPNR_edit_add_term_mileage_and_verify_updated_values_in_quote_Test" name="verify_quote_summary_in_quote_on_editing_add_term_and_mileage_test" time="121.619"/>
  <system-out>
    <![CDATA[<b></b> <br />
<b>*************Holding Cost Calulation on quote summary page has been started************</b> <br />
<b>Reading values from Holding Cost summary -Quote Summary Page</b> <br />
<b></b> <br />
<b>Holding cost Terms from screen39.0</b> <br />
<b>Holding cost miles per annum from screen is 31000.0</b> <br />
<b>Holding cost monthly finance cost from screen is 1216.41</b> <br />
<b>Holding cost total monthly holding cost from screen is 1216.41</b> <br />
<b></b> <br />
<b>Holding cost Terms from excel is 39.0</b> <br />
<b>Holding cost miles per annum from excel is 31000.0</b> <br />
<b>Holding cost monthly finance cost from excel is 1216.4073175710596</b> <br />
<b>Holding cost total monthly holding cost from excel is 1216.4073175710596</b> <br />
<b>terms compared</b> <br />
<b>Miles per annum compared</b> <br />
<b>Finance cost compared</b> <br />
<b>Total Monthly Holding Cost compared</b> <br />
<b>*************Customer Quote Calulation on quote summary page has been started************</b> <br />
<b>Terms found OK</b> <br />
<b>miles found OK</b> <br />
<b>Basic Cash Price found OK</b> <br />
<b>VAT found OK</b> <br />
<b>Non VAT Items Value found OK</b> <br />
<b>Total Cash Price found OK</b> <br />
<b>Order Deposit found OK</b> <br />
<b>Finance Deposit found OK</b> <br />
<b>Total Deposit found OK</b> <br />
<b>Part Exchange Value - found OK</b> <br />
<b>Balance to Finance found OK</b> <br />
<b>Finance Charges - found OK</b> <br />
<b>Document Fee - found OK</b> <br />
<b>Balance Payable - found OK</b> <br />
<b>Option To Purchase Fee - found OK</b> <br />
<b>Initial Cash Payment - found OK</b> <br />
<b>Followed By months - found OK</b> <br />
<b>Monthly Finance Payment - found OK</b> <br />
<b>Balloon Value - found OK</b> <br />
<b>Final Payment - found OK</b> <br />
<b>Vehicle Commission - found OK</b> <br />
<b>Default Finance Commission - found wrong</b> <br />
<b>Document Fee Commission - found OK</b> <br />
<b>Total Commission - found wrong</b> <br />
<b>*************Configuration Values Verification on quote summary page has been started************</b> <br />
<b>Base Interest Rate found OK</b> <br />
<b>Finance Margin found OK</b> <br />
<b>Deductions found OK</b> <br />
<b>Additional Margin found OK</b> <br />
<b>Total Margin found OK</b> <br />
<b>Default Broker Margin percentage found OK</b> <br />
<b>Customer Interest Rate found OK</b> <br />
<b>Document Fee Margin found OK</b> <br />
<b>Default Broker Margin found OK</b> <br />]]>
  </system-out>
</testsuite> <!-- orders.Orders_Asset_Funding_Required_Flow_HPNR_edit_add_term_mileage_and_verify_updated_values_in_quote_Test -->
