<?xml version="1.0" encoding="UTF-8"?>
<!-- Generated by org.testng.reporters.JUnitReportReporter -->
<testsuite hostname="DSK-4052" failures="0" tests="7" name="orders.Orders_Asset_Funding_Required_Flow_CP_BCH_with_funder_with_maintenance_Test" time="181.756" errors="0" timestamp="2024-01-03T19:35:51 IST" skipped="0">
  <testcase classname="orders.Orders_Asset_Funding_Required_Flow_CP_BCH_with_funder_with_maintenance_Test" name="open_order_created_in_acquisition_test" time="69.242"/>
  <system-out>
    <![CDATA[<b></b> <br />
<b>Searching for Order ID OQ-46055</b> <br />]]>
  </system-out>
  <testcase classname="orders.Orders_Asset_Funding_Required_Flow_CP_BCH_with_funder_with_maintenance_Test" name="verify_default_status_required_flow_test" time="11.534"/>
  <system-out>
    <![CDATA[<b></b> <br />
<b>Started verifying Default Status for BCH required flow</b> <br />
<b>Default Status for BCH required flow Found OK i.e Quote Accepted because Funder is already added from acquisition quote</b> <br />]]>
  </system-out>
  <testcase classname="orders.Orders_Asset_Funding_Required_Flow_CP_BCH_with_funder_with_maintenance_Test" name="verify_funder_with_same_term_and_mileage_can_not_be_added_test" time="35.578"/>
  <system-out>
    <![CDATA[<b></b> <br />
<b>Adding funder with same term and mileage which was present already</b> <br />
<b>Tried adding same funder with same term and mileage , got warning message : Funder quote already exists for this term and mileage combination</b> <br />
<b>Therefore funder with same term and mileage can not be added</b> <br />]]>
  </system-out>
  <testcase classname="orders.Orders_Asset_Funding_Required_Flow_CP_BCH_with_funder_with_maintenance_Test" name="verify_funder_with_different_term_and_mileage_can_be_added_test" time="26.757"/>
  <system-out>
    <![CDATA[<b></b> <br />
<b>Adding funder with different term and mileage which was present already</b> <br />
<b>Tried adding same funder with different term and mileage , got validation message : Funder quote added successfully</b> <br />
<b>Therefore funder with different term and mileage can be added</b> <br />]]>
  </system-out>
  <testcase classname="orders.Orders_Asset_Funding_Required_Flow_CP_BCH_with_funder_with_maintenance_Test" name="verify_holding_cost_after_selecting_newly_added_funder_test" time="17.742"/>
  <system-out>
    <![CDATA[<b></b> <br />
<b>Selecting Newly added funder</b> <br />
<b>Writing Holding Cost Summary values to excel has been completed</b> <br />
<b>Reading Monthly Holding Cost value from excel</b> <br />
<b>Holding Cost Shown After Selecting Newly Added Funder -- Found OK</b> <br />]]>
  </system-out>
  <testcase classname="orders.Orders_Asset_Funding_Required_Flow_CP_BCH_with_funder_with_maintenance_Test" name="verify_residualValue_and_maintCost_fields_are_freezed_after_selecting_a_funder_test" time="10.758"/>
  <system-out>
    <![CDATA[<b></b> <br />
<b>Verifying Residual Value_and_Maint Cost_fields_are_freezed and Additional term and mileage fields are disappeared</b> <br />
<b>Verifying that Residual Value and Maintenance Cost Fields are freezed</b> <br />
<b>Residual Value and Maintenance Cost Fields are seen freezed</b> <br />
<b>Verifying that additional term and mileage Fields are disappeared</b> <br />
<b>Additional Term and Mileage Fields are disappeared after selecting a funder</b> <br />]]>
  </system-out>
  <testcase classname="orders.Orders_Asset_Funding_Required_Flow_CP_BCH_with_funder_with_maintenance_Test" name="verify_holding_cost_doesnt_change_if_funder_quote_is_selected_test" time="10.145"/>
  <system-out>
    <![CDATA[<b></b> <br />
<b>Funder is selected , now changing % Residual Value</b> <br />
<b>Total Monthly Holding Cost Before Editing % Residual Value , Based on funder Quote is 240.99</b> <br />
<b>Total Monthly Holding Cost After Editing % Residual Value , Based on funder Quote is 240.99</b> <br />
<b>Holding Cost after changing % Residual Value ( based on funder quote)- Found OK</b> <br />]]>
  </system-out>
</testsuite> <!-- orders.Orders_Asset_Funding_Required_Flow_CP_BCH_with_funder_with_maintenance_Test -->
