<?xml version="1.0" encoding="UTF-8"?>
<!-- Generated by org.testng.reporters.JUnitReportReporter -->
<testsuite hostname="DSK-4052" failures="0" tests="3" name="orders.Orders_Asset_Funding_Required_Flow_BCH_Add_Cap_Maint_Test" time="68.780" errors="0" timestamp="2023-10-11T15:49:11 IST" skipped="0">
  <testcase classname="orders.Orders_Asset_Funding_Required_Flow_BCH_Add_Cap_Maint_Test" name="open_order_created_in_acquisition_test" time="50.422"/>
  <system-out>
    <![CDATA[<b>Searching for Order ID OA-74440</b> <br />]]>
  </system-out>
  <testcase classname="orders.Orders_Asset_Funding_Required_Flow_BCH_Add_Cap_Maint_Test" name="verify_default_status_required_flow_test" time="7.423"/>
  <system-out>
    <![CDATA[<b></b> <br />
<b>Started verifying Default Status for BCH required flow</b> <br />
<b>Default Status for BCH required flow Found OK i.e Quote Accepted because Funder is already added from acquisition quote</b> <br />]]>
  </system-out>
  <testcase classname="orders.Orders_Asset_Funding_Required_Flow_BCH_Add_Cap_Maint_Test" name="verify_holding_cost_after_adding_cap_maint_test" time="10.935"/>
  <system-out>
    <![CDATA[<b>Made Maint toggle On for adding a cap maint to holding cost</b> <br />
<b>Monthly CAP maint cost from screen is 5.28</b> <br />
<b>Writing Monthly CAP maint cost from screen to excel</b> <br />
<b>Holding Cost from screen after adding maint506.28</b> <br />
<b>Holding Cost from excel after adding maint506.28</b> <br />]]>
  </system-out>
</testsuite> <!-- orders.Orders_Asset_Funding_Required_Flow_BCH_Add_Cap_Maint_Test -->
