<?xml version="1.0" encoding="UTF-8"?>
<!-- Generated by org.testng.reporters.JUnitReportReporter -->
<testsuite hostname="DSK-4052" failures="0" tests="4" name="acquisition.Acquisition_Quotes_OP_OP_used_car_For_With_Customer_Order_Flow_Test" time="145.920" errors="0" timestamp="2024-01-09T17:11:30 IST" skipped="0">
  <testcase classname="acquisition.Acquisition_Quotes_OP_OP_used_car_For_With_Customer_Order_Flow_Test" name="aquisition_quotes_OP_OP_OTR_calculation_test" time="74.360"/>
  <system-out>
    <![CDATA[<b>Clicking on New quote</b> <br />
<b>Clicked on Quote button </b> <br />
<b>Selecting used vehicle with registration no. = GY12RZB and mileage = 10000</b> <br />
<b>Vehicle selected</b> <br />
<b>Paint option has been selected</b> <br />
<b>Interior option has been selected</b> <br />
<b> Acquisition Contract type option = Outright Purchase has been selected</b> <br />
<b> Customer Contract type option = Outright Purchase has been selected</b> <br />
<b>Cost Price ex VAT and RFL from screen is 8550.0</b> <br />
<b>VAT from screen is 0.0</b> <br />
<b>Cost Price ex VAT and RFL calculated is 8550.0</b> <br />
<b>Cost Price ex VAT and RFL verified and found OK</b> <br />]]>
  </system-out>
  <testcase classname="acquisition.Acquisition_Quotes_OP_OP_used_car_For_With_Customer_Order_Flow_Test" name="aquisition_quotes_OP_OP_customer_quote_vehicle_profit_edit_test" time="6.209"/>
  <system-out>
    <![CDATA[<b>***********Entered in Customer Quote page ***********</b> <br />]]>
  </system-out>
  <testcase classname="acquisition.Acquisition_Quotes_OP_OP_used_car_For_With_Customer_Order_Flow_Test" name="aquisition_quotes_OP_OP_customer_quote_part_exchange_value_edit_test" time="25.343"/>
  <system-out>
    <![CDATA[<b>Pending Amount from screen 8290.0 Verified Successfully with applied formula 8290.0 i.e. true</b> <br />]]>
  </system-out>
  <testcase classname="acquisition.Acquisition_Quotes_OP_OP_used_car_For_With_Customer_Order_Flow_Test" name="aquisition_quotes_OP_OP_quote_summary_values_verification_with_maintenance_test" time="40.008"/>
  <system-out>
    <![CDATA[<b>*************OTR Calulation on quote summary page has been started************</b> <br />
<b>Reading values from OTR calculation -Quote Summary Page</b> <br />
<b>Cost otr price from screen =8550.0</b> <br />
<b>Cost price ex vat and rfl from screen =8550.0</b> <br />
<b>OTR vat from screen =0.0</b> <br />
<b>Cost price compared</b> <br />
<b>Quote no. IJF16970 is saved to Excel sheet named Quote Save, in the sheet Order_ID</b> <br />
<b>Writing Vehicle Sales Price to Excel</b> <br />
<b>Vehicle Sales Price from screen is 9550.00</b> <br />
<b>Document Fee from screen is 200.00</b> <br />
<b>Order Deposit from screen is 1000.00</b> <br />
<b>Pending Amount from screen is 8290.00</b> <br />
<b>Writing completed for Vehicle Sales Price to quote save excel sheet in the sheet OP-OP</b> <br />]]>
  </system-out>
</testsuite> <!-- acquisition.Acquisition_Quotes_OP_OP_used_car_For_With_Customer_Order_Flow_Test -->
