<?xml version="1.0" encoding="UTF-8"?>
<!-- Generated by org.testng.reporters.JUnitReportReporter -->
<testsuite hostname="DSK-4052" failures="0" tests="25" name="orders.Orders_Verify_Outright_Purchase_With_Customer_Flow_Test" time="626.492" errors="0" timestamp="2023-12-12T16:12:26 IST" skipped="0">
  <testcase classname="orders.Orders_Verify_Outright_Purchase_With_Customer_Flow_Test" name="open_order_created_in_acquisition_test" time="87.110"/>
  <system-out>
    <![CDATA[<b></b> <br />
<b>Searching for Order ID EO-39822</b> <br />]]>
  </system-out>
  <testcase classname="orders.Orders_Verify_Outright_Purchase_With_Customer_Flow_Test" name="pass_the_pre_order_check_test" time="26.892"/>
  <system-out>
    <![CDATA[<b></b> <br />
<b>Checking pre-order checks</b> <br />]]>
  </system-out>
  <testcase classname="orders.Orders_Verify_Outright_Purchase_With_Customer_Flow_Test" name="verify_default_order_status_vehicle_tab_test" time="6.358"/>
  <system-out>
    <![CDATA[<b>Order -- Default Status - Found OK i.e Order Pending </b> <br />]]>
  </system-out>
  <testcase classname="orders.Orders_Verify_Outright_Purchase_With_Customer_Flow_Test" name="verify_order_status_after_uploading_order_form_in_vehicle_tab_test" time="74.235"/>
  <system-out>
    <![CDATA[<b>File is Uploaded Successfully</b> <br />
<b>Order Status after uploading order form - Found OK i.e Order Confirmed </b> <br />]]>
  </system-out>
  <testcase classname="orders.Orders_Verify_Outright_Purchase_With_Customer_Flow_Test" name="verify_default_payment_status_on_vehicle_tab_test" time="2.715"/>
  <system-out>
    <![CDATA[<b></b> <br />
<b>Clicking on PAYMENTS TO DEALER</b> <br />
<b>Payments to dealer -- Default Status - Found OK i.e Payment Required</b> <br />]]>
  </system-out>
  <testcase classname="orders.Orders_Verify_Outright_Purchase_With_Customer_Flow_Test" name="verify_payment_status_after_selecting_payment_sent_date_on_vehicle_tab_test" time="35.431"/>
  <system-out/>
  <testcase classname="orders.Orders_Verify_Outright_Purchase_With_Customer_Flow_Test" name="verify_payment_status_should_be_reversed_to_payment_required_after_selecting_payment_by_AMT_on_vehicle_tab_test" time="4.875"/>
  <system-out>
    <![CDATA[<b></b> <br />
<b>Click on a payments by dropdown and Select option AMT</b> <br />
<b></b> <br />
<b>Clicking on PAYMENTS TO DEALER</b> <br />
<b>Payments to dealer -- Default Status - Found OK i.e Payment Required</b> <br />]]>
  </system-out>
  <testcase classname="orders.Orders_Verify_Outright_Purchase_With_Customer_Flow_Test" name="verify_payment_status_after_selecting_payment_sent_date_for_amount_due_on_vehicle_tab_test" time="80.769"/>
  <system-out>
    <![CDATA[<b>Payments to Supplier Status after selecting payment sent date - Found OK i.e Payment Sent</b> <br />]]>
  </system-out>
  <testcase classname="orders.Orders_Verify_Outright_Purchase_With_Customer_Flow_Test" name="open_asset_funding_tab_and_verify_default_status_cash_purchase_pending" time="4.208"/>
  <system-out>
    <![CDATA[<b>Asset Funding Tab Opened</b> <br />
<b>Default Status for Cash Purchase Verified and found OK i.e.Cash Purchase Pending</b> <br />]]>
  </system-out>
  <testcase classname="orders.Orders_Verify_Outright_Purchase_With_Customer_Flow_Test" name="complete_cash_purchase" time="7.730"/>
  <system-out>
    <![CDATA[<b>Clicked on Complete Cash purchase</b> <br />
<b>Cash Purchase Completed</b> <br />]]>
  </system-out>
  <testcase classname="orders.Orders_Verify_Outright_Purchase_With_Customer_Flow_Test" name="verify_status_cash_purchase_completed" time="0.017"/>
  <system-out>
    <![CDATA[<b>Status for Cash Purchase After Completing Cash Purchase Verified and found OK i.e.Cash Purchase Completed</b> <br />]]>
  </system-out>
  <testcase classname="orders.Orders_Verify_Outright_Purchase_With_Customer_Flow_Test" name="verify_default_status_acceptance_conditions_for_outright_purchase_flow" time="16.398"/>
  <system-out>
    <![CDATA[<b></b> <br />
<b>Opening Customer Contract Tab</b> <br />
<b>Started verifying acceptance conditions default status</b> <br />
<b>Default status for acceptance condition  - Found OK i.e Satisfied</b> <br />]]>
  </system-out>
  <testcase classname="orders.Orders_Verify_Outright_Purchase_With_Customer_Flow_Test" name="verify_payment_section_values" time="0.164"/>
  <system-out>
    <![CDATA[<b></b> <br />
<b>Started verifying payment values shown under payment section</b> <br />
<b></b> <br />
<b>Vehicle Invoice Actual = 56074.99</b> <br />
<b>Vehicle Invoice Expected = 56074.99</b> <br />
<b></b> <br />
<b>Document Fee Actual = 199.99</b> <br />
<b>Document Fee Expected = 199.99</b> <br />
<b></b> <br />
<b>Order Deposit Actual = 1000.0</b> <br />
<b>Order Deposit Expected = 1000.0</b> <br />
<b>Payment values shown under payment section have been verified and found OK</b> <br />]]>
  </system-out>
  <testcase classname="orders.Orders_Verify_Outright_Purchase_With_Customer_Flow_Test" name="verify_payment_default_status" time="2.730"/>
  <system-out>
    <![CDATA[<b></b> <br />
<b>Started Verifying Payments  Statuses</b> <br />
<b>Clicking on PAYMENTS</b> <br />
<b>Payment -- Default Status - Found OK i.e Payment Required</b> <br />]]>
  </system-out>
  <testcase classname="orders.Orders_Verify_Outright_Purchase_With_Customer_Flow_Test" name="make_payment_with_new_payment" time="85.443"/>
  <system-out>
    <![CDATA[<b></b> <br />
<b>Generating Invoices</b> <br />
<b>File is Uploaded Successfully</b> <br />]]>
  </system-out>
  <testcase classname="orders.Orders_Verify_Outright_Purchase_With_Customer_Flow_Test" name="verify_payment_status_after_making_a_payment_on_customer_contract_tab" time="0.040"/>
  <system-out>
    <![CDATA[<b></b> <br />
<b>Status for Payment after making payment - Found OK i.e Payment Received</b> <br />]]>
  </system-out>
  <testcase classname="orders.Orders_Verify_Outright_Purchase_With_Customer_Flow_Test" name="verify_delivery_status_after_selecting_date_offered_in_delivery_section_of_customer_contract_tab_test" time="38.392"/>
  <system-out>
    <![CDATA[<b>Clicking on DELIVERY</b> <br />
<b>Delivery Status after selecting delivery date offered - Found OK i.e Awaiting Booking</b> <br />]]>
  </system-out>
  <testcase classname="orders.Orders_Verify_Outright_Purchase_With_Customer_Flow_Test" name="verify_delivery_status_after_selecting_confirmed_delivery_date_in_delivery_section_of_customer_contract_test" time="14.369"/>
  <system-out>
    <![CDATA[<b>Delivery Status after selecting confirmed delivery date - Found OK i.e Delivery Booked</b> <br />]]>
  </system-out>
  <testcase classname="orders.Orders_Verify_Outright_Purchase_With_Customer_Flow_Test" name="verify_delivery_status_after_uploading_delivery_note_in_post_delivery_section_on_customer_contract_tab_test" time="23.594"/>
  <system-out>
    <![CDATA[<b>Delivery Status after uploading the delivery note - Found OK i.e Delivered</b> <br />]]>
  </system-out>
  <testcase classname="orders.Orders_Verify_Outright_Purchase_With_Customer_Flow_Test" name="verify_delivery_status_on_customer_contract_tab_and_vehicle_order_tab_are_same_when_deliver_to_customer_toggle_button_in_on_test" time="4.218"/>
  <system-out>
    <![CDATA[<b>Delivery Status are running in parallel for Customer Contract Tab and Vehicle Order Tab , Found OK</b> <br />]]>
  </system-out>
  <testcase classname="orders.Orders_Verify_Outright_Purchase_With_Customer_Flow_Test" name="verify_payout_pack_statuses_on_customer_contract_tab_test" time="27.292"/>
  <system-out>
    <![CDATA[<b>There are no Payout pack Statuses for this order as this is used car order</b> <br />]]>
  </system-out>
  <testcase classname="orders.Orders_Verify_Outright_Purchase_With_Customer_Flow_Test" name="verify_delivery_section_gets_enabled_when_deliver_to_customer_toggle_button_is_made_off_test" time="5.935"/>
  <system-out>
    <![CDATA[<b></b> <br />
<b>Verifying delivery section gets enabled and delivery status is reversed to default when deliver to customer toggle button is made off</b> <br />
<b>Delivery section is visible when direct to customer toggle button is made off</b> <br />
<b>Delivery Status (after making direct to customer toggle off) gets reversed to default</b> <br />]]>
  </system-out>
  <testcase classname="orders.Orders_Verify_Outright_Purchase_With_Customer_Flow_Test" name="verify_delivery_status_after_selecting_date_offered_in_delivery_section_of_vehicle_order_tab_test" time="38.340"/>
  <system-out>
    <![CDATA[<b>Clicking on DELIVERY</b> <br />
<b>Delivery Status after selecting delivery date offered - Found OK i.e Awaiting Booking</b> <br />]]>
  </system-out>
  <testcase classname="orders.Orders_Verify_Outright_Purchase_With_Customer_Flow_Test" name="verify_delivery_status_after_selecting_confirmed_delivery_date_in_delivery_section_of_vehicle_tab_test" time="14.342"/>
  <system-out>
    <![CDATA[<b>Delivery Status after selecting confirmed delivery date - Found OK i.e Delivery Booked</b> <br />]]>
  </system-out>
  <testcase classname="orders.Orders_Verify_Outright_Purchase_With_Customer_Flow_Test" name="verify_delivery_status_after_uploading_delivery_note_in_post_delivery_section_on_vehicle_order_tab_test" time="24.895"/>
  <system-out>
    <![CDATA[<b>Delivery Status after uploading the delivery note - Found OK i.e Delivered</b> <br />]]>
  </system-out>
</testsuite> <!-- orders.Orders_Verify_Outright_Purchase_With_Customer_Flow_Test -->
