<?xml version="1.0" encoding="UTF-8"?>
<!-- Generated by org.testng.reporters.JUnitReportReporter -->
<testsuite hostname="DSK-4052" failures="0" tests="4" name="orders.Orders_Asset_Funding_Required_Flow_CP_BCH_with_funder_with_maintenance_Test" time="129.247" errors="0" timestamp="2023-10-16T19:16:06 IST" skipped="0">
  <testcase classname="orders.Orders_Asset_Funding_Required_Flow_CP_BCH_with_funder_with_maintenance_Test" name="open_order_created_in_acquisition_test" time="47.873"/>
  <system-out>
    <![CDATA[<b>Searching for Order ID UU-54189</b> <br />]]>
  </system-out>
  <testcase classname="orders.Orders_Asset_Funding_Required_Flow_CP_BCH_with_funder_with_maintenance_Test" name="verify_default_status_required_flow_test" time="7.516"/>
  <system-out>
    <![CDATA[<b></b> <br />
<b>Started verifying Default Status for BCH required flow</b> <br />
<b>Default Status for BCH required flow Found OK i.e Quote Accepted because Funder is already added from acquisition quote</b> <br />]]>
  </system-out>
  <testcase classname="orders.Orders_Asset_Funding_Required_Flow_CP_BCH_with_funder_with_maintenance_Test" name="verify_funder_with_same_term_and_mileage_can_not_be_added_test" time="51.115"/>
  <system-out>
    <![CDATA[<b></b> <br />
<b>Adding funder with same term and mileage which was present already</b> <br />
<b>Tried adding same funder with same term and mileage , got warning message : Funder quote already exists for this term and mileage combination</b> <br />
<b>Therefore funder with same term and mileage can not be added</b> <br />]]>
  </system-out>
  <testcase classname="orders.Orders_Asset_Funding_Required_Flow_CP_BCH_with_funder_with_maintenance_Test" name="verify_funder_with_different_term_and_mileage_can_be_added_test" time="22.743"/>
  <system-out>
    <![CDATA[<b></b> <br />
<b>Adding funder with same term and mileage which was present already</b> <br />
<b>Tried adding same funder with different term and mileage , got warning message : Funder quote added successfully</b> <br />
<b>Therefore funder with different term and mileage can not be added</b> <br />]]>
  </system-out>
</testsuite> <!-- orders.Orders_Asset_Funding_Required_Flow_CP_BCH_with_funder_with_maintenance_Test -->
