<?xml version="1.0" encoding="UTF-8"?>
<!-- Generated by org.testng.reporters.JUnitReportReporter -->
<testsuite hostname="DSK-4052" failures="0" tests="2" name="orders.Orders_Ownbook_Hire_With_Customer_Flow_Test" time="186.529" errors="0" timestamp="2023-12-04T18:17:04 IST" skipped="0">
  <testcase classname="orders.Orders_Ownbook_Hire_With_Customer_Flow_Test" name="open_order_created_in_acquisition_test" time="121.872"/>
  <system-out>
    <![CDATA[<b></b> <br />
<b>Searching for Order ID IW-65834</b> <br />]]>
  </system-out>
  <testcase classname="orders.Orders_Ownbook_Hire_With_Customer_Flow_Test" name="deliver_vehicle_tab_test" time="64.657"/>
  <system-out>
    <![CDATA[<b>File is Uploaded Successfully</b> <br />]]>
  </system-out>
</testsuite> <!-- orders.Orders_Ownbook_Hire_With_Customer_Flow_Test -->
