<?xml version="1.0" encoding="UTF-8"?>
<!-- Generated by org.testng.reporters.JUnitReportReporter -->
<testsuite hostname="DSK-4052" failures="0" tests="2" name="orders.Orders_Asset_Funding_Cash_Purchase_Test" time="111.334" errors="0" timestamp="2023-09-14T17:02:47 IST" skipped="0">
  <testcase classname="orders.Orders_Asset_Funding_Cash_Purchase_Test" name="open_order_created_in_acquisition_test" time="98.502"/>
  <system-out>
    <![CDATA[<b>Searching for Order ID LV-64473</b> <br />]]>
  </system-out>
  <testcase classname="orders.Orders_Asset_Funding_Cash_Purchase_Test" name="open_asset_funding_tab_test" time="12.832"/>
  <system-out>
    <![CDATA[<b>Name of the 1 Stocking plan is Black Horse</b> <br />
<b>Status of the 1 Stocking plan is Eligible</b> <br />
<b>Choosing 1 Stocking plan for this order</b> <br />
<b>Current Status of the 1 Stocking plan after adding is Pending Activation</b> <br />]]>
  </system-out>
</testsuite> <!-- orders.Orders_Asset_Funding_Cash_Purchase_Test -->
