<?xml version="1.0" encoding="UTF-8"?>
<!-- Generated by org.testng.reporters.JUnitReportReporter -->
<testsuite hostname="DSK-4052" failures="0" tests="4" name="orders.OrdersTest" time="228.761" errors="0" timestamp="2023-08-16T16:51:28 IST" skipped="0">
  <testcase classname="orders.OrdersTest" name="open_order_created_in_acquisition_test" time="38.528"/>
  <system-out>
    <![CDATA[<b>Clicked Orders</b> <br />
<b>Searching for Order ID FW-67326</b> <br />]]>
  </system-out>
  <testcase classname="orders.OrdersTest" name="open_vehicle_order_tab_test" time="145.454"/>
  <system-out>
    <![CDATA[<b>Clicked Vehicle order</b> <br />
<b>Clicked Upload</b> <br />
<b>File is Uploaded Successfully</b> <br />
<b>Clicked Yes</b> <br />
<b>File is Uploaded Successfully</b> <br />
<b>Status updated is Delivered</b> <br />
<b>Clicking on Save & Exit</b> <br />]]>
  </system-out>
  <testcase classname="orders.OrdersTest" name="open_order_in_stocklist_after_delivering_vehicel_from_orders" time="24.064"/>
  <system-out>
    <![CDATA[<b>Searching for Order ID FW-67326</b> <br />]]>
  </system-out>
  <testcase classname="orders.OrdersTest" name="publish_vehicle_to_front_office" time="20.715"/>
  <system-out>
    <![CDATA[<b>Clicked Advertising</b> <br />
<b>Clicked AMT WEBSITE</b> <br />
<b>Clicked Advertise</b> <br />]]>
  </system-out>
</testsuite> <!-- orders.OrdersTest -->
