<?xml version="1.0" encoding="UTF-8"?>
<!-- Generated by org.testng.reporters.JUnitReportReporter -->
<testsuite hostname="DSK-4052" failures="0" tests="3" name="orders.Orders_Asset_Funding_Cash_Purchase_Test" time="56.094" errors="0" timestamp="2023-09-21T17:44:16 IST" skipped="0">
  <testcase classname="orders.Orders_Asset_Funding_Cash_Purchase_Test" name="open_order_created_in_acquisition_test" time="52.930"/>
  <system-out>
    <![CDATA[<b>Searching for Order ID FY-70204</b> <br />]]>
  </system-out>
  <testcase classname="orders.Orders_Asset_Funding_Cash_Purchase_Test" name="open_asset_funding_tab_and_verify_default_status_cash_purchase_pending" time="3.144"/>
  <system-out>
    <![CDATA[<b>Asset Funding Tab Opened</b> <br />
<b>Default Status for Cash Purchase Verified and found OK i.e.Cash Purchase Pending</b> <br />]]>
  </system-out>
  <testcase classname="orders.Orders_Asset_Funding_Cash_Purchase_Test" name="verify_status_cash_purchase_completed" time="0.020"/>
  <system-out>
    <![CDATA[<b>Status for Cash Purchase After Completing Cash Purchase Verified and found OK i.e.Cash Purchase Completed</b> <br />]]>
  </system-out>
</testsuite> <!-- orders.Orders_Asset_Funding_Cash_Purchase_Test -->
