<?xml version="1.0" encoding="UTF-8"?>
<!-- Generated by org.testng.reporters.JUnitReportReporter -->
<testsuite hostname="DSK-4052" failures="0" tests="4" name="orders.OrdersTest" time="686.501" errors="0" timestamp="2023-08-11T16:30:54 IST" skipped="0">
  <testcase classname="orders.OrdersTest" name="open_order_created_in_acquisition_test" time="82.388"/>
  <system-out>
    <![CDATA[<b>Searching for Order ID BP-36254</b> <br />]]>
  </system-out>
  <testcase classname="orders.OrdersTest" name="open_vehicle_order_tab_test" time="319.995"/>
  <system-out>
    <![CDATA[<b>File is Uploaded Successfully</b> <br />
<b>File is Uploaded Successfully</b> <br />
<b>Status updated is Delivered</b> <br />
<b>Clicking on Save & Exit</b> <br />]]>
  </system-out>
  <testcase classname="orders.OrdersTest" name="open_order_in_stocklist_after_delivering_vehicel_from_orders" time="72.405"/>
  <system-out>
    <![CDATA[<b>Searching for Order ID BP-36254</b> <br />]]>
  </system-out>
  <testcase classname="orders.OrdersTest" name="publish_vehicle_to_front_office" time="211.713"/>
  <system-out/>
</testsuite> <!-- orders.OrdersTest -->
