<?xml version="1.0" encoding="UTF-8"?>
<!-- Generated by org.testng.reporters.JUnitReportReporter -->
<testsuite hostname="DSK-4052" failures="0" tests="8" name="orders.Orders_Asset_Funding_Required_Flow_HPNR_BCH_with_funder_with_maintenance_Test" time="627.957" errors="0" timestamp="2024-01-31T05:52:15 IST" skipped="0">
  <testcase classname="orders.Orders_Asset_Funding_Required_Flow_HPNR_BCH_with_funder_with_maintenance_Test" name="open_order_created_in_acquisition_test" time="80.612"/>
  <system-out>
    <![CDATA[<b></b> <br />
<b>Searching for Order ID WY-74664</b> <br />]]>
  </system-out>
  <testcase classname="orders.Orders_Asset_Funding_Required_Flow_HPNR_BCH_with_funder_with_maintenance_Test" name="deliver_vehicle_tab_test" time="218.481"/>
  <system-out>
    <![CDATA[<b>File is Uploaded Successfully</b> <br />
<b>Status updated is Delivered</b> <br />]]>
  </system-out>
  <testcase classname="orders.Orders_Asset_Funding_Required_Flow_HPNR_BCH_with_funder_with_maintenance_Test" name="verify_default_status_required_flow_test" time="18.599"/>
  <system-out>
    <![CDATA[<b></b> <br />
<b>Started verifying Default Status for BCH required flow</b> <br />
<b>Default Status for BCH required flow Found OK i.e Quote Accepted because Funder is already added from acquisition quote</b> <br />]]>
  </system-out>
  <testcase classname="orders.Orders_Asset_Funding_Required_Flow_HPNR_BCH_with_funder_with_maintenance_Test" name="verify_default_funder_is_not_deleted_test" time="4.135"/>
  <system-out>
    <![CDATA[<b></b> <br />
<b>Trying to delete funder</b> <br />
<b>Default funder can not be deleted as Delete button for selected funder is not enabled</b> <br />]]>
  </system-out>
  <testcase classname="orders.Orders_Asset_Funding_Required_Flow_HPNR_BCH_with_funder_with_maintenance_Test" name="verify_selected_funder_can_not_be_edited_test" time="0.211"/>
  <system-out>
    <![CDATA[<b></b> <br />
<b>Trying to edit the selected funder</b> <br />
<b>Double Clicked on selected funder and we got warning message : A selected funder cannot be edited. Please remove funder selection before editing</b> <br />
<b>Selected funder can not be edited</b> <br />]]>
  </system-out>
  <testcase classname="orders.Orders_Asset_Funding_Required_Flow_HPNR_BCH_with_funder_with_maintenance_Test" name="verify_finance_documents_statuses_for_required_flow_test" time="141.889"/>
  <system-out>
    <![CDATA[<b></b> <br />
<b>Sterted Verifying Finance Document Statuses for required flow</b> <br />
<b>Finance Document Status after selecting agreement requested date- Found OK i.e Finance docs Requested</b> <br />
<b>Finance Document Status after selecting agreement received date- Found OK i.e Finance Docs Received</b> <br />
<b>Finance Document Status after uploading signed documents - Found OK i.e Finance Docs Signed</b> <br />
<b>Finance Document Status after selecting uploaded to funder date- Found OK i.e Upload to Funder</b> <br />
<b>Finance Document Status after selecting activation date- Found OK i.e Finance Activated</b> <br />]]>
  </system-out>
  <testcase classname="orders.Orders_Asset_Funding_Required_Flow_HPNR_BCH_with_funder_with_maintenance_Test" name="verify_payments_to_funder_statuses_for_required_flow_test" time="118.934"/>
  <system-out>
    <![CDATA[<b></b> <br />
<b>Sterted Verifying Payments to Funder Statuses for required flow</b> <br />
<b>Clicking on PAYMENT</b> <br />
<b>Payment to funder -- Default Status - Found OK i.e Payment Required</b> <br />
<b>Status for Payment after selecting payment requested date- Found OK i.e Payment Requested</b> <br />
<b>Status for Payment after selecting payment sent date- Found OK i.e Payment Sent</b> <br />]]>
  </system-out>
  <testcase classname="orders.Orders_Asset_Funding_Required_Flow_HPNR_BCH_with_funder_with_maintenance_Test" name="verify_completed_status_for_required_flow_test" time="45.096"/>
  <system-out>
    <![CDATA[<b></b> <br />
<b>Click on complete funding</b> <br />
<b>Status for Asset Funding after completing funding found OK i.e.Completed</b> <br />]]>
  </system-out>
</testsuite> <!-- orders.Orders_Asset_Funding_Required_Flow_HPNR_BCH_with_funder_with_maintenance_Test -->
