<?xml version="1.0" encoding="UTF-8"?>
<!-- Generated by org.testng.reporters.JUnitReportReporter -->
<testsuite hostname="DSK-4052" failures="1" tests="15" name="orders.Orders_Verify_ownbook_business_hire_funder_With_Customer_Flow_Test" time="136.991" errors="0" timestamp="2023-12-20T17:23:55 IST" skipped="12">
  <testcase classname="orders.Orders_Verify_ownbook_business_hire_funder_With_Customer_Flow_Test" name="T1_open_order_created_in_acquisition_test" time="70.301"/>
  <system-out>
    <![CDATA[<b></b> <br />
<b>Searching for Order ID UO-32501</b> <br />]]>
  </system-out>
  <testcase classname="orders.Orders_Verify_ownbook_business_hire_funder_With_Customer_Flow_Test" name="T9_verify_default_status_acceptance_conditions_for_ownbook_hire_flow" time="12.416"/>
  <system-out>
    <![CDATA[<b></b> <br />
<b>Opening Customer Contract Tab</b> <br />
<b>Started verifying acceptance conditions default status</b> <br />
<b>Default status for acceptance condition for ownbook - Found OK i.e Not Required</b> <br />]]>
  </system-out>
  <testcase classname="orders.Orders_Verify_ownbook_business_hire_funder_With_Customer_Flow_Test" name="T10_verify_summary_section_values" time="54.274">
    <failure message="expected [true] but found [false]" type="java.lang.AssertionError">
      <![CDATA[java.lang.AssertionError: expected [true] but found [false]
at org.testng.Assert.fail(Assert.java:99)
at org.testng.Assert.failNotEquals(Assert.java:1037)
at org.testng.Assert.assertTrue(Assert.java:45)
at org.testng.Assert.assertTrue(Assert.java:55)
at orders.Orders_Verify_ownbook_business_hire_funder_With_Customer_Flow_Test.T10_verify_summary_section_values(Orders_Verify_ownbook_business_hire_funder_With_Customer_Flow_Test.java:180)
at java.base/jdk.internal.reflect.DirectMethodHandleAccessor.invoke(DirectMethodHandleAccessor.java:104)
at java.base/java.lang.reflect.Method.invoke(Method.java:578)
at org.testng.internal.MethodInvocationHelper.invokeMethod(MethodInvocationHelper.java:133)
at org.testng.internal.TestInvoker.invokeMethod(TestInvoker.java:598)
at org.testng.internal.TestInvoker.invokeTestMethod(TestInvoker.java:173)
at org.testng.internal.MethodRunner.runInSequence(MethodRunner.java:46)
at org.testng.internal.TestInvoker$MethodInvocationAgent.invoke(TestInvoker.java:824)
at org.testng.internal.TestInvoker.invokeTestMethods(TestInvoker.java:146)
at org.testng.internal.TestMethodWorker.invokeTestMethods(TestMethodWorker.java:146)
at org.testng.internal.TestMethodWorker.run(TestMethodWorker.java:128)
at java.base/java.util.ArrayList.forEach(ArrayList.java:1511)
at org.testng.TestRunner.privateRun(TestRunner.java:794)
at org.testng.TestRunner.run(TestRunner.java:596)
at org.testng.SuiteRunner.runTest(SuiteRunner.java:377)
at org.testng.SuiteRunner.runSequentially(SuiteRunner.java:371)
at org.testng.SuiteRunner.privateRun(SuiteRunner.java:332)
at org.testng.SuiteRunner.run(SuiteRunner.java:276)
at org.testng.SuiteRunnerWorker.runSuite(SuiteRunnerWorker.java:53)
at org.testng.SuiteRunnerWorker.run(SuiteRunnerWorker.java:96)
at org.testng.TestNG.runSuitesSequentially(TestNG.java:1212)
at org.testng.TestNG.runSuitesLocally(TestNG.java:1134)
at org.testng.TestNG.runSuites(TestNG.java:1063)
at org.testng.TestNG.run(TestNG.java:1031)
at org.testng.remote.AbstractRemoteTestNG.run(AbstractRemoteTestNG.java:115)
at org.testng.remote.RemoteTestNG.initAndRun(RemoteTestNG.java:251)
at org.testng.remote.RemoteTestNG.main(RemoteTestNG.java:77)
]]>
    </failure>
  </testcase> <!-- T10_verify_summary_section_values -->
  <system-out>
    <![CDATA[<b>Started Verifying Quote Summary and Configuration Values</b> <br />
<b></b> <br />
<b>CZA71890 != BFL93880</b> <br />
<b>Quote no. compared but found not ok</b> <br />
<b></b> <br />
<b>AUDI A7 DIESEL SPORTBACK (2018 - Current) 40 TDI Quattro Black Edition 5dr S Tronic = AUDI A7 DIESEL SPORTBACK (2018 - Current) 40 TDI Quattro Black Edition 5dr S Tronic</b> <br />
<b>Vehicle name compared and found ok</b> <br />
<b></b> <br />
<b>Business Contract Hire = Business Contract Hire</b> <br />
<b>Contract type compared and found ok</b> <br />
<b></b> <br />
<b>12.0 = 12.0</b> <br />
<b>Terms compared and found ok</b> <br />
<b></b> <br />
<b>5000.0 = 5000.0</b> <br />
<b>Mileage compared and found ok</b> <br />
<b></b> <br />
<b>1553.57 = 1553.5677875976364</b> <br />
<b>Monthly Finance Rental compared and found ok</b> <br />
<b></b> <br />
<b>433.09 != 1553.56778759764</b> <br />
<b>Initial Finance Rental found wrong</b> <br />
<b></b> <br />
<b>11.0 = 11.0</b> <br />
<b>Followed By months - found OK</b> <br />
<b></b> <br />
<b>41.6 = 41.6772</b> <br />
<b>Pence per excess mile finance - found OK</b> <br />
<b></b> <br />
<b>199.99 = 199.99</b> <br />
<b>Document Fee - found OK</b> <br />
<b></b> <br />
<b>400.0 = 400.0</b> <br />
<b>Upsell - found OK</b> <br />
<b></b> <br />
<b>578.85 = 578.85</b> <br />
<b>Default Finance Commission - found OK</b> <br />
<b></b> <br />
<b>400.0 = 400.0</b> <br />
<b>Upsell Commission - found OK</b> <br />
<b></b> <br />
<b>99.99 = 99.99000000000001</b> <br />
<b>Document Fee Commission - found OK</b> <br />
<b></b> <br />
<b>1080.11 = 1080.1072</b> <br />
<b>Total Commission - found OK</b> <br />
<b></b> <br />
<b>200.0 = 200.0</b> <br />
<b>Referrer Commission - found OK</b> <br />
<b></b> <br />
<b>10000.0 = 10000.0</b> <br />
<b>Finance Margin found OK</b> <br />
<b></b> <br />
<b>578.85 = 578.85</b> <br />
<b>Deductions found OK</b> <br />
<b></b> <br />
<b>352.66 = 352.66200000000003</b> <br />
<b>Additional Margin found OK</b> <br />
<b></b> <br />
<b>9773.81 = 9773.812</b> <br />
<b>Total Margin found OK</b> <br />
<b></b> <br />
<b>1.0 = 1.0</b> <br />
<b>Default Broker Margin percentage found OK</b> <br />
<b></b> <br />
<b>578.85 = 578.85</b> <br />
<b>Default Broker Margin Value found OK</b> <br />
<b></b> <br />
<b>0.1 = 0.1</b> <br />
<b>Broker Upsell Margin percentage found OK</b> <br />
<b></b> <br />
<b>400.0 != 40.0</b> <br />
<b>Broker Upsell Margin  found wrong</b> <br />
<b></b> <br />
<b>99.99 = 99.99000000000001</b> <br />
<b>Document Fee Margin  found OK</b> <br />
<b></b> <br />
<b>200.0 = 200.00000000000003</b> <br />
<b>Refferer Margin  found OK</b> <br />
<br>----------Screenshot---------<br>
<img src="D:\Orders_Vehicles\AMT_Orders_Vehicles\target\surefire-reports\html\failure_screenshots\T10_verify_summary_section_values_20_12_2023_05_23_55.png" height="800" width="1000">]]>
  </system-out>
  <testcase classname="orders.Orders_Verify_ownbook_business_hire_funder_With_Customer_Flow_Test" name="T11_verify_payment_default_status" time="0.000">
    <skipped/>
  </testcase> <!-- T11_verify_payment_default_status -->
  <system-out/>
  <testcase classname="orders.Orders_Verify_ownbook_business_hire_funder_With_Customer_Flow_Test" name="T12_make_payment_with_new_payment" time="0.000">
    <skipped/>
  </testcase> <!-- T12_make_payment_with_new_payment -->
  <system-out/>
  <testcase classname="orders.Orders_Verify_ownbook_business_hire_funder_With_Customer_Flow_Test" name="T13_verify_payment_status_after_making_a_payment_on_customer_contract_tab" time="0.000">
    <skipped/>
  </testcase> <!-- T13_verify_payment_status_after_making_a_payment_on_customer_contract_tab -->
  <system-out/>
  <testcase classname="orders.Orders_Verify_ownbook_business_hire_funder_With_Customer_Flow_Test" name="T14_verify_delivery_status_after_selecting_date_offered_in_delivery_section_of_customer_contract_tab_test" time="0.000">
    <skipped/>
  </testcase> <!-- T14_verify_delivery_status_after_selecting_date_offered_in_delivery_section_of_customer_contract_tab_test -->
  <system-out/>
  <testcase classname="orders.Orders_Verify_ownbook_business_hire_funder_With_Customer_Flow_Test" name="T15_verify_delivery_status_after_selecting_confirmed_delivery_date_in_delivery_section_of_customer_contract_test" time="0.000">
    <skipped/>
  </testcase> <!-- T15_verify_delivery_status_after_selecting_confirmed_delivery_date_in_delivery_section_of_customer_contract_test -->
  <system-out/>
  <testcase classname="orders.Orders_Verify_ownbook_business_hire_funder_With_Customer_Flow_Test" name="T16_verify_delivery_status_after_uploading_delivery_note_in_post_delivery_section_on_customer_contract_tab_test" time="0.000">
    <skipped/>
  </testcase> <!-- T16_verify_delivery_status_after_uploading_delivery_note_in_post_delivery_section_on_customer_contract_tab_test -->
  <system-out/>
  <testcase classname="orders.Orders_Verify_ownbook_business_hire_funder_With_Customer_Flow_Test" name="T17_verify_delivery_status_on_customer_contract_tab_and_vehicle_order_tab_are_same_when_deliver_to_customer_toggle_button_in_on_test" time="0.000">
    <skipped/>
  </testcase> <!-- T17_verify_delivery_status_on_customer_contract_tab_and_vehicle_order_tab_are_same_when_deliver_to_customer_toggle_button_in_on_test -->
  <system-out/>
  <testcase classname="orders.Orders_Verify_ownbook_business_hire_funder_With_Customer_Flow_Test" name="T18_verify_payout_pack_statuses_on_customer_contract_tab_test" time="0.000">
    <skipped/>
  </testcase> <!-- T18_verify_payout_pack_statuses_on_customer_contract_tab_test -->
  <system-out/>
  <testcase classname="orders.Orders_Verify_ownbook_business_hire_funder_With_Customer_Flow_Test" name="T19_verify_delivery_section_gets_enabled_when_deliver_to_customer_toggle_button_is_made_off_test" time="0.000">
    <skipped/>
  </testcase> <!-- T19_verify_delivery_section_gets_enabled_when_deliver_to_customer_toggle_button_is_made_off_test -->
  <system-out/>
  <testcase classname="orders.Orders_Verify_ownbook_business_hire_funder_With_Customer_Flow_Test" name="T20_verify_delivery_status_after_selecting_date_offered_in_delivery_section_of_vehicle_order_tab_test" time="0.000">
    <skipped/>
  </testcase> <!-- T20_verify_delivery_status_after_selecting_date_offered_in_delivery_section_of_vehicle_order_tab_test -->
  <system-out/>
  <testcase classname="orders.Orders_Verify_ownbook_business_hire_funder_With_Customer_Flow_Test" name="T21_verify_delivery_status_after_selecting_confirmed_delivery_date_in_delivery_section_of_vehicle_tab_test" time="0.000">
    <skipped/>
  </testcase> <!-- T21_verify_delivery_status_after_selecting_confirmed_delivery_date_in_delivery_section_of_vehicle_tab_test -->
  <system-out/>
  <testcase classname="orders.Orders_Verify_ownbook_business_hire_funder_With_Customer_Flow_Test" name="T22_verify_delivery_status_after_uploading_delivery_note_in_post_delivery_section_on_vehicle_order_tab_test" time="0.000">
    <skipped/>
  </testcase> <!-- T22_verify_delivery_status_after_uploading_delivery_note_in_post_delivery_section_on_vehicle_order_tab_test -->
  <system-out/>
</testsuite> <!-- orders.Orders_Verify_ownbook_business_hire_funder_With_Customer_Flow_Test -->
