<?xml version="1.0" encoding="UTF-8"?>
<!-- Generated by org.testng.reporters.JUnitReportReporter -->
<testsuite hostname="DSK-4052" failures="0" tests="14" name="orders.Orders_Verify_used_car_ownbook_business_hire_funder_With_Customer_Flow_Test" time="654.018" errors="0" timestamp="2024-01-17T18:11:16 IST" skipped="0">
  <testcase classname="orders.Orders_Verify_used_car_ownbook_business_hire_funder_With_Customer_Flow_Test" name="T1_open_order_created_in_acquisition_test" time="92.869"/>
  <system-out>
    <![CDATA[<b></b> <br />
<b>Searching for Order ID IM-25746</b> <br />]]>
  </system-out>
  <testcase classname="orders.Orders_Verify_used_car_ownbook_business_hire_funder_With_Customer_Flow_Test" name="T2_pre_order_pass_check_in_customer_contract_tab_test" time="17.527"/>
  <system-out>
    <![CDATA[<b></b> <br />
<b>Checking pre-order checks</b> <br />]]>
  </system-out>
  <testcase classname="orders.Orders_Verify_used_car_ownbook_business_hire_funder_With_Customer_Flow_Test" name="T16_verify_payment_status_after_making_a_payment_on_customer_contract_tab" time="4.371"/>
  <system-out>
    <![CDATA[<b></b> <br />
<b>Status for Payment after making payment - Found OK i.e Payment Received</b> <br />]]>
  </system-out>
  <testcase classname="orders.Orders_Verify_used_car_ownbook_business_hire_funder_With_Customer_Flow_Test" name="T17_verify_delivery_status_after_selecting_date_offered_in_delivery_section_of_customer_contract_tab_test" time="50.505"/>
  <system-out>
    <![CDATA[<b>Clicking on DELIVERY</b> <br />
<b>Delivery Status after selecting delivery date offered - Found OK i.e Awaiting Booking</b> <br />]]>
  </system-out>
  <testcase classname="orders.Orders_Verify_used_car_ownbook_business_hire_funder_With_Customer_Flow_Test" name="T18_verify_delivery_status_after_selecting_confirmed_delivery_date_in_delivery_section_of_customer_contract_test" time="18.823"/>
  <system-out>
    <![CDATA[<b>Delivery Status after selecting confirmed delivery date - Found OK i.e Delivery Booked</b> <br />]]>
  </system-out>
  <testcase classname="orders.Orders_Verify_used_car_ownbook_business_hire_funder_With_Customer_Flow_Test" name="T19_verify_delivery_status_after_uploading_delivery_note_in_post_delivery_section_on_customer_contract_tab_test" time="34.811"/>
  <system-out>
    <![CDATA[<b>Delivery Status after uploading the delivery note - Found OK i.e Delivered</b> <br />]]>
  </system-out>
  <testcase classname="orders.Orders_Verify_used_car_ownbook_business_hire_funder_With_Customer_Flow_Test" name="T20_verify_delivery_status_on_customer_contract_tab_and_vehicle_order_tab_are_same_when_deliver_to_customer_toggle_button_in_on_test" time="6.317"/>
  <system-out>
    <![CDATA[<b>Delivery Status are running in parallel for Customer Contract Tab and Vehicle Order Tab , Found OK</b> <br />]]>
  </system-out>
  <testcase classname="orders.Orders_Verify_used_car_ownbook_business_hire_funder_With_Customer_Flow_Test" name="T21_verify_delivery_section_gets_enabled_when_deliver_to_customer_toggle_button_is_made_off_test" time="9.914"/>
  <system-out>
    <![CDATA[<b></b> <br />
<b>Verifying delivery section gets enabled and delivery status is reversed to default when deliver to customer toggle button is made off</b> <br />
<b>Delivery section is visible when direct to customer toggle button is made off</b> <br />
<b>Delivery Status (after making direct to customer toggle off) gets reversed to default</b> <br />]]>
  </system-out>
  <testcase classname="orders.Orders_Verify_used_car_ownbook_business_hire_funder_With_Customer_Flow_Test" name="T22_verify_delivery_status_after_selecting_date_offered_in_delivery_section_of_vehicle_order_tab_test" time="49.444"/>
  <system-out>
    <![CDATA[<b>Clicking on DELIVERY</b> <br />
<b>Delivery Status after selecting delivery date offered - Found OK i.e Awaiting Booking</b> <br />]]>
  </system-out>
  <testcase classname="orders.Orders_Verify_used_car_ownbook_business_hire_funder_With_Customer_Flow_Test" name="T23_verify_delivery_status_after_selecting_confirmed_delivery_date_in_delivery_section_of_vehicle_tab_test" time="18.375"/>
  <system-out>
    <![CDATA[<b>Delivery Status after selecting confirmed delivery date - Found OK i.e Delivery Booked</b> <br />]]>
  </system-out>
  <testcase classname="orders.Orders_Verify_used_car_ownbook_business_hire_funder_With_Customer_Flow_Test" name="T24_verify_delivery_status_after_uploading_delivery_note_in_post_delivery_section_on_vehicle_order_tab_test" time="38.904"/>
  <system-out>
    <![CDATA[<b>Delivery Status after uploading the delivery note - Found OK i.e Delivered</b> <br />]]>
  </system-out>
  <testcase classname="orders.Orders_Verify_used_car_ownbook_business_hire_funder_With_Customer_Flow_Test" name="T25_verify_finance_documents_statuses_test" time="148.825"/>
  <system-out>
    <![CDATA[<b></b> <br />
<b>Sterted Verifying Finance Document Statuses for required flow</b> <br />
<b>Finance Document Status after selecting agreement requested date- Found OK i.e Finance docs Requested</b> <br />
<b>Finance Document Status after selecting agreement received date- Found OK i.e Finance Docs Received</b> <br />
<b>Finance Document Status after uploading signed documents - Found OK i.e Finance Docs Signed</b> <br />
<b>Finance Document Status after selecting uploaded to funder date- Found OK i.e Upload to Funder</b> <br />
<b>Finance Document Status after selecting activation date- Found OK i.e Finance Activated</b> <br />]]>
  </system-out>
  <testcase classname="orders.Orders_Verify_used_car_ownbook_business_hire_funder_With_Customer_Flow_Test" name="T26_verify_payments_to_funder_statuses_test" time="117.861"/>
  <system-out>
    <![CDATA[<b></b> <br />
<b>Sterted Verifying Payments to Funder Statuses for required flow</b> <br />
<b>Clicking on PAYMENT</b> <br />
<b>Payment to funder -- Default Status - Found OK i.e Payment Required</b> <br />
<b>Status for Payment after selecting payment requested date- Found OK i.e Payment Requested</b> <br />
<b>Status for Payment after selecting payment sent date- Found OK i.e Payment Sent</b> <br />]]>
  </system-out>
  <testcase classname="orders.Orders_Verify_used_car_ownbook_business_hire_funder_With_Customer_Flow_Test" name="T27_verify_completed_status_for_test" time="45.472"/>
  <system-out>
    <![CDATA[<b></b> <br />
<b>Click on complete funding</b> <br />
<b>Status for Asset Funding after completing funding found OK i.e.Completed</b> <br />]]>
  </system-out>
</testsuite> <!-- orders.Orders_Verify_used_car_ownbook_business_hire_funder_With_Customer_Flow_Test -->
