<?xml version="1.0" encoding="UTF-8"?>
<!-- Generated by org.testng.reporters.JUnitReportReporter -->
<testsuite hostname="DSK-4052" failures="1" tests="8" name="opportunity.LOU_OP_OP_Business_Flow_Test" time="263.374" errors="0" timestamp="2023-12-12T16:12:26 IST" skipped="4">
  <testcase classname="opportunity.LOU_OP_OP_Business_Flow_Test" name="L1_create_lead_for_Outright_Purchase_business" time="119.609"/>
  <system-out>
    <![CDATA[<b>Clicked on Leads on Side Menu</b> <br />
<b>Clicked on add lead</b> <br />
<b>Lead is assigned</b> <br />
<b>Added data in General Notes</b> <br />
<b>Customer type - Business selected</b> <br />
<b>Clicked on Add new vehicle request</b> <br />
<b>Channel- Retail Sales Selected</b> <br />
<b>Vehicle request for broker has been saved</b> <br />
<b>Click on Map New Quote icon</b> <br />
<b>Click on acquisition contract type icon</b> <br />
<b>Click on customer contract type icon</b> <br />
<b>Click on search button</b> <br />
<b>Click on created date button 1st </b> <br />
<b>Click on created date button 2nd</b> <br />
<b>New Quote has been mapped with lead</b> <br />
<b>click ok button on Map  new quote </b> <br />
<b>Verifying Quote no. and Sales Price Displayed in the Table</b> <br />
<b>Expected POH31302 and Actual POH31302 are equal , Hence Passed</b> <br />
<b>Expected 57335.00 and Actual £ 57,335.00 are equal , Hence Passed</b> <br />
<b>Click on Lead save and Convert button</b> <br />
<b>Verifying Quote no. and Sales Price Displayed in the Table</b> <br />
<b>Expected POH31302 and Actual POH31302 are equal , Hence Passed</b> <br />
<b>Expected 57335.00 and Actual £ 57,335.00 are equal , Hence Passed</b> <br />
<b></b> <br />
<b>In Lead created Opportunity Id is =BK-1417</b> <br />
<b></b> <br />]]>
  </system-out>
  <testcase classname="opportunity.LOU_OP_OP_Business_Flow_Test" name="L2_current_status_before_sending_to_proposal" time="16.568"/>
  <system-out>
    <![CDATA[<b>Clicked on Opportunity link from Menu </b> <br />
<b>Enter the Opportunity id in Search Text box</b> <br />
<b>Current Status of Opportunity Status value is = Open</b> <br />
<b>Current Status of Proposal value is = Proposal Required</b> <br />
<b>Current Status of Channel value is =  Draft</b> <br />
<b>Current Status of  Quote ref is = Draft</b> <br />
<b>Status Verified : Before sending the proposal</b> <br />]]>
  </system-out>
  <testcase classname="opportunity.LOU_OP_OP_Business_Flow_Test" name="L3_fill_up_the_required_fields_for_sending_a_proposal" time="126.981"/>
  <system-out>
    <![CDATA[<b>click on Proposal icon</b> <br />
<b>Proposal page will display </b> <br />
<b>Send proposal to customer pop up  will open</b> <br />
<b>Click on Manual fill radio button - Yes</b> <br />
<b>Click on manually submit behalf of customer link</b> <br />]]>
  </system-out>
  <testcase classname="opportunity.LOU_OP_OP_Business_Flow_Test" name="L4_ownbook_create_opportunity_business_current_status_after_sending_to_proposal" time="0.216">
    <failure message="expected [true] but found [false]" type="java.lang.AssertionError">
      <![CDATA[java.lang.AssertionError: expected [true] but found [false]
at org.testng.Assert.fail(Assert.java:99)
at org.testng.Assert.failNotEquals(Assert.java:1037)
at org.testng.Assert.assertTrue(Assert.java:45)
at org.testng.Assert.assertTrue(Assert.java:55)
at opportunity.LOU_OP_OP_Business_Flow_Test.L4_ownbook_create_opportunity_business_current_status_after_sending_to_proposal(LOU_OP_OP_Business_Flow_Test.java:122)
at java.base/jdk.internal.reflect.DirectMethodHandleAccessor.invoke(DirectMethodHandleAccessor.java:104)
at java.base/java.lang.reflect.Method.invoke(Method.java:578)
at org.testng.internal.MethodInvocationHelper.invokeMethod(MethodInvocationHelper.java:133)
at org.testng.internal.TestInvoker.invokeMethod(TestInvoker.java:598)
at org.testng.internal.TestInvoker.invokeTestMethod(TestInvoker.java:173)
at org.testng.internal.MethodRunner.runInSequence(MethodRunner.java:46)
at org.testng.internal.TestInvoker$MethodInvocationAgent.invoke(TestInvoker.java:824)
at org.testng.internal.TestInvoker.invokeTestMethods(TestInvoker.java:146)
at org.testng.internal.TestMethodWorker.invokeTestMethods(TestMethodWorker.java:146)
at org.testng.internal.TestMethodWorker.run(TestMethodWorker.java:128)
at java.base/java.util.ArrayList.forEach(ArrayList.java:1511)
at org.testng.TestRunner.privateRun(TestRunner.java:794)
at org.testng.TestRunner.run(TestRunner.java:596)
at org.testng.SuiteRunner.runTest(SuiteRunner.java:377)
at org.testng.SuiteRunner.runSequentially(SuiteRunner.java:371)
at org.testng.SuiteRunner.privateRun(SuiteRunner.java:332)
at org.testng.SuiteRunner.run(SuiteRunner.java:276)
at org.testng.SuiteRunnerWorker.runSuite(SuiteRunnerWorker.java:53)
at org.testng.SuiteRunnerWorker.run(SuiteRunnerWorker.java:96)
at org.testng.TestNG.runSuitesSequentially(TestNG.java:1212)
at org.testng.TestNG.runSuitesLocally(TestNG.java:1134)
at org.testng.TestNG.runSuites(TestNG.java:1063)
at org.testng.TestNG.run(TestNG.java:1031)
at org.testng.remote.AbstractRemoteTestNG.run(AbstractRemoteTestNG.java:115)
at org.testng.remote.RemoteTestNG.initAndRun(RemoteTestNG.java:251)
at org.testng.remote.RemoteTestNG.main(RemoteTestNG.java:77)
]]>
    </failure>
  </testcase> <!-- L4_ownbook_create_opportunity_business_current_status_after_sending_to_proposal -->
  <system-out>
    <![CDATA[<b>Current Status of Opportunity Status value is = Open</b> <br />
<b>Current Status of Proposal value is = Proposal Received</b> <br />
<b>Current Status of Channel value is =  Contract signed</b> <br />
<b>Current Status of  Quote ref is = Contract signed</b> <br />
<br>----------Screenshot---------<br>
<img src="D:\Orders_Vehicles\AMT_Orders_Vehicles\target\surefire-reports\html\failure_screenshots\L4_ownbook_create_opportunity_business_current_status_after_sending_to_proposal_12_12_2023_04_00_53.png" height="800" width="1000">]]>
  </system-out>
  <testcase classname="opportunity.LOU_OP_OP_Business_Flow_Test" name="L5_sending_contract" time="0.000">
    <skipped/>
  </testcase> <!-- L5_sending_contract -->
  <system-out/>
  <testcase classname="opportunity.LOU_OP_OP_Business_Flow_Test" name="L6_verify_current_status_on_opportunity_page_after_sending_contract_for_broker_business_flow" time="0.000">
    <skipped/>
  </testcase> <!-- L6_verify_current_status_on_opportunity_page_after_sending_contract_for_broker_business_flow -->
  <system-out/>
  <testcase classname="opportunity.LOU_OP_OP_Business_Flow_Test" name="L7_verify_signed_contract_status_with_api_call" time="0.000">
    <skipped/>
  </testcase> <!-- L7_verify_signed_contract_status_with_api_call -->
  <system-out/>
  <testcase classname="opportunity.LOU_OP_OP_Business_Flow_Test" name="L8_verify_status_after_contract_signed" time="0.000">
    <skipped/>
  </testcase> <!-- L8_verify_status_after_contract_signed -->
  <system-out/>
</testsuite> <!-- opportunity.LOU_OP_OP_Business_Flow_Test -->
