<?xml version="1.0" encoding="UTF-8"?>
<!-- Generated by org.testng.reporters.JUnitReportReporter -->
<testsuite hostname="DSK-4052" failures="0" tests="15" name="opportunity.LOU_broker_business_hire_accept_flow_Test" time="647.238" errors="1" timestamp="2024-01-31T05:52:15 IST" skipped="0">
  <testcase classname="opportunity.LOU_broker_business_hire_accept_flow_Test" name="L1_create_lead_for_broker_business" time="211.518"/>
  <system-out>
    <![CDATA[<b>Clicked on Leads on Side Menu</b> <br />
<b>Clicked on add lead</b> <br />
<b>Lead is assigned</b> <br />
<b>Added data in General Notes</b> <br />
<b>Customer type - Business selected</b> <br />
<b>Clicked on Add new vehicle request</b> <br />
<b>Clicked on broker channel</b> <br />
<b>Vehicle request for broker has been saved</b> <br />
<b>Click on Map New Quote icon</b> <br />
<b>Click on acquisition contract type icon</b> <br />
<b>Click on customer contract type icon</b> <br />
<b>Click on search button</b> <br />
<b>Click on created date button 1st </b> <br />
<b>Click on created date button 2nd</b> <br />
<b>New Quote has been mapped with lead</b> <br />
<b>click ok button on Map  new quote </b> <br />
<b></b> <br />
<b>Started Verifying Table values</b> <br />
<b></b> <br />
<b>VPL33021 = VPL33021</b> <br />
<b>Quote no. compared and found ok</b> <br />
<b></b> <br />
<b>AUDI A7 DIESEL SPORTBACK (2018 - Current) 40 TDI Quattro Black Edition 5dr S Tronic = AUDI A7 DIESEL SPORTBACK (2018 - Current) 40 TDI Quattro Black Edition 5dr S Tronic</b> <br />
<b>Vehicle name compared and found ok</b> <br />
<b></b> <br />
<b>Business Contract Hire = Business Contract Hire</b> <br />
<b>Contract type compared and found ok</b> <br />
<b></b> <br />
<b>2000.0 = 2000.0</b> <br />
<b>Monthly finance rental compared and found ok</b> <br />
<b></b> <br />
<b>5000.0 = 5000.0</b> <br />
<b>Mileage compared and found ok</b> <br />
<b></b> <br />
<b>13.0 = 13.0</b> <br />
<b>Terms compared and found ok</b> <br />
<b></b> <br />
<b>05/12/2026 != 04/12/2026</b> <br />
<b>Expiry date compared but found not ok</b> <br />
<b>Click on Lead save and Convert button</b> <br />
<b></b> <br />
<b>Started Verifying Table values</b> <br />
<b></b> <br />
<b>VPL33021 = VPL33021</b> <br />
<b>Quote no. compared and found ok</b> <br />
<b></b> <br />
<b>AUDI A7 DIESEL SPORTBACK (2018 - Current) 40 TDI Quattro Black Edition 5dr S Tronic = AUDI A7 DIESEL SPORTBACK (2018 - Current) 40 TDI Quattro Black Edition 5dr S Tronic</b> <br />
<b>Vehicle name compared and found ok</b> <br />
<b></b> <br />
<b>Business Contract Hire = Business Contract Hire</b> <br />
<b>Contract type compared and found ok</b> <br />
<b></b> <br />
<b>2000.0 = 2000.0</b> <br />
<b>Monthly finance rental compared and found ok</b> <br />
<b></b> <br />
<b>5000.0 = 5000.0</b> <br />
<b>Mileage compared and found ok</b> <br />
<b></b> <br />
<b>13.0 = 13.0</b> <br />
<b>Terms compared and found ok</b> <br />
<b></b> <br />
<b>05/12/2026 != 04/12/2026</b> <br />
<b>Expiry date compared but found not ok</b> <br />
<b></b> <br />
<b>In Lead created Opportunity Id is =TS-5486</b> <br />
<b></b> <br />]]>
  </system-out>
  <testcase classname="opportunity.LOU_broker_business_hire_accept_flow_Test" name="L2_broker_business_current_status_before_sending_to_proposal" time="26.500"/>
  <system-out>
    <![CDATA[<b>Clicked on Opportunity link from Menu </b> <br />
<b>Enter the Opportunity id in Search Text box</b> <br />
<b>Current Status of Opportunity Status value is = Open</b> <br />
<b>Current Status of Proposal value is = Proposal Required</b> <br />
<b>Current Status of Channel value is =  Draft</b> <br />
<b>Current Status of  Quote ref is = Draft</b> <br />
<b>Status Verified : Before sending the proposal</b> <br />]]>
  </system-out>
  <testcase classname="opportunity.LOU_broker_business_hire_accept_flow_Test" name="L3_verify_table_values_on_opportunity_page_before_sending_proposal" time="4.032"/>
  <system-out>
    <![CDATA[<b></b> <br />
<b>Started Verifying Table values</b> <br />
<b></b> <br />
<b>VPL33021 = VPL33021</b> <br />
<b>Quote no. compared and found ok</b> <br />
<b></b> <br />
<b>AUDI A7 DIESEL SPORTBACK (2018 - Current) 40 TDI Quattro Black Edition 5dr S Tronic = AUDI A7 DIESEL SPORTBACK (2018 - Current) 40 TDI Quattro Black Edition 5dr S Tronic</b> <br />
<b>Vehicle name compared and found ok</b> <br />
<b></b> <br />
<b>Business Contract Hire = Business Contract Hire</b> <br />
<b>Contract type compared and found ok</b> <br />
<b></b> <br />
<b>2000.0 = 2000.0</b> <br />
<b>Monthly finance rental compared and found ok</b> <br />
<b></b> <br />
<b>5000.0 = 5000.0</b> <br />
<b>Mileage compared and found ok</b> <br />
<b></b> <br />
<b>13.0 = 13.0</b> <br />
<b>Terms compared and found ok</b> <br />
<b></b> <br />
<b>05/12/2026 != 04/12/2026</b> <br />
<b>Expiry date compared but found not ok</b> <br />
<b></b> <br />
<b>Table values verified Successfully</b> <br />]]>
  </system-out>
  <testcase classname="opportunity.LOU_broker_business_hire_accept_flow_Test" name="L4_verify_current_status_on_opportunity_page_before_sending_to_proposal_for_broker_business_flow" time="0.100"/>
  <system-out>
    <![CDATA[<b>Current Status of Opportunity Status value is = Open</b> <br />
<b>Current Status of Proposal value is = Proposal Required</b> <br />
<b>Current Status of Channel value is =  Draft</b> <br />
<b>Current Status of  Quote ref is = Draft</b> <br />
<b>Status Verified : Before sending the proposal</b> <br />]]>
  </system-out>
  <testcase classname="opportunity.LOU_broker_business_hire_accept_flow_Test" name="L5_adding_proposal_on_opportunity_page_broker_business_flow" time="142.717"/>
  <system-out>
    <![CDATA[<b>click on Proposal icon</b> <br />
<b>click on Proposal icon</b> <br />
<b>Proposal page will display </b> <br />
<b>Send proposal to customer pop up  will open</b> <br />
<b>Click on Manual fill radio button - Yes</b> <br />
<b>Click on manually submit behalf of customer link</b> <br />
<b></b> <br />
<b>Proposal Received Successfully</b> <br />]]>
  </system-out>
  <testcase classname="opportunity.LOU_broker_business_hire_accept_flow_Test" name="L6_verify_current_status_on_opportunity_page_after_sending_to_proposal_for_broker_business_flow" time="0.163"/>
  <system-out>
    <![CDATA[<b>Current Status of Opportunity Status value is = Open</b> <br />
<b>Current Status of Proposal value is = Proposal Received</b> <br />
<b>Current Status of Channel value is =  Draft</b> <br />
<b>Current Status of  Quote ref is = Draft</b> <br />
<b>Status Verified : After sending the proposal</b> <br />]]>
  </system-out>
  <testcase classname="opportunity.LOU_broker_business_hire_accept_flow_Test" name="broker_business_sending_contract" time="28.207"/>
  <system-out>
    <![CDATA[<b>click on Send_Contract icon</b> <br />]]>
  </system-out>
  <testcase classname="opportunity.LOU_broker_business_hire_accept_flow_Test" name="L8_verify_current_status_on_opportunity_page_after_sending_contract_for_broker_business_flow" time="7.192"/>
  <system-out>
    <![CDATA[<b>Current Status of Proposal value is = Proposal Received</b> <br />
<b>Current Status of Channel value is =  Sent to customer</b> <br />
<b>Current Status of  Quote ref is = Sent to customer</b> <br />
<b>Status Verified : Status Verified : Sent to customer</b> <br />]]>
  </system-out>
  <testcase classname="opportunity.LOU_broker_business_hire_accept_flow_Test" name="L9_verify_signed_contract_status_with_api_call" time="40.479"/>
  <system-out>
    <![CDATA[<b>Status code 200 received </b> <br />
<b>Enter the Opportunity id in Search Text box</b> <br />]]>
  </system-out>
  <testcase classname="opportunity.LOU_broker_business_hire_accept_flow_Test" name="L10_verify_status_after_contract_signed" time="11.124"/>
  <system-out>
    <![CDATA[<b>Current Status of Proposal value is = Proposal Received</b> <br />
<b>Current Status of Channel value is =  Contract signed</b> <br />
<b>Current Status of  Quote ref is = Contract signed</b> <br />
<b>Status Verified : Contract Signed </b> <br />]]>
  </system-out>
  <testcase classname="opportunity.LOU_broker_business_hire_accept_flow_Test" name="UW1_verify_underwriting_flow_ownbook_with_status" time="32.009"/>
  <system-out>
    <![CDATA[<b> Underwriting icon is available </b> <br />
<b>Underwriting pop up -quote ref no => Quote reference no.:
VPL33021</b> <br />
<b>Underwriting Popup Proposal Id is =FCW8205</b> <br />
<b></b> <br />
<b>Started Verifying Summary values</b> <br />
<b></b> <br />
<b>Quote reference no.:
VPL33021 != VPL33021</b> <br />
<b>Quote no. compared but found not ok</b> <br />
<b></b> <br />
<b>AUDI A7 DIESEL SPORTBACK (2018 - Current) 40 TDI Quattro Black Edition 5dr S Tronic = AUDI A7 DIESEL SPORTBACK (2018 - Current) 40 TDI Quattro Black Edition 5dr S Tronic</b> <br />
<b>Vehicle name compared and found ok</b> <br />
<b></b> <br />
<b>Business Contract Hire = Business Contract Hire</b> <br />
<b>Contract type compared and found ok</b> <br />
<b></b> <br />
<b>2000.0 = 2000.0</b> <br />
<b>Monthly finance rental compared and found ok</b> <br />
<b></b> <br />
<b>5000.0 = 5000.0</b> <br />
<b>Mileage compared and found ok</b> <br />
<b></b> <br />
<b>13.0 = 13.0</b> <br />
<b>Terms compared and found ok</b> <br />
<b></b> <br />
<b>04/12/2026 = 04/12/2026</b> <br />
<b>Expiry date compared and found ok</b> <br />
<b></b> <br />
<b>QACompany2201 = QACompany2201</b> <br />
<b>Funder name compared and found ok</b> <br />
<b></b> <br />
<b>REF001 = REF001</b> <br />
<b>Funder quote ref no. compared and found ok</b> <br />
<b></b> <br />
<b>Monthly in advance = Monthly in advance</b> <br />
<b>Payment profile compared and found ok</b> <br />
<b></b> <br />
<b>5417.0 = 5417.0</b> <br />
<b>Contract mileage compared and found ok</b> <br />
<b></b> <br />
<b>2000.0 = 2000.0</b> <br />
<b>Initial finance rental compared and found ok</b> <br />
<b></b> <br />
<b>2.00 p = 2.00 p</b> <br />
<b>Pense per excess mile finance compared and found ok</b> <br />
<b></b> <br />
<b>5.0 = 5.0</b> <br />
<b>commission compared and found ok</b> <br />
<b>click on underwriting_send_for_underwriting  button </b> <br />]]>
  </system-out>
  <testcase classname="opportunity.LOU_broker_business_hire_accept_flow_Test" name="UW2_verify_status_after_sending_to_underwriting" time="4.118"/>
  <system-out>
    <![CDATA[<b>Current Status of Proposal value is = Proposal Received</b> <br />
<b>Current Status of Channel value is =  Awaiting underwriting</b> <br />
<b>Current Status of  Quote ref is = Awaiting underwriting</b> <br />
<b>Status Verified : Awaiting Underwriting </b> <br />]]>
  </system-out>
  <testcase classname="opportunity.LOU_broker_business_hire_accept_flow_Test" name="UW3_verify_underwriting_lisitig_page" time="19.669"/>
  <system-out>
    <![CDATA[<b>Click on Underwriting menu_link </b> <br />
<b>Click on Underwriting - broker tab </b> <br />
<b>Click on Search text box - broker tab</b> <br />
<b>Getting the  proposal id from excel sheet =FCW8205</b> <br />
<b>Enter the proposal in search text box =FCW8205</b> <br />]]>
  </system-out>
  <testcase classname="opportunity.LOU_broker_business_hire_accept_flow_Test" name="UW4_verify_underwriting_proposal_page_flow" time="41.282"/>
  <system-out>
    <![CDATA[<b>Click on Underwriting detail page for proposal</b> <br />
<b>Clicked on Underwriting quote page</b> <br />
<b></b> <br />
<b>58535.0 = 58535.0</b> <br />
<b>Cost Otr Price compared and found ok</b> <br />
<b></b> <br />
<b>48237.5 = 48237.5</b> <br />
<b>Cost Otr Price compared and found ok</b> <br />
<b></b> <br />
<b>9647.5 = 9647.5</b> <br />
<b>Otr Vat compared and found ok</b> <br />
<b></b> <br />
<b>650.0 = 650.0</b> <br />
<b>Otr Rfl And Frf compared and found ok</b> <br />
<b></b> <br />
<b>VPL33021 = VPL33021</b> <br />
<b>Quote no. compared and found ok</b> <br />
<b></b> <br />
<b>AUDI A7 DIESEL SPORTBACK (2018 - Current) 40 TDI Quattro Black Edition 5dr S Tronic = AUDI A7 DIESEL SPORTBACK (2018 - Current) 40 TDI Quattro Black Edition 5dr S Tronic</b> <br />
<b>Vehicle name compared and found ok</b> <br />
<b></b> <br />
<b>Business Contract Hire = Business Contract Hire</b> <br />
<b>Contract type compared and found ok</b> <br />
<b></b> <br />
<b>2000.0 = 2000.0</b> <br />
<b>Monthly finance rental compared and found ok</b> <br />
<b></b> <br />
<b>5000.0 = 5000.0</b> <br />
<b>Mileage compared and found ok</b> <br />
<b></b> <br />
<b>13.0 = 13.0</b> <br />
<b>Terms compared and found ok</b> <br />
<b></b> <br />
<b>04/12/2026 = 04/12/2026</b> <br />
<b>Expiry date compared and found ok</b> <br />
<b></b> <br />
<b>QACompany2201 = QACompany2201</b> <br />
<b>Funder name compared and found ok</b> <br />
<b></b> <br />
<b>REF001 = REF001</b> <br />
<b>Funder quote ref no. compared and found ok</b> <br />
<b></b> <br />
<b>Monthly in advance = Monthly in advance</b> <br />
<b>Payment profile compared and found ok</b> <br />
<b></b> <br />
<b>5417.0 = 5417.0</b> <br />
<b>Contract mileage compared and found ok</b> <br />
<b></b> <br />
<b>2000.0 = 2000.0</b> <br />
<b>Initial finance rental compared and found ok</b> <br />
<b></b> <br />
<b>2.00 p = 2.00 p</b> <br />
<b>Pense per excess mile finance compared and found ok</b> <br />
<b></b> <br />
<b>5.0 = 5.0</b> <br />
<b>commission compared and found ok</b> <br />
<b>Click on decision tab page</b> <br />]]>
  </system-out>
  <testcase classname="opportunity.LOU_broker_business_hire_accept_flow_Test" name="UW5_verify_underwriting_proposal_decision_with_accept" time="78.128">
    <error message="Expected condition failed: waiting for element to be clickable: [[ChromeDriver: chrome on WINDOWS (7f40400b3a64f21054ae7e68aa301342)] -&gt; xpath: //button[normalize-space()=&#039;Save &amp; Exit&#039;]] (tried for 60 second(s) with 500 milliseconds interval)
Build info: version: &#039;4.1.0&#039;, revision: &#039;87802e897b&#039;
System info: host: &#039;DSK-4052&#039;, ip: &#039;172.16.1.80&#039;, os.name: &#039;Windows 10&#039;, os.arch: &#039;amd64&#039;, os.version: &#039;10.0&#039;, java.version: &#039;19.0.1&#039;
Driver info: org.openqa.selenium.chrome.ChromeDriver
Capabilities {acceptInsecureCerts: false, browserName: chrome, browserVersion: 120.0.6099.225, chrome: {chromedriverVersion: 119.0.6045.105 (38c72552c5e..., userDataDir: C:\Users\NITEIN~1.KUR\AppDa...}, fedcm:accounts: true, goog:chromeOptions: {debuggerAddress: localhost:60576}, javascriptEnabled: true, networkConnectionEnabled: false, pageLoadStrategy: normal, platform: WINDOWS, platformName: WINDOWS, proxy: Proxy(), se:cdp: ws://localhost:60576/devtoo..., se:cdpVersion: 120.0.6099.225, setWindowRect: true, strictFileInteractability: false, timeouts: {implicit: 0, pageLoad: 300000, script: 30000}, unhandledPromptBehavior: dismiss and notify, webauthn:extension:credBlob: true, webauthn:extension:largeBlob: true, webauthn:extension:minPinLength: true, webauthn:extension:prf: true, webauthn:virtualAuthenticators: true}
Session ID: 7f40400b3a64f21054ae7e68aa301342" type="org.openqa.selenium.TimeoutException">
      <![CDATA[org.openqa.selenium.TimeoutException: Expected condition failed: waiting for element to be clickable: [[ChromeDriver: chrome on WINDOWS (7f40400b3a64f21054ae7e68aa301342)] -> xpath: //button[normalize-space()='Save & Exit']] (tried for 60 second(s) with 500 milliseconds interval)
Build info: version: '4.1.0', revision: '87802e897b'
System info: host: 'DSK-4052', ip: '172.16.1.80', os.name: 'Windows 10', os.arch: 'amd64', os.version: '10.0', java.version: '19.0.1'
Driver info: org.openqa.selenium.chrome.ChromeDriver
Capabilities {acceptInsecureCerts: false, browserName: chrome, browserVersion: 120.0.6099.225, chrome: {chromedriverVersion: 119.0.6045.105 (38c72552c5e..., userDataDir: C:\Users\NITEIN~1.KUR\AppDa...}, fedcm:accounts: true, goog:chromeOptions: {debuggerAddress: localhost:60576}, javascriptEnabled: true, networkConnectionEnabled: false, pageLoadStrategy: normal, platform: WINDOWS, platformName: WINDOWS, proxy: Proxy(), se:cdp: ws://localhost:60576/devtoo..., se:cdpVersion: 120.0.6099.225, setWindowRect: true, strictFileInteractability: false, timeouts: {implicit: 0, pageLoad: 300000, script: 30000}, unhandledPromptBehavior: dismiss and notify, webauthn:extension:credBlob: true, webauthn:extension:largeBlob: true, webauthn:extension:minPinLength: true, webauthn:extension:prf: true, webauthn:virtualAuthenticators: true}
Session ID: 7f40400b3a64f21054ae7e68aa301342
at org.openqa.selenium.support.ui.WebDriverWait.timeoutException(WebDriverWait.java:138)
at org.openqa.selenium.support.ui.FluentWait.until(FluentWait.java:231)
at com.amt.testUtil.Click.on(Click.java:17)
at com.amt.pages.Underwriting.verification_underwriting_tab_decision_page_save_and_exit_button(Underwriting.java:10436)
at opportunity.LOU_broker_business_hire_accept_flow_Test.UW5_verify_underwriting_proposal_decision_with_accept(LOU_broker_business_hire_accept_flow_Test.java:371)
at java.base/jdk.internal.reflect.DirectMethodHandleAccessor.invoke(DirectMethodHandleAccessor.java:104)
at java.base/java.lang.reflect.Method.invoke(Method.java:578)
at org.testng.internal.MethodInvocationHelper.invokeMethod(MethodInvocationHelper.java:133)
at org.testng.internal.TestInvoker.invokeMethod(TestInvoker.java:598)
at org.testng.internal.TestInvoker.invokeTestMethod(TestInvoker.java:173)
at org.testng.internal.MethodRunner.runInSequence(MethodRunner.java:46)
at org.testng.internal.TestInvoker$MethodInvocationAgent.invoke(TestInvoker.java:824)
at org.testng.internal.TestInvoker.invokeTestMethods(TestInvoker.java:146)
at org.testng.internal.TestMethodWorker.invokeTestMethods(TestMethodWorker.java:146)
at org.testng.internal.TestMethodWorker.run(TestMethodWorker.java:128)
at java.base/java.util.ArrayList.forEach(ArrayList.java:1511)
at org.testng.TestRunner.privateRun(TestRunner.java:794)
at org.testng.TestRunner.run(TestRunner.java:596)
at org.testng.SuiteRunner.runTest(SuiteRunner.java:377)
at org.testng.SuiteRunner.runSequentially(SuiteRunner.java:371)
at org.testng.SuiteRunner.privateRun(SuiteRunner.java:332)
at org.testng.SuiteRunner.run(SuiteRunner.java:276)
at org.testng.SuiteRunnerWorker.runSuite(SuiteRunnerWorker.java:53)
at org.testng.SuiteRunnerWorker.run(SuiteRunnerWorker.java:96)
at org.testng.TestNG.runSuitesSequentially(TestNG.java:1212)
at org.testng.TestNG.runSuitesSequentially(TestNG.java:1207)
at org.testng.TestNG.runSuitesLocally(TestNG.java:1134)
at org.testng.TestNG.runSuites(TestNG.java:1063)
at org.testng.TestNG.run(TestNG.java:1031)
at org.testng.remote.AbstractRemoteTestNG.run(AbstractRemoteTestNG.java:115)
at org.testng.remote.RemoteTestNG.initAndRun(RemoteTestNG.java:251)
at org.testng.remote.RemoteTestNG.main(RemoteTestNG.java:77)
]]>
    </error>
  </testcase> <!-- UW5_verify_underwriting_proposal_decision_with_accept -->
  <system-out>
    <![CDATA[<b>Click on decision Accept button</b> <br />
<br>----------Screenshot---------<br>
<img src="D:\Orders_Vehicles\AMT_Orders_Vehicles\target\surefire-reports\html\failure_screenshots\UW5_verify_underwriting_proposal_decision_with_accept_31_01_2024_01_00_50.png" height="800" width="1000">]]>
  </system-out>
</testsuite> <!-- opportunity.LOU_broker_business_hire_accept_flow_Test -->
