<?xml version="1.0" encoding="UTF-8"?>
<!-- Generated by org.testng.reporters.JUnitReportReporter -->
<testsuite hostname="DSK-4052" failures="0" tests="27" name="orders.Orders_Verify_used_car_ownbook_business_purchase_funder_With_Customer_Flow_Test" time="1353.870" errors="0" timestamp="2024-01-19T14:48:37 IST" skipped="0">
  <testcase classname="orders.Orders_Verify_used_car_ownbook_business_purchase_funder_With_Customer_Flow_Test" name="T1_open_order_created_in_acquisition_test" time="90.515"/>
  <system-out>
    <![CDATA[<b></b> <br />
<b>Searching for Order ID OP-38804</b> <br />]]>
  </system-out>
  <testcase classname="orders.Orders_Verify_used_car_ownbook_business_purchase_funder_With_Customer_Flow_Test" name="T2_pre_order_pass_check_in_customer_contract_tab_test" time="17.471"/>
  <system-out>
    <![CDATA[<b></b> <br />
<b>Checking pre-order checks</b> <br />]]>
  </system-out>
  <testcase classname="orders.Orders_Verify_used_car_ownbook_business_purchase_funder_With_Customer_Flow_Test" name="T3_verify_that_editing_the_basic_cash_price_does_not_affect_the_monthly_payment_on_customer_contract_tab_test" time="56.075"/>
  <system-out>
    <![CDATA[<b>Started verifying monthly payment does not change after editing the basic cash price</b> <br />
<b>Monthly payment Before Editing the Cash Price is 613.22</b> <br />
<b>Vehicle's Basic Cash Price Changed to 60,000</b> <br />
<b>Now Getting the Monthly payment from customer contract tab</b> <br />
<b>Monthly payment After Editing the Cash Price is 613.48</b> <br />
<b>Verified that monthly payment does not change after editing the basic cash price</b> <br />]]>
  </system-out>
  <testcase classname="orders.Orders_Verify_used_car_ownbook_business_purchase_funder_With_Customer_Flow_Test" name="T4_verify_that_same_funder_with_same_term_and_mileage_can_not_be_added_for_with_customer_flow_test" time="32.982"/>
  <system-out>
    <![CDATA[<b></b> <br />
<b>Writing Holding Cost Summary values to excel has been completed</b> <br />
<b>Actual and Expected Message matches, hence test passed</b> <br />]]>
  </system-out>
  <testcase classname="orders.Orders_Verify_used_car_ownbook_business_purchase_funder_With_Customer_Flow_Test" name="T5_verify_that_deselecting_the_selected_funder_does_not_affect_the_monthly_payment_on_customer_contract_tab_test" time="67.441"/>
  <system-out>
    <![CDATA[<b>Started verifying monthly payment does not change after de-selecting the funder on asset funding tab</b> <br />
<b>Monthly payment Before De-selecting the funder is 613.48</b> <br />
<b>Funder De-selected</b> <br />
<b>Now Getting the Monthly payment from customer contract tab</b> <br />
<b>Monthly payment After De-selecting the funder is 613.48</b> <br />
<b>Verified that monthly payment does not change after Deselecting the funder on asset funding tab</b> <br />]]>
  </system-out>
  <testcase classname="orders.Orders_Verify_used_car_ownbook_business_purchase_funder_With_Customer_Flow_Test" name="T6_verify_default_order_status_vehicle_tab_test" time="10.397"/>
  <system-out>
    <![CDATA[<b>Order -- Default Status - Found OK i.e Order Pending </b> <br />]]>
  </system-out>
  <testcase classname="orders.Orders_Verify_used_car_ownbook_business_purchase_funder_With_Customer_Flow_Test" name="T7_verify_order_status_after_uploading_order_form_in_vehicle_tab_test" time="63.423"/>
  <system-out>
    <![CDATA[<b>File is Uploaded Successfully</b> <br />
<b>Order Status after uploading order form - Found OK i.e Order Confirmed </b> <br />]]>
  </system-out>
  <testcase classname="orders.Orders_Verify_used_car_ownbook_business_purchase_funder_With_Customer_Flow_Test" name="T8_verify_default_payment_status_on_vehicle_tab_test" time="6.878"/>
  <system-out>
    <![CDATA[<b></b> <br />
<b>Clicking on PAYMENTS TO DEALER</b> <br />
<b>Payments to dealer -- Default Status - Found OK i.e Payment Required</b> <br />]]>
  </system-out>
  <testcase classname="orders.Orders_Verify_used_car_ownbook_business_purchase_funder_With_Customer_Flow_Test" name="T9_verify_payment_status_after_selecting_payment_sent_date_on_vehicle_tab_test" time="43.438"/>
  <system-out/>
  <testcase classname="orders.Orders_Verify_used_car_ownbook_business_purchase_funder_With_Customer_Flow_Test" name="T10_verify_payment_status_should_be_reversed_to_payment_required_after_selecting_payment_by_AMT_on_vehicle_tab_test" time="10.981"/>
  <system-out>
    <![CDATA[<b></b> <br />
<b>Click on a payments by dropdown and Select option AMT</b> <br />
<b></b> <br />
<b>Clicking on PAYMENTS TO DEALER</b> <br />
<b>Payments to dealer -- Default Status - Found OK i.e Payment Required</b> <br />]]>
  </system-out>
  <testcase classname="orders.Orders_Verify_used_car_ownbook_business_purchase_funder_With_Customer_Flow_Test" name="T11_verify_payment_status_after_selecting_payment_sent_date_for_amount_due_on_vehicle_tab_test" time="125.897"/>
  <system-out>
    <![CDATA[<b>Payments to Supplier Status after selecting payment sent date - Found OK i.e Payment Sent</b> <br />]]>
  </system-out>
  <testcase classname="orders.Orders_Verify_used_car_ownbook_business_purchase_funder_With_Customer_Flow_Test" name="T12_verify_default_status_acceptance_conditions_for_ownbook_purchase_flow" time="16.371"/>
  <system-out>
    <![CDATA[<b></b> <br />
<b>Opening Customer Contract Tab</b> <br />
<b>Started verifying acceptance conditions default status</b> <br />
<b>Default status for acceptance condition for ownbook - Found OK i.e Not Required</b> <br />]]>
  </system-out>
  <testcase classname="orders.Orders_Verify_used_car_ownbook_business_purchase_funder_With_Customer_Flow_Test" name="T13_verify_summary_section_values" time="98.476"/>
  <system-out>
    <![CDATA[<b>Started Verifying Quote Summary and Configuration Values</b> <br />
<b></b> <br />
<b>HOJ32134 != CWT12978</b> <br />
<b>Quote no. compared but found not ok</b> <br />
<b></b> <br />
<b>MERCEDES-BENZ A CLASS AMG HATCHBACK (2019 - Current) A35 4Matic Premium 5dr Auto = MERCEDES-BENZ A CLASS AMG HATCHBACK (2019 - Current) A35 4Matic Premium 5dr Auto</b> <br />
<b>Vehicle name compared and found ok</b> <br />
<b></b> <br />
<b>Hire Purchase Non-Regulated = Hire Purchase Non-Regulated</b> <br />
<b>Contract type compared and found ok</b> <br />
<b></b> <br />
<b>33.0 = 33.0</b> <br />
<b>Terms compared and found ok</b> <br />
<b></b> <br />
<b>5000.0 = 5000.0</b> <br />
<b>Mileage compared and found ok</b> <br />
<b></b> <br />
<b>53163.4 != 20208.33</b> <br />
<b>Basic Cash Price found wrong</b> <br />
<b></b> <br />
<b>10632.68 != 4041.666</b> <br />
<b>VAT found wrong</b> <br />
<b></b> <br />
<b>0.0 = 0.0</b> <br />
<b>Non VAT Items Value found OK</b> <br />
<b></b> <br />
<b>63796.08 != 24249.996000000003</b> <br />
<b>Total Cash Price found wrong</b> <br />
<b></b> <br />
<b>5000.0 = 5000.0</b> <br />
<b>Order Deposit found OK</b> <br />
<b></b> <br />
<b>4000.0 = 4000.0</b> <br />
<b>Finance Deposit found OK</b> <br />
<b></b> <br />
<b>9000.0 = 9000.0</b> <br />
<b>Total Deposit found OK</b> <br />
<b></b> <br />
<b>54796.08 != 15249.996000000003</b> <br />
<b>Balance to Finance found wrong</b> <br />
<b></b> <br />
<b>-29164.72 != 10381.403666774302</b> <br />
<b>Finance Charges - found wrong</b> <br />
<b></b> <br />
<b>199.99 = 199.99</b> <br />
<b>Document Fee - found OK</b> <br />
<b></b> <br />
<b>25881.35 = 25881.387666774306</b> <br />
<b>Balance Payable - found OK</b> <br />
<b></b> <br />
<b>10.0 = 10.0</b> <br />
<b>Option To Purchase Fee - found OK</b> <br />
<b></b> <br />
<b>9239.99 = 9239.988</b> <br />
<b>Initial Cash Payment - found OK</b> <br />
<b></b> <br />
<b>32.0 = 32.0</b> <br />
<b>Followed By months - found OK</b> <br />
<b></b> <br />
<b>613.48 = 613.4812395866969</b> <br />
<b>Monthly Finance Payment - found OK</b> <br />
<b></b> <br />
<b>6000.0 = 6000.0</b> <br />
<b>Balloon Value - found OK</b> <br />
<b></b> <br />
<b>6010.0 = 6010.0</b> <br />
<b>Final Payment - found OK</b> <br />
<b></b> <br />
<b>-6836.6 != 1833.3300000000027</b> <br />
<b>Vehicle Commission - found wrong</b> <br />
<b></b> <br />
<b>428.09 != 119.14059375</b> <br />
<b>Default Finance Commission - found wrong</b> <br />
<b></b> <br />
<b>99.99 = 99.99000000000001</b> <br />
<b>Document Fee Commission - found OK</b> <br />
<b></b> <br />
<b>-6308.52 != 2712.4605937500028</b> <br />
<b>Total Commission - found wrong</b> <br />
<b></b> <br />
<b></b> <br />
<b>7.0 = 7.0</b> <br />
<b>Base Interest Rate found OK</b> <br />
<b></b> <br />
<b>1947.6 = 1947.6396667743065</b> <br />
<b>Finance Margin found OK</b> <br />
<b></b> <br />
<b>513.71 != 142.9687125</b> <br />
<b>Deductions found wrong</b> <br />
<b></b> <br />
<b>99.99 != 6699.99</b> <br />
<b>Additional Margin found wrong</b> <br />
<b></b> <br />
<b>1533.88 != 8504.660954274306</b> <br />
<b>Total Margin found wrong</b> <br />
<b></b> <br />
<b>0.94 = 0.9375000000000001</b> <br />
<b>Default Broker Margin percentage found OK</b> <br />
<b></b> <br />
<b>12.0 = 12.000000000000002</b> <br />
<b>Customer Interest Rate found OK</b> <br />
<b></b> <br />
<b>99.99 = 99.99000000000001</b> <br />
<b>Document Fee Margin found OK</b> <br />
<b></b> <br />
<b>513.71 != 142.9687125</b> <br />
<b>Default Broker Margin  found wrong</b> <br />
<b></b> <br />
<b>One or More than One values in Quote Summary and Configuration Values on Customer Contract tab may be wrong , please check all above values printed on console</b> <br />
<b></b> <br />]]>
  </system-out>
  <testcase classname="orders.Orders_Verify_used_car_ownbook_business_purchase_funder_With_Customer_Flow_Test" name="T14_verify_payment_default_status" time="4.774"/>
  <system-out>
    <![CDATA[<b></b> <br />
<b>Started Verifying Payments  Statuses</b> <br />
<b>Clicking on PAYMENTS</b> <br />
<b>Payment -- Default Status - Found OK i.e Payment Required</b> <br />]]>
  </system-out>
  <testcase classname="orders.Orders_Verify_used_car_ownbook_business_purchase_funder_With_Customer_Flow_Test" name="T15_make_payment_with_new_payment" time="107.057"/>
  <system-out>
    <![CDATA[<b></b> <br />
<b>Generating Invoices</b> <br />
<b>Invoices Generated</b> <br />
<b>Clicked On New Payment</b> <br />
<b>Selecting Invoices/Deposits</b> <br />
<b>Invoices/Deposits Selected</b> <br />
<b>File is Uploaded Successfully</b> <br />
<b>All Payments Done</b> <br />]]>
  </system-out>
  <testcase classname="orders.Orders_Verify_used_car_ownbook_business_purchase_funder_With_Customer_Flow_Test" name="T16_verify_payment_status_after_making_a_payment_on_customer_contract_tab" time="4.161"/>
  <system-out>
    <![CDATA[<b></b> <br />
<b>Status for Payment after making payment - Found OK i.e Payment Received</b> <br />]]>
  </system-out>
  <testcase classname="orders.Orders_Verify_used_car_ownbook_business_purchase_funder_With_Customer_Flow_Test" name="T17_verify_delivery_status_after_selecting_date_offered_in_delivery_section_of_customer_contract_tab_test" time="49.594"/>
  <system-out>
    <![CDATA[<b>Clicking on DELIVERY</b> <br />
<b>Delivery Status after selecting delivery date offered - Found OK i.e Awaiting Booking</b> <br />]]>
  </system-out>
  <testcase classname="orders.Orders_Verify_used_car_ownbook_business_purchase_funder_With_Customer_Flow_Test" name="T18_verify_delivery_status_after_selecting_confirmed_delivery_date_in_delivery_section_of_customer_contract_test" time="18.440"/>
  <system-out>
    <![CDATA[<b>Delivery Status after selecting confirmed delivery date - Found OK i.e Delivery Booked</b> <br />]]>
  </system-out>
  <testcase classname="orders.Orders_Verify_used_car_ownbook_business_purchase_funder_With_Customer_Flow_Test" name="T19_verify_delivery_status_after_uploading_delivery_note_in_post_delivery_section_on_customer_contract_tab_test" time="69.044"/>
  <system-out>
    <![CDATA[<b>Delivery Status after uploading the delivery note - Found OK i.e Delivered</b> <br />]]>
  </system-out>
  <testcase classname="orders.Orders_Verify_used_car_ownbook_business_purchase_funder_With_Customer_Flow_Test" name="T20_verify_delivery_status_on_customer_contract_tab_and_vehicle_order_tab_are_same_when_deliver_to_customer_toggle_button_in_on_test" time="6.299"/>
  <system-out>
    <![CDATA[<b>Delivery Status are running in parallel for Customer Contract Tab and Vehicle Order Tab , Found OK</b> <br />]]>
  </system-out>
  <testcase classname="orders.Orders_Verify_used_car_ownbook_business_purchase_funder_With_Customer_Flow_Test" name="T21_verify_delivery_section_gets_enabled_when_deliver_to_customer_toggle_button_is_made_off_test" time="9.884"/>
  <system-out>
    <![CDATA[<b></b> <br />
<b>Verifying delivery section gets enabled and delivery status is reversed to default when deliver to customer toggle button is made off</b> <br />
<b>Delivery section is visible when direct to customer toggle button is made off</b> <br />
<b>Delivery Status (after making direct to customer toggle off) gets reversed to default</b> <br />]]>
  </system-out>
  <testcase classname="orders.Orders_Verify_used_car_ownbook_business_purchase_funder_With_Customer_Flow_Test" name="T22_verify_delivery_status_after_selecting_date_offered_in_delivery_section_of_vehicle_order_tab_test" time="49.396"/>
  <system-out>
    <![CDATA[<b>Clicking on DELIVERY</b> <br />
<b>Delivery Status after selecting delivery date offered - Found OK i.e Awaiting Booking</b> <br />]]>
  </system-out>
  <testcase classname="orders.Orders_Verify_used_car_ownbook_business_purchase_funder_With_Customer_Flow_Test" name="T23_verify_delivery_status_after_selecting_confirmed_delivery_date_in_delivery_section_of_vehicle_tab_test" time="18.363"/>
  <system-out>
    <![CDATA[<b>Delivery Status after selecting confirmed delivery date - Found OK i.e Delivery Booked</b> <br />]]>
  </system-out>
  <testcase classname="orders.Orders_Verify_used_car_ownbook_business_purchase_funder_With_Customer_Flow_Test" name="T24_verify_delivery_status_after_uploading_delivery_note_in_post_delivery_section_on_vehicle_order_tab_test" time="43.637"/>
  <system-out>
    <![CDATA[<b>Delivery Status after uploading the delivery note - Found OK i.e Delivered</b> <br />]]>
  </system-out>
  <testcase classname="orders.Orders_Verify_used_car_ownbook_business_purchase_funder_With_Customer_Flow_Test" name="T25_verify_finance_documents_statuses_for_required_flow_test" time="146.406"/>
  <system-out>
    <![CDATA[<b></b> <br />
<b>Sterted Verifying Finance Document Statuses for required flow</b> <br />
<b>Finance Document Status after selecting agreement requested date- Found OK i.e Finance docs Requested</b> <br />
<b>Finance Document Status after selecting agreement received date- Found OK i.e Finance Docs Received</b> <br />
<b>Finance Document Status after uploading signed documents - Found OK i.e Finance Docs Signed</b> <br />
<b>Finance Document Status after selecting uploaded to funder date- Found OK i.e Upload to Funder</b> <br />
<b>Finance Document Status after selecting activation date- Found OK i.e Finance Activated</b> <br />]]>
  </system-out>
  <testcase classname="orders.Orders_Verify_used_car_ownbook_business_purchase_funder_With_Customer_Flow_Test" name="T26_verify_payments_to_funder_statuses_for_required_flow_test" time="118.098"/>
  <system-out>
    <![CDATA[<b></b> <br />
<b>Sterted Verifying Payments to Funder Statuses for required flow</b> <br />
<b>Clicking on PAYMENT</b> <br />
<b>Payment to funder -- Default Status - Found OK i.e Payment Required</b> <br />
<b>Status for Payment after selecting payment requested date- Found OK i.e Payment Requested</b> <br />
<b>Status for Payment after selecting payment sent date- Found OK i.e Payment Sent</b> <br />]]>
  </system-out>
  <testcase classname="orders.Orders_Verify_used_car_ownbook_business_purchase_funder_With_Customer_Flow_Test" name="T27_verify_completed_status_for_required_flow_test" time="68.372"/>
  <system-out>
    <![CDATA[<b></b> <br />
<b>Click on complete funding</b> <br />
<b>Status for Asset Funding after completing funding found OK i.e.Completed</b> <br />]]>
  </system-out>
</testsuite> <!-- orders.Orders_Verify_used_car_ownbook_business_purchase_funder_With_Customer_Flow_Test -->
