<?xml version="1.0" encoding="UTF-8"?>
<!-- Generated by org.testng.reporters.JUnitReportReporter -->
<testsuite hostname="DSK-4052" failures="0" tests="5" name="orders.Orders_Verify_ownbook_business_purchase_funder_With_Customer_Flow_Test" time="184.421" errors="0" timestamp="2023-12-27T18:22:18 IST" skipped="0">
  <testcase classname="orders.Orders_Verify_ownbook_business_purchase_funder_With_Customer_Flow_Test" name="T1_open_order_created_in_acquisition_test" time="87.121"/>
  <system-out>
    <![CDATA[<b></b> <br />
<b>Searching for Order ID HN-38717</b> <br />]]>
  </system-out>
  <testcase classname="orders.Orders_Verify_ownbook_business_purchase_funder_With_Customer_Flow_Test" name="T2_pre_order_pass_check_in_customer_contract_tab_test" time="17.482"/>
  <system-out>
    <![CDATA[<b></b> <br />
<b>Checking pre-order checks</b> <br />]]>
  </system-out>
  <testcase classname="orders.Orders_Verify_ownbook_business_purchase_funder_With_Customer_Flow_Test" name="T3_verify_that_editing_the_basic_cash_price_does_not_affect_the_monthly_payment_on_customer_contract_tab_test" time="28.832"/>
  <system-out>
    <![CDATA[<b>Started verifying monthly payment does not change after editing the basic cash price</b> <br />
<b>Monthly payment Before Editing the Cash Price is 1951.42</b> <br />
<b>Vehicle's Basic Cash Price Changed to 60,000</b> <br />
<b>Now Getting the Monthly payment from customer contract tab</b> <br />
<b>Monthly payment After Editing the Cash Price is 1951.16</b> <br />
<b>Verified that monthly payment does not change after editing the basic cash price</b> <br />]]>
  </system-out>
  <testcase classname="orders.Orders_Verify_ownbook_business_purchase_funder_With_Customer_Flow_Test" name="T4_verify_that_same_funder_with_same_term_and_mileage_can_not_be_added_for_with_customer_flow_test" time="26.573"/>
  <system-out>
    <![CDATA[<b></b> <br />
<b>Writing Holding Cost Summary values to excel has been completed</b> <br />
<b>Actual and Expected Message matches, hence test passed</b> <br />]]>
  </system-out>
  <testcase classname="orders.Orders_Verify_ownbook_business_purchase_funder_With_Customer_Flow_Test" name="T5_verify_that_deselecting_the_selected_funder_does_not_affect_the_monthly_payment_on_customer_contract_tab_test" time="24.413"/>
  <system-out>
    <![CDATA[<b>Started verifying monthly payment does not change after de-selecting the funder on asset funding tab</b> <br />
<b>Monthly payment Before De-selecting the funder is 1951.42</b> <br />
<b>Funder De-selected</b> <br />
<b>Now Getting the Monthly payment from customer contract tab</b> <br />
<b>Monthly payment After De-selecting the funder is 1951.42</b> <br />
<b>Verified that monthly payment does not change after Deselecting the funder on asset funding tab</b> <br />]]>
  </system-out>
</testsuite> <!-- orders.Orders_Verify_ownbook_business_purchase_funder_With_Customer_Flow_Test -->
