<?xml version="1.0" encoding="UTF-8"?>
<!-- Generated by org.testng.reporters.JUnitReportReporter -->
<testsuite hostname="DSK-4052" failures="0" tests="3" name="orders.Orders_Asset_Funding_Verify_Stocking_Plan_is_not_for_non_AMT_location_Test" time="179.315" errors="0" timestamp="2023-09-25T15:00:25 IST" skipped="0">
  <testcase classname="orders.Orders_Asset_Funding_Verify_Stocking_Plan_is_not_for_non_AMT_location_Test" name="open_order_created_in_acquisition_test" time="52.596"/>
  <system-out>
    <![CDATA[<b>Searching for Order ID QZ-75974</b> <br />]]>
  </system-out>
  <testcase classname="orders.Orders_Asset_Funding_Verify_Stocking_Plan_is_not_for_non_AMT_location_Test" name="deliver_vehicle_tab_test" time="125.551"/>
  <system-out>
    <![CDATA[<b>File is Uploaded Successfully</b> <br />
<b>Status updated is Delivered</b> <br />]]>
  </system-out>
  <testcase classname="orders.Orders_Asset_Funding_Verify_Stocking_Plan_is_not_for_non_AMT_location_Test" name="stocking_plan_not_enabled_test" time="1.168"/>
  <system-out/>
</testsuite> <!-- orders.Orders_Asset_Funding_Verify_Stocking_Plan_is_not_for_non_AMT_location_Test -->
